[1.083s] Invoking command in '/home/ryung/Desktop/dubal_ws/src/odrive_controller': PYTHONPATH=/home/ryung/Desktop/dubal_ws/build/odrive_controller/prefix_override:/home/ryung/Desktop/dubal_ws/install/odrive_controller/lib/python3.8/site-packages:${PYTHONPATH} /usr/bin/python3 setup.py egg_info --egg-base ../../build/odrive_controller build --build-base /home/ryung/Desktop/dubal_ws/build/odrive_controller/build install --record /home/ryung/Desktop/dubal_ws/build/odrive_controller/install.log --install-scripts $base/lib/odrive_controller --single-version-externally-managed
[1.196s] running egg_info
[1.196s] writing ../../build/odrive_controller/odrive_controller.egg-info/PKG-INFO
[1.196s] writing dependency_links to ../../build/odrive_controller/odrive_controller.egg-info/dependency_links.txt
[1.196s] writing entry points to ../../build/odrive_controller/odrive_controller.egg-info/entry_points.txt
[1.197s] writing requirements to ../../build/odrive_controller/odrive_controller.egg-info/requires.txt
[1.197s] writing top-level names to ../../build/odrive_controller/odrive_controller.egg-info/top_level.txt
[1.216s] reading manifest file '../../build/odrive_controller/odrive_controller.egg-info/SOURCES.txt'
[1.216s] writing manifest file '../../build/odrive_controller/odrive_controller.egg-info/SOURCES.txt'
[1.216s] running build
[1.217s] running build_py
[1.217s] running install
[1.217s] running install_lib
[1.218s] running install_data
[1.218s] running install_egg_info
[1.219s] removing '/home/ryung/Desktop/dubal_ws/install/odrive_controller/lib/python3.8/site-packages/odrive_controller-0.0.0-py3.8.egg-info' (and everything under it)
[1.219s] Copying ../../build/odrive_controller/odrive_controller.egg-info to /home/ryung/Desktop/dubal_ws/install/odrive_controller/lib/python3.8/site-packages/odrive_controller-0.0.0-py3.8.egg-info
[1.219s] running install_scripts
[1.229s] Installing odrive_controller script to /home/ryung/Desktop/dubal_ws/install/odrive_controller/lib/odrive_controller
[1.229s] writing list of installed files to '/home/ryung/Desktop/dubal_ws/build/odrive_controller/install.log'
[1.242s] Invoked command in '/home/ryung/Desktop/dubal_ws/src/odrive_controller' returned '0': PYTHONPATH=/home/ryung/Desktop/dubal_ws/build/odrive_controller/prefix_override:/home/ryung/Desktop/dubal_ws/install/odrive_controller/lib/python3.8/site-packages:${PYTHONPATH} /usr/bin/python3 setup.py egg_info --egg-base ../../build/odrive_controller build --build-base /home/ryung/Desktop/dubal_ws/build/odrive_controller/build install --record /home/ryung/Desktop/dubal_ws/build/odrive_controller/install.log --install-scripts $base/lib/odrive_controller --single-version-externally-managed
