[3.471s] Invoking command in '/home/ionia/Desktop/dubal_ws/src/odrive_controller': PYTHONPATH=/home/ionia/Desktop/dubal_ws/build/odrive_controller/prefix_override:/usr/lib/python3/dist-packages/colcon_core/task/python/colcon_distutils_commands:/home/ionia/Desktop/dubal_ws/install/odrive_controller/lib/python3.8/site-packages:${PYTHONPATH} /usr/bin/python3 -W ignore:setup.py install is deprecated setup.py egg_info --egg-base ../../build/odrive_controller build --build-base /home/ionia/Desktop/dubal_ws/build/odrive_controller/build install --record /home/ionia/Desktop/dubal_ws/build/odrive_controller/install.log --install-scripts $base/lib/odrive_controller --single-version-externally-managed install_data
[4.035s] running egg_info
[4.037s] writing ../../build/odrive_controller/odrive_controller.egg-info/PKG-INFO
[4.037s] writing dependency_links to ../../build/odrive_controller/odrive_controller.egg-info/dependency_links.txt
[4.037s] writing entry points to ../../build/odrive_controller/odrive_controller.egg-info/entry_points.txt
[4.037s] writing requirements to ../../build/odrive_controller/odrive_controller.egg-info/requires.txt
[4.038s] writing top-level names to ../../build/odrive_controller/odrive_controller.egg-info/top_level.txt
[4.122s] reading manifest file '../../build/odrive_controller/odrive_controller.egg-info/SOURCES.txt'
[4.124s] writing manifest file '../../build/odrive_controller/odrive_controller.egg-info/SOURCES.txt'
[4.125s] running build
[4.125s] running build_py
[4.125s] running install
[4.127s] running install_lib
[4.130s] running install_data
[4.131s] running install_egg_info
[4.134s] removing '/home/ionia/Desktop/dubal_ws/install/odrive_controller/lib/python3.8/site-packages/odrive_controller-0.0.0-py3.8.egg-info' (and everything under it)
[4.135s] Copying ../../build/odrive_controller/odrive_controller.egg-info to /home/ionia/Desktop/dubal_ws/install/odrive_controller/lib/python3.8/site-packages/odrive_controller-0.0.0-py3.8.egg-info
[4.137s] running install_scripts
[4.173s] Installing odrive_controller script to /home/ionia/Desktop/dubal_ws/install/odrive_controller/lib/odrive_controller
[4.174s] Installing odrive_leg_controller script to /home/ionia/Desktop/dubal_ws/install/odrive_controller/lib/odrive_controller
[4.175s] writing list of installed files to '/home/ionia/Desktop/dubal_ws/build/odrive_controller/install.log'
[4.551s] Invoked command in '/home/ionia/Desktop/dubal_ws/src/odrive_controller' returned '0': PYTHONPATH=/home/ionia/Desktop/dubal_ws/build/odrive_controller/prefix_override:/usr/lib/python3/dist-packages/colcon_core/task/python/colcon_distutils_commands:/home/ionia/Desktop/dubal_ws/install/odrive_controller/lib/python3.8/site-packages:${PYTHONPATH} /usr/bin/python3 -W ignore:setup.py install is deprecated setup.py egg_info --egg-base ../../build/odrive_controller build --build-base /home/ionia/Desktop/dubal_ws/build/odrive_controller/build install --record /home/ionia/Desktop/dubal_ws/build/odrive_controller/install.log --install-scripts $base/lib/odrive_controller --single-version-externally-managed install_data
