[0.306s] Invoking command in '/home/ryung/Desktop/dubal_ws/build/controller': CMAKE_PREFIX_PATH=${CMAKE_PREFIX_PATH}:/home/ryung/Desktop/dubal_ws/install/serial_reciver:/home/ryung/Desktop/dubal_ws/install/odrive_controller:/opt/ros/foxy /usr/bin/cmake --build /home/ryung/Desktop/dubal_ws/build/controller -- -j16 -l16
[0.517s] [100%] Built target controller_main
[0.726s] Invoked command in '/home/ryung/Desktop/dubal_ws/build/controller' returned '0': CMAKE_PREFIX_PATH=${CMAKE_PREFIX_PATH}:/home/ryung/Desktop/dubal_ws/install/serial_reciver:/home/ryung/Desktop/dubal_ws/install/odrive_controller:/opt/ros/foxy /usr/bin/cmake --build /home/ryung/Desktop/dubal_ws/build/controller -- -j16 -l16
[0.744s] Invoking command in '/home/ryung/Desktop/dubal_ws/build/controller': CMAKE_PREFIX_PATH=${CMAKE_PREFIX_PATH}:/home/ryung/Desktop/dubal_ws/install/serial_reciver:/home/ryung/Desktop/dubal_ws/install/odrive_controller:/opt/ros/foxy /usr/bin/cmake --install /home/ryung/Desktop/dubal_ws/build/controller
[0.748s] -- Install configuration: ""
[0.748s] -- Up-to-date: /home/ryung/Desktop/dubal_ws/install/controller/lib/controller/controller_main
[0.748s] -- Up-to-date: /home/ryung/Desktop/dubal_ws/install/controller/share/controller/
[0.748s] -- Up-to-date: /home/ryung/Desktop/dubal_ws/install/controller/share/controller//dubal_no_eye.py
[0.749s] -- Up-to-date: /home/ryung/Desktop/dubal_ws/install/controller/share/ament_index/resource_index/package_run_dependencies/controller
[0.749s] -- Up-to-date: /home/ryung/Desktop/dubal_ws/install/controller/share/ament_index/resource_index/parent_prefix_path/controller
[0.749s] -- Up-to-date: /home/ryung/Desktop/dubal_ws/install/controller/share/controller/environment/ament_prefix_path.sh
[0.749s] -- Up-to-date: /home/ryung/Desktop/dubal_ws/install/controller/share/controller/environment/ament_prefix_path.dsv
[0.749s] -- Up-to-date: /home/ryung/Desktop/dubal_ws/install/controller/share/controller/environment/path.sh
[0.749s] -- Up-to-date: /home/ryung/Desktop/dubal_ws/install/controller/share/controller/environment/path.dsv
[0.749s] -- Up-to-date: /home/ryung/Desktop/dubal_ws/install/controller/share/controller/local_setup.bash
[0.749s] -- Up-to-date: /home/ryung/Desktop/dubal_ws/install/controller/share/controller/local_setup.sh
[0.749s] -- Up-to-date: /home/ryung/Desktop/dubal_ws/install/controller/share/controller/local_setup.zsh
[0.749s] -- Up-to-date: /home/ryung/Desktop/dubal_ws/install/controller/share/controller/local_setup.dsv
[0.749s] -- Installing: /home/ryung/Desktop/dubal_ws/install/controller/share/controller/package.dsv
[0.749s] -- Up-to-date: /home/ryung/Desktop/dubal_ws/install/controller/share/ament_index/resource_index/packages/controller
[0.749s] -- Up-to-date: /home/ryung/Desktop/dubal_ws/install/controller/share/controller/cmake/controllerConfig.cmake
[0.749s] -- Up-to-date: /home/ryung/Desktop/dubal_ws/install/controller/share/controller/cmake/controllerConfig-version.cmake
[0.750s] -- Up-to-date: /home/ryung/Desktop/dubal_ws/install/controller/share/controller/package.xml
[0.750s] Invoked command in '/home/ryung/Desktop/dubal_ws/build/controller' returned '0': CMAKE_PREFIX_PATH=${CMAKE_PREFIX_PATH}:/home/ryung/Desktop/dubal_ws/install/serial_reciver:/home/ryung/Desktop/dubal_ws/install/odrive_controller:/opt/ros/foxy /usr/bin/cmake --install /home/ryung/Desktop/dubal_ws/build/controller
