[0.272s] DEBUG:colcon:Command line arguments: ['/usr/bin/colcon', 'build']
[0.272s] DEBUG:colcon:Parsed command line arguments: Namespace(allow_overriding=[], ament_cmake_args=None, base_paths=['.'], build_base='build', catkin_cmake_args=None, catkin_skip_building_tests=False, cmake_args=None, cmake_clean_cache=False, cmake_clean_first=False, cmake_force_configure=False, cmake_target=None, cmake_target_skip_unavailable=False, continue_on_error=False, event_handlers=None, executor='parallel', ignore_user_meta=False, install_base='install', log_base=None, log_level=None, main=<bound method BuildVerb.main of <colcon_core.verb.build.BuildVerb object at 0x7f8fdf5be6a0>>, merge_install=False, metas=['./colcon.meta'], mixin=None, mixin_files=None, mixin_verb=('build',), packages_above=None, packages_above_and_dependencies=None, packages_above_depth=None, packages_end=None, packages_ignore=None, packages_ignore_regex=None, packages_select=None, packages_select_build_failed=False, packages_select_by_dep=None, packages_select_regex=None, packages_select_test_failures=False, packages_skip=None, packages_skip_build_finished=False, packages_skip_by_dep=None, packages_skip_regex=None, packages_skip_test_passed=False, packages_skip_up_to=None, packages_start=None, packages_up_to=None, packages_up_to_regex=None, parallel_workers=4, paths=None, symlink_install=False, test_result_base=None, verb_extension=<colcon_core.verb.build.BuildVerb object at 0x7f8fdf5be6a0>, verb_name='build', verb_parser=<colcon_mixin.mixin.mixin_argument.MixinArgumentDecorator object at 0x7f8fdf487550>)
[0.465s] Level 1:colcon.colcon_core.package_discovery:discover_packages(colcon_meta) check parameters
[0.466s] Level 1:colcon.colcon_core.package_discovery:discover_packages(recursive) check parameters
[0.466s] Level 1:colcon.colcon_core.package_discovery:discover_packages(ignore) check parameters
[0.466s] Level 1:colcon.colcon_core.package_discovery:discover_packages(path) check parameters
[0.466s] Level 1:colcon.colcon_core.package_discovery:discover_packages(colcon_meta) discover
[0.466s] Level 1:colcon.colcon_core.package_discovery:discover_packages(recursive) discover
[0.466s] INFO:colcon.colcon_core.package_discovery:Crawling recursively for packages in '/home/ionia/Desktop/dubal_ws'
[0.466s] Level 1:colcon.colcon_core.package_identification:_identify(.) by extensions ['ignore', 'ignore_ament_install']
[0.466s] Level 1:colcon.colcon_core.package_identification:_identify(.) by extension 'ignore'
[0.466s] Level 1:colcon.colcon_core.package_identification:_identify(.) by extension 'ignore_ament_install'
[0.466s] Level 1:colcon.colcon_core.package_identification:_identify(.) by extensions ['colcon_pkg']
[0.466s] Level 1:colcon.colcon_core.package_identification:_identify(.) by extension 'colcon_pkg'
[0.466s] Level 1:colcon.colcon_core.package_identification:_identify(.) by extensions ['colcon_meta']
[0.466s] Level 1:colcon.colcon_core.package_identification:_identify(.) by extension 'colcon_meta'
[0.466s] Level 1:colcon.colcon_core.package_identification:_identify(.) by extensions ['ros']
[0.466s] Level 1:colcon.colcon_core.package_identification:_identify(.) by extension 'ros'
[0.480s] Level 1:colcon.colcon_core.package_identification:_identify(.) by extensions ['cmake', 'python']
[0.480s] Level 1:colcon.colcon_core.package_identification:_identify(.) by extension 'cmake'
[0.480s] Level 1:colcon.colcon_core.package_identification:_identify(.) by extension 'python'
[0.480s] Level 1:colcon.colcon_core.package_identification:_identify(.) by extensions ['python_setup_py']
[0.480s] Level 1:colcon.colcon_core.package_identification:_identify(.) by extension 'python_setup_py'
[0.480s] Level 1:colcon.colcon_core.package_identification:_identify(build) by extensions ['ignore', 'ignore_ament_install']
[0.481s] Level 1:colcon.colcon_core.package_identification:_identify(build) by extension 'ignore'
[0.481s] Level 1:colcon.colcon_core.package_identification:_identify(build) ignored
[0.481s] Level 1:colcon.colcon_core.package_identification:_identify(install) by extensions ['ignore', 'ignore_ament_install']
[0.481s] Level 1:colcon.colcon_core.package_identification:_identify(install) by extension 'ignore'
[0.481s] Level 1:colcon.colcon_core.package_identification:_identify(install) ignored
[0.482s] Level 1:colcon.colcon_core.package_identification:_identify(log) by extensions ['ignore', 'ignore_ament_install']
[0.482s] Level 1:colcon.colcon_core.package_identification:_identify(log) by extension 'ignore'
[0.482s] Level 1:colcon.colcon_core.package_identification:_identify(log) ignored
[0.482s] Level 1:colcon.colcon_core.package_identification:_identify(src) by extensions ['ignore', 'ignore_ament_install']
[0.482s] Level 1:colcon.colcon_core.package_identification:_identify(src) by extension 'ignore'
[0.482s] Level 1:colcon.colcon_core.package_identification:_identify(src) by extension 'ignore_ament_install'
[0.482s] Level 1:colcon.colcon_core.package_identification:_identify(src) by extensions ['colcon_pkg']
[0.482s] Level 1:colcon.colcon_core.package_identification:_identify(src) by extension 'colcon_pkg'
[0.482s] Level 1:colcon.colcon_core.package_identification:_identify(src) by extensions ['colcon_meta']
[0.482s] Level 1:colcon.colcon_core.package_identification:_identify(src) by extension 'colcon_meta'
[0.482s] Level 1:colcon.colcon_core.package_identification:_identify(src) by extensions ['ros']
[0.482s] Level 1:colcon.colcon_core.package_identification:_identify(src) by extension 'ros'
[0.482s] Level 1:colcon.colcon_core.package_identification:_identify(src) by extensions ['cmake', 'python']
[0.482s] Level 1:colcon.colcon_core.package_identification:_identify(src) by extension 'cmake'
[0.482s] Level 1:colcon.colcon_core.package_identification:_identify(src) by extension 'python'
[0.482s] Level 1:colcon.colcon_core.package_identification:_identify(src) by extensions ['python_setup_py']
[0.482s] Level 1:colcon.colcon_core.package_identification:_identify(src) by extension 'python_setup_py'
[0.483s] Level 1:colcon.colcon_core.package_identification:_identify(src/controller) by extensions ['ignore', 'ignore_ament_install']
[0.483s] Level 1:colcon.colcon_core.package_identification:_identify(src/controller) by extension 'ignore'
[0.483s] Level 1:colcon.colcon_core.package_identification:_identify(src/controller) by extension 'ignore_ament_install'
[0.483s] Level 1:colcon.colcon_core.package_identification:_identify(src/controller) by extensions ['colcon_pkg']
[0.483s] Level 1:colcon.colcon_core.package_identification:_identify(src/controller) by extension 'colcon_pkg'
[0.483s] Level 1:colcon.colcon_core.package_identification:_identify(src/controller) by extensions ['colcon_meta']
[0.483s] Level 1:colcon.colcon_core.package_identification:_identify(src/controller) by extension 'colcon_meta'
[0.483s] Level 1:colcon.colcon_core.package_identification:_identify(src/controller) by extensions ['ros']
[0.483s] Level 1:colcon.colcon_core.package_identification:_identify(src/controller) by extension 'ros'
[0.487s] DEBUG:colcon.colcon_core.package_identification:Package 'src/controller' with type 'ros.ament_cmake' and name 'controller'
[0.487s] Level 1:colcon.colcon_core.package_identification:_identify(src/odrive_controller) by extensions ['ignore', 'ignore_ament_install']
[0.487s] Level 1:colcon.colcon_core.package_identification:_identify(src/odrive_controller) by extension 'ignore'
[0.487s] Level 1:colcon.colcon_core.package_identification:_identify(src/odrive_controller) by extension 'ignore_ament_install'
[0.487s] Level 1:colcon.colcon_core.package_identification:_identify(src/odrive_controller) by extensions ['colcon_pkg']
[0.487s] Level 1:colcon.colcon_core.package_identification:_identify(src/odrive_controller) by extension 'colcon_pkg'
[0.487s] Level 1:colcon.colcon_core.package_identification:_identify(src/odrive_controller) by extensions ['colcon_meta']
[0.487s] Level 1:colcon.colcon_core.package_identification:_identify(src/odrive_controller) by extension 'colcon_meta'
[0.487s] Level 1:colcon.colcon_core.package_identification:_identify(src/odrive_controller) by extensions ['ros']
[0.487s] Level 1:colcon.colcon_core.package_identification:_identify(src/odrive_controller) by extension 'ros'
[0.488s] DEBUG:colcon.colcon_core.package_identification:Package 'src/odrive_controller' with type 'ros.ament_python' and name 'odrive_controller'
[0.488s] Level 1:colcon.colcon_core.package_identification:_identify(src/serial_reciver) by extensions ['ignore', 'ignore_ament_install']
[0.488s] Level 1:colcon.colcon_core.package_identification:_identify(src/serial_reciver) by extension 'ignore'
[0.488s] Level 1:colcon.colcon_core.package_identification:_identify(src/serial_reciver) by extension 'ignore_ament_install'
[0.489s] Level 1:colcon.colcon_core.package_identification:_identify(src/serial_reciver) by extensions ['colcon_pkg']
[0.489s] Level 1:colcon.colcon_core.package_identification:_identify(src/serial_reciver) by extension 'colcon_pkg'
[0.489s] Level 1:colcon.colcon_core.package_identification:_identify(src/serial_reciver) by extensions ['colcon_meta']
[0.489s] Level 1:colcon.colcon_core.package_identification:_identify(src/serial_reciver) by extension 'colcon_meta'
[0.489s] Level 1:colcon.colcon_core.package_identification:_identify(src/serial_reciver) by extensions ['ros']
[0.489s] Level 1:colcon.colcon_core.package_identification:_identify(src/serial_reciver) by extension 'ros'
[0.489s] DEBUG:colcon.colcon_core.package_identification:Package 'src/serial_reciver' with type 'ros.ament_python' and name 'serial_reciver'
[0.489s] Level 1:colcon.colcon_core.package_discovery:discover_packages(recursive) using defaults
[0.489s] Level 1:colcon.colcon_core.package_discovery:discover_packages(ignore) discover
[0.490s] Level 1:colcon.colcon_core.package_discovery:discover_packages(ignore) using defaults
[0.490s] Level 1:colcon.colcon_core.package_discovery:discover_packages(path) discover
[0.490s] Level 1:colcon.colcon_core.package_discovery:discover_packages(path) using defaults
[0.510s] Level 1:colcon.colcon_core.package_discovery:discover_packages(prefix_path) check parameters
[0.510s] Level 1:colcon.colcon_core.package_discovery:discover_packages(prefix_path) discover
[0.513s] DEBUG:colcon.colcon_installed_package_information.package_discovery:Found 5 installed packages in /home/ionia/Desktop/dubal_ws/install
[0.515s] DEBUG:colcon.colcon_installed_package_information.package_discovery:Found 256 installed packages in /opt/ros/foxy
[0.516s] Level 1:colcon.colcon_core.package_discovery:discover_packages(prefix_path) using defaults
[0.614s] Level 5:colcon.colcon_core.verb:set package 'controller' build argument 'cmake_args' from command line to 'None'
[0.614s] Level 5:colcon.colcon_core.verb:set package 'controller' build argument 'cmake_target' from command line to 'None'
[0.614s] Level 5:colcon.colcon_core.verb:set package 'controller' build argument 'cmake_target_skip_unavailable' from command line to 'False'
[0.614s] Level 5:colcon.colcon_core.verb:set package 'controller' build argument 'cmake_clean_cache' from command line to 'False'
[0.614s] Level 5:colcon.colcon_core.verb:set package 'controller' build argument 'cmake_clean_first' from command line to 'False'
[0.614s] Level 5:colcon.colcon_core.verb:set package 'controller' build argument 'cmake_force_configure' from command line to 'False'
[0.614s] Level 5:colcon.colcon_core.verb:set package 'controller' build argument 'ament_cmake_args' from command line to 'None'
[0.614s] Level 5:colcon.colcon_core.verb:set package 'controller' build argument 'catkin_cmake_args' from command line to 'None'
[0.614s] Level 5:colcon.colcon_core.verb:set package 'controller' build argument 'catkin_skip_building_tests' from command line to 'False'
[0.614s] DEBUG:colcon.colcon_core.verb:Building package 'controller' with the following arguments: {'ament_cmake_args': None, 'build_base': '/home/ionia/Desktop/dubal_ws/build/controller', 'catkin_cmake_args': None, 'catkin_skip_building_tests': False, 'cmake_args': None, 'cmake_clean_cache': False, 'cmake_clean_first': False, 'cmake_force_configure': False, 'cmake_target': None, 'cmake_target_skip_unavailable': False, 'install_base': '/home/ionia/Desktop/dubal_ws/install/controller', 'merge_install': False, 'path': '/home/ionia/Desktop/dubal_ws/src/controller', 'symlink_install': False, 'test_result_base': None}
[0.614s] Level 5:colcon.colcon_core.verb:set package 'odrive_controller' build argument 'cmake_args' from command line to 'None'
[0.614s] Level 5:colcon.colcon_core.verb:set package 'odrive_controller' build argument 'cmake_target' from command line to 'None'
[0.614s] Level 5:colcon.colcon_core.verb:set package 'odrive_controller' build argument 'cmake_target_skip_unavailable' from command line to 'False'
[0.614s] Level 5:colcon.colcon_core.verb:set package 'odrive_controller' build argument 'cmake_clean_cache' from command line to 'False'
[0.614s] Level 5:colcon.colcon_core.verb:set package 'odrive_controller' build argument 'cmake_clean_first' from command line to 'False'
[0.614s] Level 5:colcon.colcon_core.verb:set package 'odrive_controller' build argument 'cmake_force_configure' from command line to 'False'
[0.614s] Level 5:colcon.colcon_core.verb:set package 'odrive_controller' build argument 'ament_cmake_args' from command line to 'None'
[0.615s] Level 5:colcon.colcon_core.verb:set package 'odrive_controller' build argument 'catkin_cmake_args' from command line to 'None'
[0.615s] Level 5:colcon.colcon_core.verb:set package 'odrive_controller' build argument 'catkin_skip_building_tests' from command line to 'False'
[0.615s] DEBUG:colcon.colcon_core.verb:Building package 'odrive_controller' with the following arguments: {'ament_cmake_args': None, 'build_base': '/home/ionia/Desktop/dubal_ws/build/odrive_controller', 'catkin_cmake_args': None, 'catkin_skip_building_tests': False, 'cmake_args': None, 'cmake_clean_cache': False, 'cmake_clean_first': False, 'cmake_force_configure': False, 'cmake_target': None, 'cmake_target_skip_unavailable': False, 'install_base': '/home/ionia/Desktop/dubal_ws/install/odrive_controller', 'merge_install': False, 'path': '/home/ionia/Desktop/dubal_ws/src/odrive_controller', 'symlink_install': False, 'test_result_base': None}
[0.615s] Level 5:colcon.colcon_core.verb:set package 'serial_reciver' build argument 'cmake_args' from command line to 'None'
[0.615s] Level 5:colcon.colcon_core.verb:set package 'serial_reciver' build argument 'cmake_target' from command line to 'None'
[0.615s] Level 5:colcon.colcon_core.verb:set package 'serial_reciver' build argument 'cmake_target_skip_unavailable' from command line to 'False'
[0.615s] Level 5:colcon.colcon_core.verb:set package 'serial_reciver' build argument 'cmake_clean_cache' from command line to 'False'
[0.615s] Level 5:colcon.colcon_core.verb:set package 'serial_reciver' build argument 'cmake_clean_first' from command line to 'False'
[0.615s] Level 5:colcon.colcon_core.verb:set package 'serial_reciver' build argument 'cmake_force_configure' from command line to 'False'
[0.615s] Level 5:colcon.colcon_core.verb:set package 'serial_reciver' build argument 'ament_cmake_args' from command line to 'None'
[0.615s] Level 5:colcon.colcon_core.verb:set package 'serial_reciver' build argument 'catkin_cmake_args' from command line to 'None'
[0.615s] Level 5:colcon.colcon_core.verb:set package 'serial_reciver' build argument 'catkin_skip_building_tests' from command line to 'False'
[0.615s] DEBUG:colcon.colcon_core.verb:Building package 'serial_reciver' with the following arguments: {'ament_cmake_args': None, 'build_base': '/home/ionia/Desktop/dubal_ws/build/serial_reciver', 'catkin_cmake_args': None, 'catkin_skip_building_tests': False, 'cmake_args': None, 'cmake_clean_cache': False, 'cmake_clean_first': False, 'cmake_force_configure': False, 'cmake_target': None, 'cmake_target_skip_unavailable': False, 'install_base': '/home/ionia/Desktop/dubal_ws/install/serial_reciver', 'merge_install': False, 'path': '/home/ionia/Desktop/dubal_ws/src/serial_reciver', 'symlink_install': False, 'test_result_base': None}
[0.615s] INFO:colcon.colcon_core.executor:Executing jobs using 'parallel' executor
[0.617s] DEBUG:colcon.colcon_parallel_executor.executor.parallel:run_until_complete
[0.617s] INFO:colcon.colcon_ros.task.ament_cmake.build:Building ROS package in '/home/ionia/Desktop/dubal_ws/src/controller' with build type 'ament_cmake'
[0.617s] INFO:colcon.colcon_cmake.task.cmake.build:Building CMake package in '/home/ionia/Desktop/dubal_ws/src/controller'
[0.621s] INFO:colcon.colcon_core.plugin_system:Skipping extension 'colcon_core.shell.bat': Not used on non-Windows systems
[0.622s] INFO:colcon.colcon_core.shell:Skip shell extension 'powershell' for command environment: Not usable outside of PowerShell
[0.622s] DEBUG:colcon.colcon_core.shell:Skip shell extension 'dsv' for command environment
[0.631s] INFO:colcon.colcon_ros.task.ament_python.build:Building ROS package in '/home/ionia/Desktop/dubal_ws/src/odrive_controller' with build type 'ament_python'
[0.631s] Level 1:colcon.colcon_core.shell:create_environment_hook('odrive_controller', 'ament_prefix_path')
[0.632s] INFO:colcon.colcon_core.shell:Creating environment hook '/home/ionia/Desktop/dubal_ws/install/odrive_controller/share/odrive_controller/hook/ament_prefix_path.ps1'
[0.633s] INFO:colcon.colcon_core.shell:Creating environment descriptor '/home/ionia/Desktop/dubal_ws/install/odrive_controller/share/odrive_controller/hook/ament_prefix_path.dsv'
[0.634s] INFO:colcon.colcon_core.shell:Creating environment hook '/home/ionia/Desktop/dubal_ws/install/odrive_controller/share/odrive_controller/hook/ament_prefix_path.sh'
[0.635s] INFO:colcon.colcon_core.shell:Skip shell extension 'powershell' for command environment: Not usable outside of PowerShell
[0.635s] DEBUG:colcon.colcon_core.shell:Skip shell extension 'dsv' for command environment
[0.643s] INFO:colcon.colcon_ros.task.ament_python.build:Building ROS package in '/home/ionia/Desktop/dubal_ws/src/serial_reciver' with build type 'ament_python'
[0.644s] Level 1:colcon.colcon_core.shell:create_environment_hook('serial_reciver', 'ament_prefix_path')
[0.645s] INFO:colcon.colcon_core.shell:Creating environment hook '/home/ionia/Desktop/dubal_ws/install/serial_reciver/share/serial_reciver/hook/ament_prefix_path.ps1'
[0.646s] INFO:colcon.colcon_core.shell:Creating environment descriptor '/home/ionia/Desktop/dubal_ws/install/serial_reciver/share/serial_reciver/hook/ament_prefix_path.dsv'
[0.646s] INFO:colcon.colcon_core.shell:Creating environment hook '/home/ionia/Desktop/dubal_ws/install/serial_reciver/share/serial_reciver/hook/ament_prefix_path.sh'
[0.648s] INFO:colcon.colcon_core.shell:Skip shell extension 'powershell' for command environment: Not usable outside of PowerShell
[0.648s] DEBUG:colcon.colcon_core.shell:Skip shell extension 'dsv' for command environment
[0.664s] DEBUG:colcon.colcon_core.event_handler.log_command:Invoking command in '/home/ionia/Desktop/dubal_ws/build/controller': CMAKE_PREFIX_PATH=${CMAKE_PREFIX_PATH}:/home/ionia/Desktop/dubal_ws/install/serial_reciver:/home/ionia/Desktop/dubal_ws/install/odrive_controller:/home/ionia/Desktop/dubal_ws/install/localizer:/home/ionia/Desktop/dubal_ws/install/dubal_eye_AND_web:/opt/ros/foxy /usr/bin/cmake --build /home/ionia/Desktop/dubal_ws/build/controller -- -j4 -l4
[1.034s] INFO:colcon.colcon_core.task.python.build:Building Python package in '/home/ionia/Desktop/dubal_ws/src/odrive_controller'
[1.035s] INFO:colcon.colcon_core.shell:Skip shell extension 'powershell' for command environment: Not usable outside of PowerShell
[1.035s] DEBUG:colcon.colcon_core.shell:Skip shell extension 'dsv' for command environment
[1.411s] INFO:colcon.colcon_core.task.python.build:Building Python package in '/home/ionia/Desktop/dubal_ws/src/serial_reciver'
[1.412s] INFO:colcon.colcon_core.shell:Skip shell extension 'powershell' for command environment: Not usable outside of PowerShell
[1.412s] DEBUG:colcon.colcon_core.shell:Skip shell extension 'dsv' for command environment
[2.219s] DEBUG:colcon.colcon_core.event_handler.log_command:Invoking command in '/home/ionia/Desktop/dubal_ws/src/odrive_controller': PYTHONPATH=/home/ionia/Desktop/dubal_ws/build/odrive_controller/prefix_override:/usr/lib/python3/dist-packages/colcon_core/task/python/colcon_distutils_commands:/home/ionia/Desktop/dubal_ws/install/odrive_controller/lib/python3.8/site-packages:${PYTHONPATH} /usr/bin/python3 -W ignore:setup.py install is deprecated setup.py egg_info --egg-base ../../build/odrive_controller build --build-base /home/ionia/Desktop/dubal_ws/build/odrive_controller/build install --record /home/ionia/Desktop/dubal_ws/build/odrive_controller/install.log --install-scripts $base/lib/odrive_controller --single-version-externally-managed install_data
[2.245s] DEBUG:colcon.colcon_core.event_handler.log_command:Invoking command in '/home/ionia/Desktop/dubal_ws/src/serial_reciver': PYTHONPATH=/home/ionia/Desktop/dubal_ws/build/serial_reciver/prefix_override:/usr/lib/python3/dist-packages/colcon_core/task/python/colcon_distutils_commands:/home/ionia/Desktop/dubal_ws/install/serial_reciver/lib/python3.8/site-packages:${PYTHONPATH} /usr/bin/python3 -W ignore:setup.py install is deprecated setup.py egg_info --egg-base ../../build/serial_reciver build --build-base /home/ionia/Desktop/dubal_ws/build/serial_reciver/build install --record /home/ionia/Desktop/dubal_ws/build/serial_reciver/install.log --install-scripts $base/lib/serial_reciver --single-version-externally-managed install_data
[2.796s] DEBUG:colcon.colcon_core.event_handler.log_command:Invoked command in '/home/ionia/Desktop/dubal_ws/src/serial_reciver' returned '0': PYTHONPATH=/home/ionia/Desktop/dubal_ws/build/serial_reciver/prefix_override:/usr/lib/python3/dist-packages/colcon_core/task/python/colcon_distutils_commands:/home/ionia/Desktop/dubal_ws/install/serial_reciver/lib/python3.8/site-packages:${PYTHONPATH} /usr/bin/python3 -W ignore:setup.py install is deprecated setup.py egg_info --egg-base ../../build/serial_reciver build --build-base /home/ionia/Desktop/dubal_ws/build/serial_reciver/build install --record /home/ionia/Desktop/dubal_ws/build/serial_reciver/install.log --install-scripts $base/lib/serial_reciver --single-version-externally-managed install_data
[2.801s] Level 1:colcon.colcon_core.environment:checking '/home/ionia/Desktop/dubal_ws/install/serial_reciver' for CMake module files
[2.802s] Level 1:colcon.colcon_core.environment:checking '/home/ionia/Desktop/dubal_ws/install/serial_reciver' for CMake config files
[2.803s] Level 1:colcon.colcon_core.environment:checking '/home/ionia/Desktop/dubal_ws/install/serial_reciver/lib'
[2.804s] Level 1:colcon.colcon_core.environment:checking '/home/ionia/Desktop/dubal_ws/install/serial_reciver/bin'
[2.804s] Level 1:colcon.colcon_core.environment:checking '/home/ionia/Desktop/dubal_ws/install/serial_reciver/lib/pkgconfig/serial_reciver.pc'
[2.805s] Level 1:colcon.colcon_core.environment:checking '/home/ionia/Desktop/dubal_ws/install/serial_reciver/lib/python3.8/site-packages'
[2.805s] Level 1:colcon.colcon_core.shell:create_environment_hook('serial_reciver', 'pythonpath')
[2.805s] INFO:colcon.colcon_core.shell:Creating environment hook '/home/ionia/Desktop/dubal_ws/install/serial_reciver/share/serial_reciver/hook/pythonpath.ps1'
[2.806s] INFO:colcon.colcon_core.shell:Creating environment descriptor '/home/ionia/Desktop/dubal_ws/install/serial_reciver/share/serial_reciver/hook/pythonpath.dsv'
[2.807s] INFO:colcon.colcon_core.shell:Creating environment hook '/home/ionia/Desktop/dubal_ws/install/serial_reciver/share/serial_reciver/hook/pythonpath.sh'
[2.808s] Level 1:colcon.colcon_core.environment:checking '/home/ionia/Desktop/dubal_ws/install/serial_reciver/bin'
[2.808s] Level 1:colcon.colcon_core.environment:create_environment_scripts_only(serial_reciver)
[2.809s] INFO:colcon.colcon_core.shell:Creating package script '/home/ionia/Desktop/dubal_ws/install/serial_reciver/share/serial_reciver/package.ps1'
[2.811s] INFO:colcon.colcon_core.shell:Creating package descriptor '/home/ionia/Desktop/dubal_ws/install/serial_reciver/share/serial_reciver/package.dsv'
[2.812s] INFO:colcon.colcon_core.shell:Creating package script '/home/ionia/Desktop/dubal_ws/install/serial_reciver/share/serial_reciver/package.sh'
[2.814s] INFO:colcon.colcon_core.shell:Creating package script '/home/ionia/Desktop/dubal_ws/install/serial_reciver/share/serial_reciver/package.bash'
[2.815s] INFO:colcon.colcon_core.shell:Creating package script '/home/ionia/Desktop/dubal_ws/install/serial_reciver/share/serial_reciver/package.zsh'
[2.817s] Level 1:colcon.colcon_core.environment:create_file_with_runtime_dependencies(/home/ionia/Desktop/dubal_ws/install/serial_reciver/share/colcon-core/packages/serial_reciver)
[2.902s] Level 1:colcon.colcon_core.environment:checking '/home/ionia/Desktop/dubal_ws/install/odrive_controller' for CMake module files
[2.903s] DEBUG:colcon.colcon_core.event_handler.log_command:Invoked command in '/home/ionia/Desktop/dubal_ws/src/odrive_controller' returned '0': PYTHONPATH=/home/ionia/Desktop/dubal_ws/build/odrive_controller/prefix_override:/usr/lib/python3/dist-packages/colcon_core/task/python/colcon_distutils_commands:/home/ionia/Desktop/dubal_ws/install/odrive_controller/lib/python3.8/site-packages:${PYTHONPATH} /usr/bin/python3 -W ignore:setup.py install is deprecated setup.py egg_info --egg-base ../../build/odrive_controller build --build-base /home/ionia/Desktop/dubal_ws/build/odrive_controller/build install --record /home/ionia/Desktop/dubal_ws/build/odrive_controller/install.log --install-scripts $base/lib/odrive_controller --single-version-externally-managed install_data
[2.903s] Level 1:colcon.colcon_core.environment:checking '/home/ionia/Desktop/dubal_ws/install/odrive_controller' for CMake config files
[2.904s] Level 1:colcon.colcon_core.environment:checking '/home/ionia/Desktop/dubal_ws/install/odrive_controller/lib'
[2.904s] Level 1:colcon.colcon_core.environment:checking '/home/ionia/Desktop/dubal_ws/install/odrive_controller/bin'
[2.904s] Level 1:colcon.colcon_core.environment:checking '/home/ionia/Desktop/dubal_ws/install/odrive_controller/lib/pkgconfig/odrive_controller.pc'
[2.905s] Level 1:colcon.colcon_core.environment:checking '/home/ionia/Desktop/dubal_ws/install/odrive_controller/lib/python3.8/site-packages'
[2.905s] Level 1:colcon.colcon_core.shell:create_environment_hook('odrive_controller', 'pythonpath')
[2.905s] INFO:colcon.colcon_core.shell:Creating environment hook '/home/ionia/Desktop/dubal_ws/install/odrive_controller/share/odrive_controller/hook/pythonpath.ps1'
[2.906s] INFO:colcon.colcon_core.shell:Creating environment descriptor '/home/ionia/Desktop/dubal_ws/install/odrive_controller/share/odrive_controller/hook/pythonpath.dsv'
[2.906s] INFO:colcon.colcon_core.shell:Creating environment hook '/home/ionia/Desktop/dubal_ws/install/odrive_controller/share/odrive_controller/hook/pythonpath.sh'
[2.907s] Level 1:colcon.colcon_core.environment:checking '/home/ionia/Desktop/dubal_ws/install/odrive_controller/bin'
[2.907s] Level 1:colcon.colcon_core.environment:create_environment_scripts_only(odrive_controller)
[2.907s] INFO:colcon.colcon_core.shell:Creating package script '/home/ionia/Desktop/dubal_ws/install/odrive_controller/share/odrive_controller/package.ps1'
[2.908s] INFO:colcon.colcon_core.shell:Creating package descriptor '/home/ionia/Desktop/dubal_ws/install/odrive_controller/share/odrive_controller/package.dsv'
[2.909s] INFO:colcon.colcon_core.shell:Creating package script '/home/ionia/Desktop/dubal_ws/install/odrive_controller/share/odrive_controller/package.sh'
[2.909s] INFO:colcon.colcon_core.shell:Creating package script '/home/ionia/Desktop/dubal_ws/install/odrive_controller/share/odrive_controller/package.bash'
[2.910s] INFO:colcon.colcon_core.shell:Creating package script '/home/ionia/Desktop/dubal_ws/install/odrive_controller/share/odrive_controller/package.zsh'
[2.910s] Level 1:colcon.colcon_core.environment:create_file_with_runtime_dependencies(/home/ionia/Desktop/dubal_ws/install/odrive_controller/share/colcon-core/packages/odrive_controller)
[7.963s] DEBUG:colcon.colcon_core.event_handler.log_command:Invoked command in '/home/ionia/Desktop/dubal_ws/build/controller' returned '0': CMAKE_PREFIX_PATH=${CMAKE_PREFIX_PATH}:/home/ionia/Desktop/dubal_ws/install/serial_reciver:/home/ionia/Desktop/dubal_ws/install/odrive_controller:/home/ionia/Desktop/dubal_ws/install/localizer:/home/ionia/Desktop/dubal_ws/install/dubal_eye_AND_web:/opt/ros/foxy /usr/bin/cmake --build /home/ionia/Desktop/dubal_ws/build/controller -- -j4 -l4
[8.012s] DEBUG:colcon.colcon_core.event_handler.log_command:Invoking command in '/home/ionia/Desktop/dubal_ws/build/controller': CMAKE_PREFIX_PATH=${CMAKE_PREFIX_PATH}:/home/ionia/Desktop/dubal_ws/install/serial_reciver:/home/ionia/Desktop/dubal_ws/install/odrive_controller:/home/ionia/Desktop/dubal_ws/install/localizer:/home/ionia/Desktop/dubal_ws/install/dubal_eye_AND_web:/opt/ros/foxy /usr/bin/cmake --install /home/ionia/Desktop/dubal_ws/build/controller
[8.030s] Level 1:colcon.colcon_core.environment:create_environment_scripts_only(controller)
[8.031s] Level 1:colcon.colcon_core.environment:checking '/home/ionia/Desktop/dubal_ws/install/controller' for CMake module files
[8.032s] DEBUG:colcon.colcon_core.event_handler.log_command:Invoked command in '/home/ionia/Desktop/dubal_ws/build/controller' returned '0': CMAKE_PREFIX_PATH=${CMAKE_PREFIX_PATH}:/home/ionia/Desktop/dubal_ws/install/serial_reciver:/home/ionia/Desktop/dubal_ws/install/odrive_controller:/home/ionia/Desktop/dubal_ws/install/localizer:/home/ionia/Desktop/dubal_ws/install/dubal_eye_AND_web:/opt/ros/foxy /usr/bin/cmake --install /home/ionia/Desktop/dubal_ws/build/controller
[8.033s] Level 1:colcon.colcon_core.environment:checking '/home/ionia/Desktop/dubal_ws/install/controller' for CMake config files
[8.033s] Level 1:colcon.colcon_core.shell:create_environment_hook('controller', 'cmake_prefix_path')
[8.034s] INFO:colcon.colcon_core.shell:Creating environment hook '/home/ionia/Desktop/dubal_ws/install/controller/share/controller/hook/cmake_prefix_path.ps1'
[8.034s] INFO:colcon.colcon_core.shell:Creating environment descriptor '/home/ionia/Desktop/dubal_ws/install/controller/share/controller/hook/cmake_prefix_path.dsv'
[8.035s] INFO:colcon.colcon_core.shell:Creating environment hook '/home/ionia/Desktop/dubal_ws/install/controller/share/controller/hook/cmake_prefix_path.sh'
[8.036s] Level 1:colcon.colcon_core.environment:checking '/home/ionia/Desktop/dubal_ws/install/controller/lib'
[8.036s] Level 1:colcon.colcon_core.environment:checking '/home/ionia/Desktop/dubal_ws/install/controller/bin'
[8.036s] Level 1:colcon.colcon_core.environment:checking '/home/ionia/Desktop/dubal_ws/install/controller/lib/pkgconfig/controller.pc'
[8.036s] Level 1:colcon.colcon_core.environment:checking '/home/ionia/Desktop/dubal_ws/install/controller/lib/python3.8/site-packages'
[8.037s] Level 1:colcon.colcon_core.environment:checking '/home/ionia/Desktop/dubal_ws/install/controller/bin'
[8.037s] INFO:colcon.colcon_core.shell:Creating package script '/home/ionia/Desktop/dubal_ws/install/controller/share/controller/package.ps1'
[8.038s] INFO:colcon.colcon_core.shell:Creating package descriptor '/home/ionia/Desktop/dubal_ws/install/controller/share/controller/package.dsv'
[8.039s] INFO:colcon.colcon_core.shell:Creating package script '/home/ionia/Desktop/dubal_ws/install/controller/share/controller/package.sh'
[8.039s] INFO:colcon.colcon_core.shell:Creating package script '/home/ionia/Desktop/dubal_ws/install/controller/share/controller/package.bash'
[8.040s] INFO:colcon.colcon_core.shell:Creating package script '/home/ionia/Desktop/dubal_ws/install/controller/share/controller/package.zsh'
[8.040s] Level 1:colcon.colcon_core.environment:create_file_with_runtime_dependencies(/home/ionia/Desktop/dubal_ws/install/controller/share/colcon-core/packages/controller)
[8.070s] Level 1:colcon.colcon_core.environment:create_environment_scripts_only(controller)
[8.071s] Level 1:colcon.colcon_core.environment:checking '/home/ionia/Desktop/dubal_ws/install/controller' for CMake module files
[8.072s] Level 1:colcon.colcon_core.environment:checking '/home/ionia/Desktop/dubal_ws/install/controller' for CMake config files
[8.072s] Level 1:colcon.colcon_core.shell:create_environment_hook('controller', 'cmake_prefix_path')
[8.073s] INFO:colcon.colcon_core.shell:Creating environment hook '/home/ionia/Desktop/dubal_ws/install/controller/share/controller/hook/cmake_prefix_path.ps1'
[8.074s] INFO:colcon.colcon_core.shell:Creating environment descriptor '/home/ionia/Desktop/dubal_ws/install/controller/share/controller/hook/cmake_prefix_path.dsv'
[8.074s] INFO:colcon.colcon_core.shell:Creating environment hook '/home/ionia/Desktop/dubal_ws/install/controller/share/controller/hook/cmake_prefix_path.sh'
[8.075s] Level 1:colcon.colcon_core.environment:checking '/home/ionia/Desktop/dubal_ws/install/controller/lib'
[8.075s] Level 1:colcon.colcon_core.environment:checking '/home/ionia/Desktop/dubal_ws/install/controller/bin'
[8.075s] Level 1:colcon.colcon_core.environment:checking '/home/ionia/Desktop/dubal_ws/install/controller/lib/pkgconfig/controller.pc'
[8.076s] Level 1:colcon.colcon_core.environment:checking '/home/ionia/Desktop/dubal_ws/install/controller/lib/python3.8/site-packages'
[8.076s] Level 1:colcon.colcon_core.environment:checking '/home/ionia/Desktop/dubal_ws/install/controller/bin'
[8.077s] INFO:colcon.colcon_core.shell:Creating package script '/home/ionia/Desktop/dubal_ws/install/controller/share/controller/package.ps1'
[8.078s] INFO:colcon.colcon_core.shell:Creating package descriptor '/home/ionia/Desktop/dubal_ws/install/controller/share/controller/package.dsv'
[8.078s] INFO:colcon.colcon_core.shell:Creating package script '/home/ionia/Desktop/dubal_ws/install/controller/share/controller/package.sh'
[8.079s] INFO:colcon.colcon_core.shell:Creating package script '/home/ionia/Desktop/dubal_ws/install/controller/share/controller/package.bash'
[8.080s] INFO:colcon.colcon_core.shell:Creating package script '/home/ionia/Desktop/dubal_ws/install/controller/share/controller/package.zsh'
[8.080s] Level 1:colcon.colcon_core.environment:create_file_with_runtime_dependencies(/home/ionia/Desktop/dubal_ws/install/controller/share/colcon-core/packages/controller)
[8.080s] DEBUG:colcon.colcon_parallel_executor.executor.parallel:closing loop
[8.081s] DEBUG:colcon.colcon_parallel_executor.executor.parallel:loop closed
[8.081s] DEBUG:colcon.colcon_parallel_executor.executor.parallel:run_until_complete finished with '0'
[8.081s] DEBUG:colcon.colcon_core.event_reactor:joining thread
[8.090s] INFO:colcon.colcon_core.plugin_system:Skipping extension 'colcon_notification.desktop_notification.terminal_notifier': Not used on non-Darwin systems
[8.090s] INFO:colcon.colcon_core.plugin_system:Skipping extension 'colcon_notification.desktop_notification.win32': Not used on non-Windows systems
[8.090s] INFO:colcon.colcon_notification.desktop_notification:Sending desktop notification using 'notify2'
[8.112s] DEBUG:colcon.colcon_core.event_reactor:joined thread
[8.113s] INFO:colcon.colcon_core.shell:Creating prefix script '/home/ionia/Desktop/dubal_ws/install/local_setup.ps1'
[8.114s] INFO:colcon.colcon_core.shell:Creating prefix util module '/home/ionia/Desktop/dubal_ws/install/_local_setup_util_ps1.py'
[8.118s] INFO:colcon.colcon_core.shell:Creating prefix chain script '/home/ionia/Desktop/dubal_ws/install/setup.ps1'
[8.120s] INFO:colcon.colcon_core.shell:Creating prefix script '/home/ionia/Desktop/dubal_ws/install/local_setup.sh'
[8.121s] INFO:colcon.colcon_core.shell:Creating prefix util module '/home/ionia/Desktop/dubal_ws/install/_local_setup_util_sh.py'
[8.121s] INFO:colcon.colcon_core.shell:Creating prefix chain script '/home/ionia/Desktop/dubal_ws/install/setup.sh'
[8.124s] INFO:colcon.colcon_core.shell:Creating prefix script '/home/ionia/Desktop/dubal_ws/install/local_setup.bash'
[8.126s] INFO:colcon.colcon_core.shell:Creating prefix chain script '/home/ionia/Desktop/dubal_ws/install/setup.bash'
[8.127s] INFO:colcon.colcon_core.shell:Creating prefix script '/home/ionia/Desktop/dubal_ws/install/local_setup.zsh'
[8.128s] INFO:colcon.colcon_core.shell:Creating prefix chain script '/home/ionia/Desktop/dubal_ws/install/setup.zsh'
