[2.741s] Invoking command in '/home/ionia/Desktop/dubal_ws/src/serial_reciver': PYTHONPATH=/home/ionia/Desktop/dubal_ws/build/serial_reciver/prefix_override:/usr/lib/python3/dist-packages/colcon_core/task/python/colcon_distutils_commands:/home/ionia/Desktop/dubal_ws/install/serial_reciver/lib/python3.8/site-packages:${PYTHONPATH} /usr/bin/python3 -W ignore:setup.py install is deprecated setup.py egg_info --egg-base ../../build/serial_reciver build --build-base /home/ionia/Desktop/dubal_ws/build/serial_reciver/build install --record /home/ionia/Desktop/dubal_ws/build/serial_reciver/install.log --install-scripts $base/lib/serial_reciver --single-version-externally-managed install_data
[3.062s] running egg_info
[3.063s] writing ../../build/serial_reciver/serial_reciver.egg-info/PKG-INFO
[3.065s] writing dependency_links to ../../build/serial_reciver/serial_reciver.egg-info/dependency_links.txt
[3.065s] writing entry points to ../../build/serial_reciver/serial_reciver.egg-info/entry_points.txt
[3.066s] writing requirements to ../../build/serial_reciver/serial_reciver.egg-info/requires.txt
[3.066s] writing top-level names to ../../build/serial_reciver/serial_reciver.egg-info/top_level.txt
[3.113s] reading manifest file '../../build/serial_reciver/serial_reciver.egg-info/SOURCES.txt'
[3.114s] writing manifest file '../../build/serial_reciver/serial_reciver.egg-info/SOURCES.txt'
[3.115s] running build
[3.115s] running build_py
[3.116s] running install
[3.117s] running install_lib
[3.120s] running install_data
[3.120s] running install_egg_info
[3.123s] removing '/home/ionia/Desktop/dubal_ws/install/serial_reciver/lib/python3.8/site-packages/serial_reciver-0.0.0-py3.8.egg-info' (and everything under it)
[3.124s] Copying ../../build/serial_reciver/serial_reciver.egg-info to /home/ionia/Desktop/dubal_ws/install/serial_reciver/lib/python3.8/site-packages/serial_reciver-0.0.0-py3.8.egg-info
[3.126s] running install_scripts
[3.149s] Installing serial_reciver_node script to /home/ionia/Desktop/dubal_ws/install/serial_reciver/lib/serial_reciver
[3.149s] writing list of installed files to '/home/ionia/Desktop/dubal_ws/build/serial_reciver/install.log'
[3.181s] Invoked command in '/home/ionia/Desktop/dubal_ws/src/serial_reciver' returned '0': PYTHONPATH=/home/ionia/Desktop/dubal_ws/build/serial_reciver/prefix_override:/usr/lib/python3/dist-packages/colcon_core/task/python/colcon_distutils_commands:/home/ionia/Desktop/dubal_ws/install/serial_reciver/lib/python3.8/site-packages:${PYTHONPATH} /usr/bin/python3 -W ignore:setup.py install is deprecated setup.py egg_info --egg-base ../../build/serial_reciver build --build-base /home/ionia/Desktop/dubal_ws/build/serial_reciver/build install --record /home/ionia/Desktop/dubal_ws/build/serial_reciver/install.log --install-scripts $base/lib/serial_reciver --single-version-externally-managed install_data
