[0.280s] DEBUG:colcon:Command line arguments: ['/usr/bin/colcon', 'build']
[0.280s] DEBUG:colcon:Parsed command line arguments: Namespace(allow_overriding=[], ament_cmake_args=None, base_paths=['.'], build_base='build', catkin_cmake_args=None, catkin_skip_building_tests=False, cmake_args=None, cmake_clean_cache=False, cmake_clean_first=False, cmake_force_configure=False, cmake_target=None, cmake_target_skip_unavailable=False, continue_on_error=False, event_handlers=None, executor='parallel', ignore_user_meta=False, install_base='install', log_base=None, log_level=None, main=<bound method BuildVerb.main of <colcon_core.verb.build.BuildVerb object at 0x7f6280013dc0>>, merge_install=False, metas=['./colcon.meta'], mixin=None, mixin_files=None, mixin_verb=('build',), packages_above=None, packages_above_and_dependencies=None, packages_above_depth=None, packages_end=None, packages_ignore=None, packages_ignore_regex=None, packages_select=None, packages_select_build_failed=False, packages_select_by_dep=None, packages_select_regex=None, packages_select_test_failures=False, packages_skip=None, packages_skip_build_finished=False, packages_skip_by_dep=None, packages_skip_regex=None, packages_skip_test_passed=False, packages_skip_up_to=None, packages_start=None, packages_up_to=None, packages_up_to_regex=None, parallel_workers=4, paths=None, symlink_install=False, test_result_base=None, verb_extension=<colcon_core.verb.build.BuildVerb object at 0x7f6280013dc0>, verb_name='build', verb_parser=<colcon_mixin.mixin.mixin_argument.MixinArgumentDecorator object at 0x7f627fedfc70>)
[0.507s] Level 1:colcon.colcon_core.package_discovery:discover_packages(colcon_meta) check parameters
[0.507s] Level 1:colcon.colcon_core.package_discovery:discover_packages(recursive) check parameters
[0.508s] Level 1:colcon.colcon_core.package_discovery:discover_packages(ignore) check parameters
[0.508s] Level 1:colcon.colcon_core.package_discovery:discover_packages(path) check parameters
[0.508s] Level 1:colcon.colcon_core.package_discovery:discover_packages(colcon_meta) discover
[0.508s] Level 1:colcon.colcon_core.package_discovery:discover_packages(recursive) discover
[0.508s] INFO:colcon.colcon_core.package_discovery:Crawling recursively for packages in '/home/ionia/Desktop/dubal_ws'
[0.508s] Level 1:colcon.colcon_core.package_identification:_identify(.) by extensions ['ignore', 'ignore_ament_install']
[0.508s] Level 1:colcon.colcon_core.package_identification:_identify(.) by extension 'ignore'
[0.508s] Level 1:colcon.colcon_core.package_identification:_identify(.) by extension 'ignore_ament_install'
[0.509s] Level 1:colcon.colcon_core.package_identification:_identify(.) by extensions ['colcon_pkg']
[0.509s] Level 1:colcon.colcon_core.package_identification:_identify(.) by extension 'colcon_pkg'
[0.509s] Level 1:colcon.colcon_core.package_identification:_identify(.) by extensions ['colcon_meta']
[0.509s] Level 1:colcon.colcon_core.package_identification:_identify(.) by extension 'colcon_meta'
[0.509s] Level 1:colcon.colcon_core.package_identification:_identify(.) by extensions ['ros']
[0.509s] Level 1:colcon.colcon_core.package_identification:_identify(.) by extension 'ros'
[0.534s] Level 1:colcon.colcon_core.package_identification:_identify(.) by extensions ['cmake', 'python']
[0.535s] Level 1:colcon.colcon_core.package_identification:_identify(.) by extension 'cmake'
[0.535s] Level 1:colcon.colcon_core.package_identification:_identify(.) by extension 'python'
[0.535s] Level 1:colcon.colcon_core.package_identification:_identify(.) by extensions ['python_setup_py']
[0.535s] Level 1:colcon.colcon_core.package_identification:_identify(.) by extension 'python_setup_py'
[0.535s] Level 1:colcon.colcon_core.package_identification:_identify(Desktop) by extensions ['ignore', 'ignore_ament_install']
[0.535s] Level 1:colcon.colcon_core.package_identification:_identify(Desktop) by extension 'ignore'
[0.536s] Level 1:colcon.colcon_core.package_identification:_identify(Desktop) by extension 'ignore_ament_install'
[0.536s] Level 1:colcon.colcon_core.package_identification:_identify(Desktop) by extensions ['colcon_pkg']
[0.536s] Level 1:colcon.colcon_core.package_identification:_identify(Desktop) by extension 'colcon_pkg'
[0.536s] Level 1:colcon.colcon_core.package_identification:_identify(Desktop) by extensions ['colcon_meta']
[0.536s] Level 1:colcon.colcon_core.package_identification:_identify(Desktop) by extension 'colcon_meta'
[0.536s] Level 1:colcon.colcon_core.package_identification:_identify(Desktop) by extensions ['ros']
[0.536s] Level 1:colcon.colcon_core.package_identification:_identify(Desktop) by extension 'ros'
[0.536s] Level 1:colcon.colcon_core.package_identification:_identify(Desktop) by extensions ['cmake', 'python']
[0.536s] Level 1:colcon.colcon_core.package_identification:_identify(Desktop) by extension 'cmake'
[0.536s] Level 1:colcon.colcon_core.package_identification:_identify(Desktop) by extension 'python'
[0.537s] Level 1:colcon.colcon_core.package_identification:_identify(Desktop) by extensions ['python_setup_py']
[0.537s] Level 1:colcon.colcon_core.package_identification:_identify(Desktop) by extension 'python_setup_py'
[0.537s] Level 1:colcon.colcon_core.package_identification:_identify(Desktop/dubal_ws) by extensions ['ignore', 'ignore_ament_install']
[0.537s] Level 1:colcon.colcon_core.package_identification:_identify(Desktop/dubal_ws) by extension 'ignore'
[0.537s] Level 1:colcon.colcon_core.package_identification:_identify(Desktop/dubal_ws) by extension 'ignore_ament_install'
[0.537s] Level 1:colcon.colcon_core.package_identification:_identify(Desktop/dubal_ws) by extensions ['colcon_pkg']
[0.537s] Level 1:colcon.colcon_core.package_identification:_identify(Desktop/dubal_ws) by extension 'colcon_pkg'
[0.538s] Level 1:colcon.colcon_core.package_identification:_identify(Desktop/dubal_ws) by extensions ['colcon_meta']
[0.538s] Level 1:colcon.colcon_core.package_identification:_identify(Desktop/dubal_ws) by extension 'colcon_meta'
[0.538s] Level 1:colcon.colcon_core.package_identification:_identify(Desktop/dubal_ws) by extensions ['ros']
[0.538s] Level 1:colcon.colcon_core.package_identification:_identify(Desktop/dubal_ws) by extension 'ros'
[0.538s] Level 1:colcon.colcon_core.package_identification:_identify(Desktop/dubal_ws) by extensions ['cmake', 'python']
[0.538s] Level 1:colcon.colcon_core.package_identification:_identify(Desktop/dubal_ws) by extension 'cmake'
[0.538s] Level 1:colcon.colcon_core.package_identification:_identify(Desktop/dubal_ws) by extension 'python'
[0.538s] Level 1:colcon.colcon_core.package_identification:_identify(Desktop/dubal_ws) by extensions ['python_setup_py']
[0.538s] Level 1:colcon.colcon_core.package_identification:_identify(Desktop/dubal_ws) by extension 'python_setup_py'
[0.539s] Level 1:colcon.colcon_core.package_identification:_identify(Desktop/dubal_ws/src) by extensions ['ignore', 'ignore_ament_install']
[0.539s] Level 1:colcon.colcon_core.package_identification:_identify(Desktop/dubal_ws/src) by extension 'ignore'
[0.539s] Level 1:colcon.colcon_core.package_identification:_identify(Desktop/dubal_ws/src) by extension 'ignore_ament_install'
[0.539s] Level 1:colcon.colcon_core.package_identification:_identify(Desktop/dubal_ws/src) by extensions ['colcon_pkg']
[0.539s] Level 1:colcon.colcon_core.package_identification:_identify(Desktop/dubal_ws/src) by extension 'colcon_pkg'
[0.539s] Level 1:colcon.colcon_core.package_identification:_identify(Desktop/dubal_ws/src) by extensions ['colcon_meta']
[0.539s] Level 1:colcon.colcon_core.package_identification:_identify(Desktop/dubal_ws/src) by extension 'colcon_meta'
[0.539s] Level 1:colcon.colcon_core.package_identification:_identify(Desktop/dubal_ws/src) by extensions ['ros']
[0.540s] Level 1:colcon.colcon_core.package_identification:_identify(Desktop/dubal_ws/src) by extension 'ros'
[0.540s] Level 1:colcon.colcon_core.package_identification:_identify(Desktop/dubal_ws/src) by extensions ['cmake', 'python']
[0.540s] Level 1:colcon.colcon_core.package_identification:_identify(Desktop/dubal_ws/src) by extension 'cmake'
[0.540s] Level 1:colcon.colcon_core.package_identification:_identify(Desktop/dubal_ws/src) by extension 'python'
[0.540s] Level 1:colcon.colcon_core.package_identification:_identify(Desktop/dubal_ws/src) by extensions ['python_setup_py']
[0.540s] Level 1:colcon.colcon_core.package_identification:_identify(Desktop/dubal_ws/src) by extension 'python_setup_py'
[0.540s] Level 1:colcon.colcon_core.package_identification:_identify(Desktop/dubal_ws/src/dubal_eye_and_web) by extensions ['ignore', 'ignore_ament_install']
[0.541s] Level 1:colcon.colcon_core.package_identification:_identify(Desktop/dubal_ws/src/dubal_eye_and_web) by extension 'ignore'
[0.541s] Level 1:colcon.colcon_core.package_identification:_identify(Desktop/dubal_ws/src/dubal_eye_and_web) by extension 'ignore_ament_install'
[0.541s] Level 1:colcon.colcon_core.package_identification:_identify(Desktop/dubal_ws/src/dubal_eye_and_web) by extensions ['colcon_pkg']
[0.541s] Level 1:colcon.colcon_core.package_identification:_identify(Desktop/dubal_ws/src/dubal_eye_and_web) by extension 'colcon_pkg'
[0.541s] Level 1:colcon.colcon_core.package_identification:_identify(Desktop/dubal_ws/src/dubal_eye_and_web) by extensions ['colcon_meta']
[0.541s] Level 1:colcon.colcon_core.package_identification:_identify(Desktop/dubal_ws/src/dubal_eye_and_web) by extension 'colcon_meta'
[0.541s] Level 1:colcon.colcon_core.package_identification:_identify(Desktop/dubal_ws/src/dubal_eye_and_web) by extensions ['ros']
[0.541s] Level 1:colcon.colcon_core.package_identification:_identify(Desktop/dubal_ws/src/dubal_eye_and_web) by extension 'ros'
[0.541s] Level 1:colcon.colcon_core.package_identification:_identify(Desktop/dubal_ws/src/dubal_eye_and_web) by extensions ['cmake', 'python']
[0.541s] Level 1:colcon.colcon_core.package_identification:_identify(Desktop/dubal_ws/src/dubal_eye_and_web) by extension 'cmake'
[0.542s] Level 1:colcon.colcon_core.package_identification:_identify(Desktop/dubal_ws/src/dubal_eye_and_web) by extension 'python'
[0.542s] Level 1:colcon.colcon_core.package_identification:_identify(Desktop/dubal_ws/src/dubal_eye_and_web) by extensions ['python_setup_py']
[0.542s] Level 1:colcon.colcon_core.package_identification:_identify(Desktop/dubal_ws/src/dubal_eye_and_web) by extension 'python_setup_py'
[0.542s] Level 1:colcon.colcon_core.package_identification:_identify(Desktop/dubal_ws/src/dubal_eye_and_web/Plates_img) by extensions ['ignore', 'ignore_ament_install']
[0.542s] Level 1:colcon.colcon_core.package_identification:_identify(Desktop/dubal_ws/src/dubal_eye_and_web/Plates_img) by extension 'ignore'
[0.542s] Level 1:colcon.colcon_core.package_identification:_identify(Desktop/dubal_ws/src/dubal_eye_and_web/Plates_img) by extension 'ignore_ament_install'
[0.542s] Level 1:colcon.colcon_core.package_identification:_identify(Desktop/dubal_ws/src/dubal_eye_and_web/Plates_img) by extensions ['colcon_pkg']
[0.543s] Level 1:colcon.colcon_core.package_identification:_identify(Desktop/dubal_ws/src/dubal_eye_and_web/Plates_img) by extension 'colcon_pkg'
[0.543s] Level 1:colcon.colcon_core.package_identification:_identify(Desktop/dubal_ws/src/dubal_eye_and_web/Plates_img) by extensions ['colcon_meta']
[0.543s] Level 1:colcon.colcon_core.package_identification:_identify(Desktop/dubal_ws/src/dubal_eye_and_web/Plates_img) by extension 'colcon_meta'
[0.543s] Level 1:colcon.colcon_core.package_identification:_identify(Desktop/dubal_ws/src/dubal_eye_and_web/Plates_img) by extensions ['ros']
[0.543s] Level 1:colcon.colcon_core.package_identification:_identify(Desktop/dubal_ws/src/dubal_eye_and_web/Plates_img) by extension 'ros'
[0.543s] Level 1:colcon.colcon_core.package_identification:_identify(Desktop/dubal_ws/src/dubal_eye_and_web/Plates_img) by extensions ['cmake', 'python']
[0.543s] Level 1:colcon.colcon_core.package_identification:_identify(Desktop/dubal_ws/src/dubal_eye_and_web/Plates_img) by extension 'cmake'
[0.543s] Level 1:colcon.colcon_core.package_identification:_identify(Desktop/dubal_ws/src/dubal_eye_and_web/Plates_img) by extension 'python'
[0.543s] Level 1:colcon.colcon_core.package_identification:_identify(Desktop/dubal_ws/src/dubal_eye_and_web/Plates_img) by extensions ['python_setup_py']
[0.544s] Level 1:colcon.colcon_core.package_identification:_identify(Desktop/dubal_ws/src/dubal_eye_and_web/Plates_img) by extension 'python_setup_py'
[0.544s] Level 1:colcon.colcon_core.package_identification:_identify(build) by extensions ['ignore', 'ignore_ament_install']
[0.544s] Level 1:colcon.colcon_core.package_identification:_identify(build) by extension 'ignore'
[0.544s] Level 1:colcon.colcon_core.package_identification:_identify(build) ignored
[0.544s] Level 1:colcon.colcon_core.package_identification:_identify(install) by extensions ['ignore', 'ignore_ament_install']
[0.545s] Level 1:colcon.colcon_core.package_identification:_identify(install) by extension 'ignore'
[0.545s] Level 1:colcon.colcon_core.package_identification:_identify(install) ignored
[0.545s] Level 1:colcon.colcon_core.package_identification:_identify(log) by extensions ['ignore', 'ignore_ament_install']
[0.545s] Level 1:colcon.colcon_core.package_identification:_identify(log) by extension 'ignore'
[0.545s] Level 1:colcon.colcon_core.package_identification:_identify(log) ignored
[0.546s] Level 1:colcon.colcon_core.package_identification:_identify(src) by extensions ['ignore', 'ignore_ament_install']
[0.546s] Level 1:colcon.colcon_core.package_identification:_identify(src) by extension 'ignore'
[0.546s] Level 1:colcon.colcon_core.package_identification:_identify(src) by extension 'ignore_ament_install'
[0.546s] Level 1:colcon.colcon_core.package_identification:_identify(src) by extensions ['colcon_pkg']
[0.546s] Level 1:colcon.colcon_core.package_identification:_identify(src) by extension 'colcon_pkg'
[0.546s] Level 1:colcon.colcon_core.package_identification:_identify(src) by extensions ['colcon_meta']
[0.546s] Level 1:colcon.colcon_core.package_identification:_identify(src) by extension 'colcon_meta'
[0.547s] Level 1:colcon.colcon_core.package_identification:_identify(src) by extensions ['ros']
[0.547s] Level 1:colcon.colcon_core.package_identification:_identify(src) by extension 'ros'
[0.547s] Level 1:colcon.colcon_core.package_identification:_identify(src) by extensions ['cmake', 'python']
[0.547s] Level 1:colcon.colcon_core.package_identification:_identify(src) by extension 'cmake'
[0.547s] Level 1:colcon.colcon_core.package_identification:_identify(src) by extension 'python'
[0.547s] Level 1:colcon.colcon_core.package_identification:_identify(src) by extensions ['python_setup_py']
[0.547s] Level 1:colcon.colcon_core.package_identification:_identify(src) by extension 'python_setup_py'
[0.548s] Level 1:colcon.colcon_core.package_identification:_identify(src/controller) by extensions ['ignore', 'ignore_ament_install']
[0.548s] Level 1:colcon.colcon_core.package_identification:_identify(src/controller) by extension 'ignore'
[0.548s] Level 1:colcon.colcon_core.package_identification:_identify(src/controller) by extension 'ignore_ament_install'
[0.548s] Level 1:colcon.colcon_core.package_identification:_identify(src/controller) by extensions ['colcon_pkg']
[0.548s] Level 1:colcon.colcon_core.package_identification:_identify(src/controller) by extension 'colcon_pkg'
[0.548s] Level 1:colcon.colcon_core.package_identification:_identify(src/controller) by extensions ['colcon_meta']
[0.548s] Level 1:colcon.colcon_core.package_identification:_identify(src/controller) by extension 'colcon_meta'
[0.549s] Level 1:colcon.colcon_core.package_identification:_identify(src/controller) by extensions ['ros']
[0.549s] Level 1:colcon.colcon_core.package_identification:_identify(src/controller) by extension 'ros'
[0.555s] DEBUG:colcon.colcon_core.package_identification:Package 'src/controller' with type 'ros.ament_cmake' and name 'controller'
[0.555s] Level 1:colcon.colcon_core.package_identification:_identify(src/dubal_eye_AND_web) by extensions ['ignore', 'ignore_ament_install']
[0.555s] Level 1:colcon.colcon_core.package_identification:_identify(src/dubal_eye_AND_web) by extension 'ignore'
[0.555s] Level 1:colcon.colcon_core.package_identification:_identify(src/dubal_eye_AND_web) by extension 'ignore_ament_install'
[0.555s] Level 1:colcon.colcon_core.package_identification:_identify(src/dubal_eye_AND_web) by extensions ['colcon_pkg']
[0.556s] Level 1:colcon.colcon_core.package_identification:_identify(src/dubal_eye_AND_web) by extension 'colcon_pkg'
[0.556s] Level 1:colcon.colcon_core.package_identification:_identify(src/dubal_eye_AND_web) by extensions ['colcon_meta']
[0.556s] Level 1:colcon.colcon_core.package_identification:_identify(src/dubal_eye_AND_web) by extension 'colcon_meta'
[0.556s] Level 1:colcon.colcon_core.package_identification:_identify(src/dubal_eye_AND_web) by extensions ['ros']
[0.556s] Level 1:colcon.colcon_core.package_identification:_identify(src/dubal_eye_AND_web) by extension 'ros'
[0.558s] DEBUG:colcon.colcon_core.package_identification:Package 'src/dubal_eye_AND_web' with type 'ros.ament_python' and name 'dubal_eye_AND_web'
[0.558s] Level 1:colcon.colcon_core.package_identification:_identify(src/odrive_controller) by extensions ['ignore', 'ignore_ament_install']
[0.559s] Level 1:colcon.colcon_core.package_identification:_identify(src/odrive_controller) by extension 'ignore'
[0.559s] Level 1:colcon.colcon_core.package_identification:_identify(src/odrive_controller) by extension 'ignore_ament_install'
[0.559s] Level 1:colcon.colcon_core.package_identification:_identify(src/odrive_controller) by extensions ['colcon_pkg']
[0.559s] Level 1:colcon.colcon_core.package_identification:_identify(src/odrive_controller) by extension 'colcon_pkg'
[0.559s] Level 1:colcon.colcon_core.package_identification:_identify(src/odrive_controller) by extensions ['colcon_meta']
[0.559s] Level 1:colcon.colcon_core.package_identification:_identify(src/odrive_controller) by extension 'colcon_meta'
[0.559s] Level 1:colcon.colcon_core.package_identification:_identify(src/odrive_controller) by extensions ['ros']
[0.560s] Level 1:colcon.colcon_core.package_identification:_identify(src/odrive_controller) by extension 'ros'
[0.561s] DEBUG:colcon.colcon_core.package_identification:Package 'src/odrive_controller' with type 'ros.ament_python' and name 'odrive_controller'
[0.561s] Level 1:colcon.colcon_core.package_identification:_identify(src/serial_reciver) by extensions ['ignore', 'ignore_ament_install']
[0.562s] Level 1:colcon.colcon_core.package_identification:_identify(src/serial_reciver) by extension 'ignore'
[0.562s] Level 1:colcon.colcon_core.package_identification:_identify(src/serial_reciver) by extension 'ignore_ament_install'
[0.562s] Level 1:colcon.colcon_core.package_identification:_identify(src/serial_reciver) by extensions ['colcon_pkg']
[0.562s] Level 1:colcon.colcon_core.package_identification:_identify(src/serial_reciver) by extension 'colcon_pkg'
[0.562s] Level 1:colcon.colcon_core.package_identification:_identify(src/serial_reciver) by extensions ['colcon_meta']
[0.562s] Level 1:colcon.colcon_core.package_identification:_identify(src/serial_reciver) by extension 'colcon_meta'
[0.563s] Level 1:colcon.colcon_core.package_identification:_identify(src/serial_reciver) by extensions ['ros']
[0.563s] Level 1:colcon.colcon_core.package_identification:_identify(src/serial_reciver) by extension 'ros'
[0.564s] DEBUG:colcon.colcon_core.package_identification:Package 'src/serial_reciver' with type 'ros.ament_python' and name 'serial_reciver'
[0.564s] Level 1:colcon.colcon_core.package_discovery:discover_packages(recursive) using defaults
[0.564s] Level 1:colcon.colcon_core.package_discovery:discover_packages(ignore) discover
[0.564s] Level 1:colcon.colcon_core.package_discovery:discover_packages(ignore) using defaults
[0.565s] Level 1:colcon.colcon_core.package_discovery:discover_packages(path) discover
[0.565s] Level 1:colcon.colcon_core.package_discovery:discover_packages(path) using defaults
[0.608s] Level 1:colcon.colcon_core.package_discovery:discover_packages(prefix_path) check parameters
[0.608s] Level 1:colcon.colcon_core.package_discovery:discover_packages(prefix_path) discover
[0.613s] DEBUG:colcon.colcon_installed_package_information.package_discovery:Found 4 installed packages in /home/ionia/Desktop/dubal_ws/install
[0.615s] DEBUG:colcon.colcon_installed_package_information.package_discovery:Found 256 installed packages in /opt/ros/foxy
[0.619s] Level 1:colcon.colcon_core.package_discovery:discover_packages(prefix_path) using defaults
[0.796s] Level 5:colcon.colcon_core.verb:set package 'controller' build argument 'cmake_args' from command line to 'None'
[0.797s] Level 5:colcon.colcon_core.verb:set package 'controller' build argument 'cmake_target' from command line to 'None'
[0.797s] Level 5:colcon.colcon_core.verb:set package 'controller' build argument 'cmake_target_skip_unavailable' from command line to 'False'
[0.797s] Level 5:colcon.colcon_core.verb:set package 'controller' build argument 'cmake_clean_cache' from command line to 'False'
[0.797s] Level 5:colcon.colcon_core.verb:set package 'controller' build argument 'cmake_clean_first' from command line to 'False'
[0.797s] Level 5:colcon.colcon_core.verb:set package 'controller' build argument 'cmake_force_configure' from command line to 'False'
[0.797s] Level 5:colcon.colcon_core.verb:set package 'controller' build argument 'ament_cmake_args' from command line to 'None'
[0.797s] Level 5:colcon.colcon_core.verb:set package 'controller' build argument 'catkin_cmake_args' from command line to 'None'
[0.797s] Level 5:colcon.colcon_core.verb:set package 'controller' build argument 'catkin_skip_building_tests' from command line to 'False'
[0.797s] DEBUG:colcon.colcon_core.verb:Building package 'controller' with the following arguments: {'ament_cmake_args': None, 'build_base': '/home/ionia/Desktop/dubal_ws/build/controller', 'catkin_cmake_args': None, 'catkin_skip_building_tests': False, 'cmake_args': None, 'cmake_clean_cache': False, 'cmake_clean_first': False, 'cmake_force_configure': False, 'cmake_target': None, 'cmake_target_skip_unavailable': False, 'install_base': '/home/ionia/Desktop/dubal_ws/install/controller', 'merge_install': False, 'path': '/home/ionia/Desktop/dubal_ws/src/controller', 'symlink_install': False, 'test_result_base': None}
[0.798s] Level 5:colcon.colcon_core.verb:set package 'dubal_eye_AND_web' build argument 'cmake_args' from command line to 'None'
[0.799s] Level 5:colcon.colcon_core.verb:set package 'dubal_eye_AND_web' build argument 'cmake_target' from command line to 'None'
[0.799s] Level 5:colcon.colcon_core.verb:set package 'dubal_eye_AND_web' build argument 'cmake_target_skip_unavailable' from command line to 'False'
[0.799s] Level 5:colcon.colcon_core.verb:set package 'dubal_eye_AND_web' build argument 'cmake_clean_cache' from command line to 'False'
[0.799s] Level 5:colcon.colcon_core.verb:set package 'dubal_eye_AND_web' build argument 'cmake_clean_first' from command line to 'False'
[0.799s] Level 5:colcon.colcon_core.verb:set package 'dubal_eye_AND_web' build argument 'cmake_force_configure' from command line to 'False'
[0.799s] Level 5:colcon.colcon_core.verb:set package 'dubal_eye_AND_web' build argument 'ament_cmake_args' from command line to 'None'
[0.799s] Level 5:colcon.colcon_core.verb:set package 'dubal_eye_AND_web' build argument 'catkin_cmake_args' from command line to 'None'
[0.799s] Level 5:colcon.colcon_core.verb:set package 'dubal_eye_AND_web' build argument 'catkin_skip_building_tests' from command line to 'False'
[0.799s] DEBUG:colcon.colcon_core.verb:Building package 'dubal_eye_AND_web' with the following arguments: {'ament_cmake_args': None, 'build_base': '/home/ionia/Desktop/dubal_ws/build/dubal_eye_AND_web', 'catkin_cmake_args': None, 'catkin_skip_building_tests': False, 'cmake_args': None, 'cmake_clean_cache': False, 'cmake_clean_first': False, 'cmake_force_configure': False, 'cmake_target': None, 'cmake_target_skip_unavailable': False, 'install_base': '/home/ionia/Desktop/dubal_ws/install/dubal_eye_AND_web', 'merge_install': False, 'path': '/home/ionia/Desktop/dubal_ws/src/dubal_eye_AND_web', 'symlink_install': False, 'test_result_base': None}
[0.800s] Level 5:colcon.colcon_core.verb:set package 'odrive_controller' build argument 'cmake_args' from command line to 'None'
[0.800s] Level 5:colcon.colcon_core.verb:set package 'odrive_controller' build argument 'cmake_target' from command line to 'None'
[0.800s] Level 5:colcon.colcon_core.verb:set package 'odrive_controller' build argument 'cmake_target_skip_unavailable' from command line to 'False'
[0.800s] Level 5:colcon.colcon_core.verb:set package 'odrive_controller' build argument 'cmake_clean_cache' from command line to 'False'
[0.800s] Level 5:colcon.colcon_core.verb:set package 'odrive_controller' build argument 'cmake_clean_first' from command line to 'False'
[0.801s] Level 5:colcon.colcon_core.verb:set package 'odrive_controller' build argument 'cmake_force_configure' from command line to 'False'
[0.801s] Level 5:colcon.colcon_core.verb:set package 'odrive_controller' build argument 'ament_cmake_args' from command line to 'None'
[0.801s] Level 5:colcon.colcon_core.verb:set package 'odrive_controller' build argument 'catkin_cmake_args' from command line to 'None'
[0.801s] Level 5:colcon.colcon_core.verb:set package 'odrive_controller' build argument 'catkin_skip_building_tests' from command line to 'False'
[0.801s] DEBUG:colcon.colcon_core.verb:Building package 'odrive_controller' with the following arguments: {'ament_cmake_args': None, 'build_base': '/home/ionia/Desktop/dubal_ws/build/odrive_controller', 'catkin_cmake_args': None, 'catkin_skip_building_tests': False, 'cmake_args': None, 'cmake_clean_cache': False, 'cmake_clean_first': False, 'cmake_force_configure': False, 'cmake_target': None, 'cmake_target_skip_unavailable': False, 'install_base': '/home/ionia/Desktop/dubal_ws/install/odrive_controller', 'merge_install': False, 'path': '/home/ionia/Desktop/dubal_ws/src/odrive_controller', 'symlink_install': False, 'test_result_base': None}
[0.802s] Level 5:colcon.colcon_core.verb:set package 'serial_reciver' build argument 'cmake_args' from command line to 'None'
[0.802s] Level 5:colcon.colcon_core.verb:set package 'serial_reciver' build argument 'cmake_target' from command line to 'None'
[0.802s] Level 5:colcon.colcon_core.verb:set package 'serial_reciver' build argument 'cmake_target_skip_unavailable' from command line to 'False'
[0.802s] Level 5:colcon.colcon_core.verb:set package 'serial_reciver' build argument 'cmake_clean_cache' from command line to 'False'
[0.802s] Level 5:colcon.colcon_core.verb:set package 'serial_reciver' build argument 'cmake_clean_first' from command line to 'False'
[0.802s] Level 5:colcon.colcon_core.verb:set package 'serial_reciver' build argument 'cmake_force_configure' from command line to 'False'
[0.803s] Level 5:colcon.colcon_core.verb:set package 'serial_reciver' build argument 'ament_cmake_args' from command line to 'None'
[0.803s] Level 5:colcon.colcon_core.verb:set package 'serial_reciver' build argument 'catkin_cmake_args' from command line to 'None'
[0.803s] Level 5:colcon.colcon_core.verb:set package 'serial_reciver' build argument 'catkin_skip_building_tests' from command line to 'False'
[0.803s] DEBUG:colcon.colcon_core.verb:Building package 'serial_reciver' with the following arguments: {'ament_cmake_args': None, 'build_base': '/home/ionia/Desktop/dubal_ws/build/serial_reciver', 'catkin_cmake_args': None, 'catkin_skip_building_tests': False, 'cmake_args': None, 'cmake_clean_cache': False, 'cmake_clean_first': False, 'cmake_force_configure': False, 'cmake_target': None, 'cmake_target_skip_unavailable': False, 'install_base': '/home/ionia/Desktop/dubal_ws/install/serial_reciver', 'merge_install': False, 'path': '/home/ionia/Desktop/dubal_ws/src/serial_reciver', 'symlink_install': False, 'test_result_base': None}
[0.803s] INFO:colcon.colcon_core.executor:Executing jobs using 'parallel' executor
[0.805s] DEBUG:colcon.colcon_parallel_executor.executor.parallel:run_until_complete
[0.806s] INFO:colcon.colcon_ros.task.ament_cmake.build:Building ROS package in '/home/ionia/Desktop/dubal_ws/src/controller' with build type 'ament_cmake'
[0.806s] INFO:colcon.colcon_cmake.task.cmake.build:Building CMake package in '/home/ionia/Desktop/dubal_ws/src/controller'
[0.811s] INFO:colcon.colcon_core.plugin_system:Skipping extension 'colcon_core.shell.bat': Not used on non-Windows systems
[0.811s] INFO:colcon.colcon_core.shell:Skip shell extension 'powershell' for command environment: Not usable outside of PowerShell
[0.811s] DEBUG:colcon.colcon_core.shell:Skip shell extension 'dsv' for command environment
[0.827s] INFO:colcon.colcon_ros.task.ament_python.build:Building ROS package in '/home/ionia/Desktop/dubal_ws/src/dubal_eye_AND_web' with build type 'ament_python'
[0.828s] Level 1:colcon.colcon_core.shell:create_environment_hook('dubal_eye_AND_web', 'ament_prefix_path')
[0.829s] INFO:colcon.colcon_core.shell:Creating environment hook '/home/ionia/Desktop/dubal_ws/install/dubal_eye_AND_web/share/dubal_eye_AND_web/hook/ament_prefix_path.ps1'
[0.830s] INFO:colcon.colcon_core.shell:Creating environment descriptor '/home/ionia/Desktop/dubal_ws/install/dubal_eye_AND_web/share/dubal_eye_AND_web/hook/ament_prefix_path.dsv'
[0.831s] INFO:colcon.colcon_core.shell:Creating environment hook '/home/ionia/Desktop/dubal_ws/install/dubal_eye_AND_web/share/dubal_eye_AND_web/hook/ament_prefix_path.sh'
[0.833s] INFO:colcon.colcon_core.shell:Skip shell extension 'powershell' for command environment: Not usable outside of PowerShell
[0.833s] DEBUG:colcon.colcon_core.shell:Skip shell extension 'dsv' for command environment
[0.847s] INFO:colcon.colcon_ros.task.ament_python.build:Building ROS package in '/home/ionia/Desktop/dubal_ws/src/odrive_controller' with build type 'ament_python'
[0.848s] Level 1:colcon.colcon_core.shell:create_environment_hook('odrive_controller', 'ament_prefix_path')
[0.848s] INFO:colcon.colcon_core.shell:Creating environment hook '/home/ionia/Desktop/dubal_ws/install/odrive_controller/share/odrive_controller/hook/ament_prefix_path.ps1'
[0.850s] INFO:colcon.colcon_core.shell:Creating environment descriptor '/home/ionia/Desktop/dubal_ws/install/odrive_controller/share/odrive_controller/hook/ament_prefix_path.dsv'
[0.851s] INFO:colcon.colcon_core.shell:Creating environment hook '/home/ionia/Desktop/dubal_ws/install/odrive_controller/share/odrive_controller/hook/ament_prefix_path.sh'
[0.852s] INFO:colcon.colcon_core.shell:Skip shell extension 'powershell' for command environment: Not usable outside of PowerShell
[0.852s] DEBUG:colcon.colcon_core.shell:Skip shell extension 'dsv' for command environment
[0.867s] INFO:colcon.colcon_ros.task.ament_python.build:Building ROS package in '/home/ionia/Desktop/dubal_ws/src/serial_reciver' with build type 'ament_python'
[0.867s] Level 1:colcon.colcon_core.shell:create_environment_hook('serial_reciver', 'ament_prefix_path')
[0.869s] INFO:colcon.colcon_core.shell:Creating environment hook '/home/ionia/Desktop/dubal_ws/install/serial_reciver/share/serial_reciver/hook/ament_prefix_path.ps1'
[0.870s] INFO:colcon.colcon_core.shell:Creating environment descriptor '/home/ionia/Desktop/dubal_ws/install/serial_reciver/share/serial_reciver/hook/ament_prefix_path.dsv'
[0.871s] INFO:colcon.colcon_core.shell:Creating environment hook '/home/ionia/Desktop/dubal_ws/install/serial_reciver/share/serial_reciver/hook/ament_prefix_path.sh'
[0.872s] INFO:colcon.colcon_core.shell:Skip shell extension 'powershell' for command environment: Not usable outside of PowerShell
[0.872s] DEBUG:colcon.colcon_core.shell:Skip shell extension 'dsv' for command environment
[0.898s] DEBUG:colcon.colcon_core.event_handler.log_command:Invoking command in '/home/ionia/Desktop/dubal_ws/build/controller': CMAKE_PREFIX_PATH=${CMAKE_PREFIX_PATH}:/home/ionia/Desktop/dubal_ws/install/serial_reciver:/home/ionia/Desktop/dubal_ws/install/odrive_controller:/home/ionia/Desktop/dubal_ws/install/dubal_eye_AND_web:/opt/ros/foxy /usr/bin/cmake --build /home/ionia/Desktop/dubal_ws/build/controller -- -j4 -l4
[1.610s] INFO:colcon.colcon_core.task.python.build:Building Python package in '/home/ionia/Desktop/dubal_ws/src/dubal_eye_AND_web'
[1.612s] INFO:colcon.colcon_core.shell:Skip shell extension 'powershell' for command environment: Not usable outside of PowerShell
[1.612s] DEBUG:colcon.colcon_core.shell:Skip shell extension 'dsv' for command environment
[2.394s] INFO:colcon.colcon_core.task.python.build:Building Python package in '/home/ionia/Desktop/dubal_ws/src/odrive_controller'
[2.396s] INFO:colcon.colcon_core.shell:Skip shell extension 'powershell' for command environment: Not usable outside of PowerShell
[2.397s] DEBUG:colcon.colcon_core.shell:Skip shell extension 'dsv' for command environment
[2.922s] INFO:colcon.colcon_core.task.python.build:Building Python package in '/home/ionia/Desktop/dubal_ws/src/serial_reciver'
[2.923s] INFO:colcon.colcon_core.shell:Skip shell extension 'powershell' for command environment: Not usable outside of PowerShell
[2.923s] DEBUG:colcon.colcon_core.shell:Skip shell extension 'dsv' for command environment
[3.832s] DEBUG:colcon.colcon_core.event_handler.log_command:Invoking command in '/home/ionia/Desktop/dubal_ws/src/odrive_controller': PYTHONPATH=/home/ionia/Desktop/dubal_ws/build/odrive_controller/prefix_override:/usr/lib/python3/dist-packages/colcon_core/task/python/colcon_distutils_commands:/home/ionia/Desktop/dubal_ws/install/odrive_controller/lib/python3.8/site-packages:${PYTHONPATH} /usr/bin/python3 -W ignore:setup.py install is deprecated setup.py egg_info --egg-base ../../build/odrive_controller build --build-base /home/ionia/Desktop/dubal_ws/build/odrive_controller/build install --record /home/ionia/Desktop/dubal_ws/build/odrive_controller/install.log --install-scripts $base/lib/odrive_controller --single-version-externally-managed install_data
[3.847s] DEBUG:colcon.colcon_core.event_handler.log_command:Invoking command in '/home/ionia/Desktop/dubal_ws/src/dubal_eye_AND_web': PYTHONPATH=/home/ionia/Desktop/dubal_ws/build/dubal_eye_AND_web/prefix_override:/usr/lib/python3/dist-packages/colcon_core/task/python/colcon_distutils_commands:/home/ionia/Desktop/dubal_ws/install/dubal_eye_AND_web/lib/python3.8/site-packages:${PYTHONPATH} /usr/bin/python3 -W ignore:setup.py install is deprecated setup.py egg_info --egg-base ../../build/dubal_eye_AND_web build --build-base /home/ionia/Desktop/dubal_ws/build/dubal_eye_AND_web/build install --record /home/ionia/Desktop/dubal_ws/build/dubal_eye_AND_web/install.log --install-scripts $base/lib/dubal_eye_AND_web --single-version-externally-managed install_data
[3.859s] DEBUG:colcon.colcon_core.event_handler.log_command:Invoking command in '/home/ionia/Desktop/dubal_ws/src/serial_reciver': PYTHONPATH=/home/ionia/Desktop/dubal_ws/build/serial_reciver/prefix_override:/usr/lib/python3/dist-packages/colcon_core/task/python/colcon_distutils_commands:/home/ionia/Desktop/dubal_ws/install/serial_reciver/lib/python3.8/site-packages:${PYTHONPATH} /usr/bin/python3 -W ignore:setup.py install is deprecated setup.py egg_info --egg-base ../../build/serial_reciver build --build-base /home/ionia/Desktop/dubal_ws/build/serial_reciver/build install --record /home/ionia/Desktop/dubal_ws/build/serial_reciver/install.log --install-scripts $base/lib/serial_reciver --single-version-externally-managed install_data
[4.521s] DEBUG:colcon.colcon_core.event_handler.log_command:Invoked command in '/home/ionia/Desktop/dubal_ws/src/dubal_eye_AND_web' returned '0': PYTHONPATH=/home/ionia/Desktop/dubal_ws/build/dubal_eye_AND_web/prefix_override:/usr/lib/python3/dist-packages/colcon_core/task/python/colcon_distutils_commands:/home/ionia/Desktop/dubal_ws/install/dubal_eye_AND_web/lib/python3.8/site-packages:${PYTHONPATH} /usr/bin/python3 -W ignore:setup.py install is deprecated setup.py egg_info --egg-base ../../build/dubal_eye_AND_web build --build-base /home/ionia/Desktop/dubal_ws/build/dubal_eye_AND_web/build install --record /home/ionia/Desktop/dubal_ws/build/dubal_eye_AND_web/install.log --install-scripts $base/lib/dubal_eye_AND_web --single-version-externally-managed install_data
[4.527s] Level 1:colcon.colcon_core.environment:checking '/home/ionia/Desktop/dubal_ws/install/dubal_eye_AND_web' for CMake module files
[4.528s] Level 1:colcon.colcon_core.environment:checking '/home/ionia/Desktop/dubal_ws/install/dubal_eye_AND_web' for CMake config files
[4.530s] Level 1:colcon.colcon_core.environment:checking '/home/ionia/Desktop/dubal_ws/install/dubal_eye_AND_web/lib'
[4.531s] Level 1:colcon.colcon_core.environment:checking '/home/ionia/Desktop/dubal_ws/install/dubal_eye_AND_web/bin'
[4.531s] Level 1:colcon.colcon_core.environment:checking '/home/ionia/Desktop/dubal_ws/install/dubal_eye_AND_web/lib/pkgconfig/dubal_eye_AND_web.pc'
[4.531s] Level 1:colcon.colcon_core.environment:checking '/home/ionia/Desktop/dubal_ws/install/dubal_eye_AND_web/lib/python3.8/site-packages'
[4.532s] Level 1:colcon.colcon_core.shell:create_environment_hook('dubal_eye_AND_web', 'pythonpath')
[4.532s] INFO:colcon.colcon_core.shell:Creating environment hook '/home/ionia/Desktop/dubal_ws/install/dubal_eye_AND_web/share/dubal_eye_AND_web/hook/pythonpath.ps1'
[4.533s] INFO:colcon.colcon_core.shell:Creating environment descriptor '/home/ionia/Desktop/dubal_ws/install/dubal_eye_AND_web/share/dubal_eye_AND_web/hook/pythonpath.dsv'
[4.534s] INFO:colcon.colcon_core.shell:Creating environment hook '/home/ionia/Desktop/dubal_ws/install/dubal_eye_AND_web/share/dubal_eye_AND_web/hook/pythonpath.sh'
[4.535s] Level 1:colcon.colcon_core.environment:checking '/home/ionia/Desktop/dubal_ws/install/dubal_eye_AND_web/bin'
[4.536s] Level 1:colcon.colcon_core.environment:create_environment_scripts_only(dubal_eye_AND_web)
[4.537s] INFO:colcon.colcon_core.shell:Creating package script '/home/ionia/Desktop/dubal_ws/install/dubal_eye_AND_web/share/dubal_eye_AND_web/package.ps1'
[4.539s] INFO:colcon.colcon_core.shell:Creating package descriptor '/home/ionia/Desktop/dubal_ws/install/dubal_eye_AND_web/share/dubal_eye_AND_web/package.dsv'
[4.540s] INFO:colcon.colcon_core.shell:Creating package script '/home/ionia/Desktop/dubal_ws/install/dubal_eye_AND_web/share/dubal_eye_AND_web/package.sh'
[4.543s] INFO:colcon.colcon_core.shell:Creating package script '/home/ionia/Desktop/dubal_ws/install/dubal_eye_AND_web/share/dubal_eye_AND_web/package.bash'
[4.545s] INFO:colcon.colcon_core.shell:Creating package script '/home/ionia/Desktop/dubal_ws/install/dubal_eye_AND_web/share/dubal_eye_AND_web/package.zsh'
[4.546s] Level 1:colcon.colcon_core.environment:create_file_with_runtime_dependencies(/home/ionia/Desktop/dubal_ws/install/dubal_eye_AND_web/share/colcon-core/packages/dubal_eye_AND_web)
[4.550s] Level 1:colcon.colcon_core.environment:checking '/home/ionia/Desktop/dubal_ws/install/odrive_controller' for CMake module files
[4.550s] DEBUG:colcon.colcon_core.event_handler.log_command:Invoked command in '/home/ionia/Desktop/dubal_ws/src/odrive_controller' returned '0': PYTHONPATH=/home/ionia/Desktop/dubal_ws/build/odrive_controller/prefix_override:/usr/lib/python3/dist-packages/colcon_core/task/python/colcon_distutils_commands:/home/ionia/Desktop/dubal_ws/install/odrive_controller/lib/python3.8/site-packages:${PYTHONPATH} /usr/bin/python3 -W ignore:setup.py install is deprecated setup.py egg_info --egg-base ../../build/odrive_controller build --build-base /home/ionia/Desktop/dubal_ws/build/odrive_controller/build install --record /home/ionia/Desktop/dubal_ws/build/odrive_controller/install.log --install-scripts $base/lib/odrive_controller --single-version-externally-managed install_data
[4.552s] Level 1:colcon.colcon_core.environment:checking '/home/ionia/Desktop/dubal_ws/install/odrive_controller' for CMake config files
[4.553s] Level 1:colcon.colcon_core.environment:checking '/home/ionia/Desktop/dubal_ws/install/odrive_controller/lib'
[4.553s] Level 1:colcon.colcon_core.environment:checking '/home/ionia/Desktop/dubal_ws/install/odrive_controller/bin'
[4.553s] Level 1:colcon.colcon_core.environment:checking '/home/ionia/Desktop/dubal_ws/install/odrive_controller/lib/pkgconfig/odrive_controller.pc'
[4.554s] Level 1:colcon.colcon_core.environment:checking '/home/ionia/Desktop/dubal_ws/install/odrive_controller/lib/python3.8/site-packages'
[4.554s] Level 1:colcon.colcon_core.shell:create_environment_hook('odrive_controller', 'pythonpath')
[4.555s] INFO:colcon.colcon_core.shell:Creating environment hook '/home/ionia/Desktop/dubal_ws/install/odrive_controller/share/odrive_controller/hook/pythonpath.ps1'
[4.556s] INFO:colcon.colcon_core.shell:Creating environment descriptor '/home/ionia/Desktop/dubal_ws/install/odrive_controller/share/odrive_controller/hook/pythonpath.dsv'
[4.556s] INFO:colcon.colcon_core.shell:Creating environment hook '/home/ionia/Desktop/dubal_ws/install/odrive_controller/share/odrive_controller/hook/pythonpath.sh'
[4.558s] Level 1:colcon.colcon_core.environment:checking '/home/ionia/Desktop/dubal_ws/install/odrive_controller/bin'
[4.558s] Level 1:colcon.colcon_core.environment:create_environment_scripts_only(odrive_controller)
[4.559s] INFO:colcon.colcon_core.shell:Creating package script '/home/ionia/Desktop/dubal_ws/install/odrive_controller/share/odrive_controller/package.ps1'
[4.560s] INFO:colcon.colcon_core.shell:Creating package descriptor '/home/ionia/Desktop/dubal_ws/install/odrive_controller/share/odrive_controller/package.dsv'
[4.561s] INFO:colcon.colcon_core.shell:Creating package script '/home/ionia/Desktop/dubal_ws/install/odrive_controller/share/odrive_controller/package.sh'
[4.562s] INFO:colcon.colcon_core.shell:Creating package script '/home/ionia/Desktop/dubal_ws/install/odrive_controller/share/odrive_controller/package.bash'
[4.563s] INFO:colcon.colcon_core.shell:Creating package script '/home/ionia/Desktop/dubal_ws/install/odrive_controller/share/odrive_controller/package.zsh'
[4.564s] Level 1:colcon.colcon_core.environment:create_file_with_runtime_dependencies(/home/ionia/Desktop/dubal_ws/install/odrive_controller/share/colcon-core/packages/odrive_controller)
[4.566s] Level 1:colcon.colcon_core.environment:checking '/home/ionia/Desktop/dubal_ws/install/serial_reciver' for CMake module files
[4.567s] DEBUG:colcon.colcon_core.event_handler.log_command:Invoked command in '/home/ionia/Desktop/dubal_ws/src/serial_reciver' returned '0': PYTHONPATH=/home/ionia/Desktop/dubal_ws/build/serial_reciver/prefix_override:/usr/lib/python3/dist-packages/colcon_core/task/python/colcon_distutils_commands:/home/ionia/Desktop/dubal_ws/install/serial_reciver/lib/python3.8/site-packages:${PYTHONPATH} /usr/bin/python3 -W ignore:setup.py install is deprecated setup.py egg_info --egg-base ../../build/serial_reciver build --build-base /home/ionia/Desktop/dubal_ws/build/serial_reciver/build install --record /home/ionia/Desktop/dubal_ws/build/serial_reciver/install.log --install-scripts $base/lib/serial_reciver --single-version-externally-managed install_data
[4.568s] Level 1:colcon.colcon_core.environment:checking '/home/ionia/Desktop/dubal_ws/install/serial_reciver' for CMake config files
[4.569s] Level 1:colcon.colcon_core.environment:checking '/home/ionia/Desktop/dubal_ws/install/serial_reciver/lib'
[4.569s] Level 1:colcon.colcon_core.environment:checking '/home/ionia/Desktop/dubal_ws/install/serial_reciver/bin'
[4.569s] Level 1:colcon.colcon_core.environment:checking '/home/ionia/Desktop/dubal_ws/install/serial_reciver/lib/pkgconfig/serial_reciver.pc'
[4.570s] Level 1:colcon.colcon_core.environment:checking '/home/ionia/Desktop/dubal_ws/install/serial_reciver/lib/python3.8/site-packages'
[4.570s] Level 1:colcon.colcon_core.shell:create_environment_hook('serial_reciver', 'pythonpath')
[4.570s] INFO:colcon.colcon_core.shell:Creating environment hook '/home/ionia/Desktop/dubal_ws/install/serial_reciver/share/serial_reciver/hook/pythonpath.ps1'
[4.571s] INFO:colcon.colcon_core.shell:Creating environment descriptor '/home/ionia/Desktop/dubal_ws/install/serial_reciver/share/serial_reciver/hook/pythonpath.dsv'
[4.571s] INFO:colcon.colcon_core.shell:Creating environment hook '/home/ionia/Desktop/dubal_ws/install/serial_reciver/share/serial_reciver/hook/pythonpath.sh'
[4.572s] Level 1:colcon.colcon_core.environment:checking '/home/ionia/Desktop/dubal_ws/install/serial_reciver/bin'
[4.573s] Level 1:colcon.colcon_core.environment:create_environment_scripts_only(serial_reciver)
[4.573s] INFO:colcon.colcon_core.shell:Creating package script '/home/ionia/Desktop/dubal_ws/install/serial_reciver/share/serial_reciver/package.ps1'
[4.574s] INFO:colcon.colcon_core.shell:Creating package descriptor '/home/ionia/Desktop/dubal_ws/install/serial_reciver/share/serial_reciver/package.dsv'
[4.575s] INFO:colcon.colcon_core.shell:Creating package script '/home/ionia/Desktop/dubal_ws/install/serial_reciver/share/serial_reciver/package.sh'
[4.576s] INFO:colcon.colcon_core.shell:Creating package script '/home/ionia/Desktop/dubal_ws/install/serial_reciver/share/serial_reciver/package.bash'
[4.576s] INFO:colcon.colcon_core.shell:Creating package script '/home/ionia/Desktop/dubal_ws/install/serial_reciver/share/serial_reciver/package.zsh'
[4.577s] Level 1:colcon.colcon_core.environment:create_file_with_runtime_dependencies(/home/ionia/Desktop/dubal_ws/install/serial_reciver/share/colcon-core/packages/serial_reciver)
[8.757s] DEBUG:colcon.colcon_core.event_handler.log_command:Invoked command in '/home/ionia/Desktop/dubal_ws/build/controller' returned '0': CMAKE_PREFIX_PATH=${CMAKE_PREFIX_PATH}:/home/ionia/Desktop/dubal_ws/install/serial_reciver:/home/ionia/Desktop/dubal_ws/install/odrive_controller:/home/ionia/Desktop/dubal_ws/install/dubal_eye_AND_web:/opt/ros/foxy /usr/bin/cmake --build /home/ionia/Desktop/dubal_ws/build/controller -- -j4 -l4
[8.802s] DEBUG:colcon.colcon_core.event_handler.log_command:Invoking command in '/home/ionia/Desktop/dubal_ws/build/controller': CMAKE_PREFIX_PATH=${CMAKE_PREFIX_PATH}:/home/ionia/Desktop/dubal_ws/install/serial_reciver:/home/ionia/Desktop/dubal_ws/install/odrive_controller:/home/ionia/Desktop/dubal_ws/install/dubal_eye_AND_web:/opt/ros/foxy /usr/bin/cmake --install /home/ionia/Desktop/dubal_ws/build/controller
[8.822s] Level 1:colcon.colcon_core.environment:create_environment_scripts_only(controller)
[8.822s] Level 1:colcon.colcon_core.environment:checking '/home/ionia/Desktop/dubal_ws/install/controller' for CMake module files
[8.823s] DEBUG:colcon.colcon_core.event_handler.log_command:Invoked command in '/home/ionia/Desktop/dubal_ws/build/controller' returned '0': CMAKE_PREFIX_PATH=${CMAKE_PREFIX_PATH}:/home/ionia/Desktop/dubal_ws/install/serial_reciver:/home/ionia/Desktop/dubal_ws/install/odrive_controller:/home/ionia/Desktop/dubal_ws/install/dubal_eye_AND_web:/opt/ros/foxy /usr/bin/cmake --install /home/ionia/Desktop/dubal_ws/build/controller
[8.824s] Level 1:colcon.colcon_core.environment:checking '/home/ionia/Desktop/dubal_ws/install/controller' for CMake config files
[8.824s] Level 1:colcon.colcon_core.shell:create_environment_hook('controller', 'cmake_prefix_path')
[8.824s] INFO:colcon.colcon_core.shell:Creating environment hook '/home/ionia/Desktop/dubal_ws/install/controller/share/controller/hook/cmake_prefix_path.ps1'
[8.825s] INFO:colcon.colcon_core.shell:Creating environment descriptor '/home/ionia/Desktop/dubal_ws/install/controller/share/controller/hook/cmake_prefix_path.dsv'
[8.825s] INFO:colcon.colcon_core.shell:Creating environment hook '/home/ionia/Desktop/dubal_ws/install/controller/share/controller/hook/cmake_prefix_path.sh'
[8.826s] Level 1:colcon.colcon_core.environment:checking '/home/ionia/Desktop/dubal_ws/install/controller/lib'
[8.826s] Level 1:colcon.colcon_core.environment:checking '/home/ionia/Desktop/dubal_ws/install/controller/bin'
[8.826s] Level 1:colcon.colcon_core.environment:checking '/home/ionia/Desktop/dubal_ws/install/controller/lib/pkgconfig/controller.pc'
[8.826s] Level 1:colcon.colcon_core.environment:checking '/home/ionia/Desktop/dubal_ws/install/controller/lib/python3.8/site-packages'
[8.827s] Level 1:colcon.colcon_core.environment:checking '/home/ionia/Desktop/dubal_ws/install/controller/bin'
[8.827s] INFO:colcon.colcon_core.shell:Creating package script '/home/ionia/Desktop/dubal_ws/install/controller/share/controller/package.ps1'
[8.827s] INFO:colcon.colcon_core.shell:Creating package descriptor '/home/ionia/Desktop/dubal_ws/install/controller/share/controller/package.dsv'
[8.828s] INFO:colcon.colcon_core.shell:Creating package script '/home/ionia/Desktop/dubal_ws/install/controller/share/controller/package.sh'
[8.828s] INFO:colcon.colcon_core.shell:Creating package script '/home/ionia/Desktop/dubal_ws/install/controller/share/controller/package.bash'
[8.829s] INFO:colcon.colcon_core.shell:Creating package script '/home/ionia/Desktop/dubal_ws/install/controller/share/controller/package.zsh'
[8.829s] Level 1:colcon.colcon_core.environment:create_file_with_runtime_dependencies(/home/ionia/Desktop/dubal_ws/install/controller/share/colcon-core/packages/controller)
[8.858s] Level 1:colcon.colcon_core.environment:create_environment_scripts_only(controller)
[8.859s] Level 1:colcon.colcon_core.environment:checking '/home/ionia/Desktop/dubal_ws/install/controller' for CMake module files
[8.859s] Level 1:colcon.colcon_core.environment:checking '/home/ionia/Desktop/dubal_ws/install/controller' for CMake config files
[8.859s] Level 1:colcon.colcon_core.shell:create_environment_hook('controller', 'cmake_prefix_path')
[8.860s] INFO:colcon.colcon_core.shell:Creating environment hook '/home/ionia/Desktop/dubal_ws/install/controller/share/controller/hook/cmake_prefix_path.ps1'
[8.860s] INFO:colcon.colcon_core.shell:Creating environment descriptor '/home/ionia/Desktop/dubal_ws/install/controller/share/controller/hook/cmake_prefix_path.dsv'
[8.861s] INFO:colcon.colcon_core.shell:Creating environment hook '/home/ionia/Desktop/dubal_ws/install/controller/share/controller/hook/cmake_prefix_path.sh'
[8.861s] Level 1:colcon.colcon_core.environment:checking '/home/ionia/Desktop/dubal_ws/install/controller/lib'
[8.862s] Level 1:colcon.colcon_core.environment:checking '/home/ionia/Desktop/dubal_ws/install/controller/bin'
[8.862s] Level 1:colcon.colcon_core.environment:checking '/home/ionia/Desktop/dubal_ws/install/controller/lib/pkgconfig/controller.pc'
[8.862s] Level 1:colcon.colcon_core.environment:checking '/home/ionia/Desktop/dubal_ws/install/controller/lib/python3.8/site-packages'
[8.862s] Level 1:colcon.colcon_core.environment:checking '/home/ionia/Desktop/dubal_ws/install/controller/bin'
[8.863s] INFO:colcon.colcon_core.shell:Creating package script '/home/ionia/Desktop/dubal_ws/install/controller/share/controller/package.ps1'
[8.864s] INFO:colcon.colcon_core.shell:Creating package descriptor '/home/ionia/Desktop/dubal_ws/install/controller/share/controller/package.dsv'
[8.864s] INFO:colcon.colcon_core.shell:Creating package script '/home/ionia/Desktop/dubal_ws/install/controller/share/controller/package.sh'
[8.864s] INFO:colcon.colcon_core.shell:Creating package script '/home/ionia/Desktop/dubal_ws/install/controller/share/controller/package.bash'
[8.865s] INFO:colcon.colcon_core.shell:Creating package script '/home/ionia/Desktop/dubal_ws/install/controller/share/controller/package.zsh'
[8.865s] Level 1:colcon.colcon_core.environment:create_file_with_runtime_dependencies(/home/ionia/Desktop/dubal_ws/install/controller/share/colcon-core/packages/controller)
[8.866s] DEBUG:colcon.colcon_parallel_executor.executor.parallel:closing loop
[8.866s] DEBUG:colcon.colcon_parallel_executor.executor.parallel:loop closed
[8.866s] DEBUG:colcon.colcon_parallel_executor.executor.parallel:run_until_complete finished with '0'
[8.866s] DEBUG:colcon.colcon_core.event_reactor:joining thread
[8.875s] INFO:colcon.colcon_core.plugin_system:Skipping extension 'colcon_notification.desktop_notification.terminal_notifier': Not used on non-Darwin systems
[8.875s] INFO:colcon.colcon_core.plugin_system:Skipping extension 'colcon_notification.desktop_notification.win32': Not used on non-Windows systems
[8.875s] INFO:colcon.colcon_notification.desktop_notification:Sending desktop notification using 'notify2'
[8.876s] DEBUG:colcon.colcon_notification.desktop_notification.notify2:Failed to initialize notify2: org.freedesktop.DBus.Error.ServiceUnknown: The name org.freedesktop.Notifications was not provided by any .service files
[8.876s] DEBUG:colcon.colcon_core.event_reactor:joined thread
[8.877s] INFO:colcon.colcon_core.shell:Creating prefix script '/home/ionia/Desktop/dubal_ws/install/local_setup.ps1'
[8.878s] INFO:colcon.colcon_core.shell:Creating prefix util module '/home/ionia/Desktop/dubal_ws/install/_local_setup_util_ps1.py'
[8.879s] INFO:colcon.colcon_core.shell:Creating prefix chain script '/home/ionia/Desktop/dubal_ws/install/setup.ps1'
[8.880s] INFO:colcon.colcon_core.shell:Creating prefix script '/home/ionia/Desktop/dubal_ws/install/local_setup.sh'
[8.881s] INFO:colcon.colcon_core.shell:Creating prefix util module '/home/ionia/Desktop/dubal_ws/install/_local_setup_util_sh.py'
[8.881s] INFO:colcon.colcon_core.shell:Creating prefix chain script '/home/ionia/Desktop/dubal_ws/install/setup.sh'
[8.883s] INFO:colcon.colcon_core.shell:Creating prefix script '/home/ionia/Desktop/dubal_ws/install/local_setup.bash'
[8.883s] INFO:colcon.colcon_core.shell:Creating prefix chain script '/home/ionia/Desktop/dubal_ws/install/setup.bash'
[8.884s] INFO:colcon.colcon_core.shell:Creating prefix script '/home/ionia/Desktop/dubal_ws/install/local_setup.zsh'
[8.885s] INFO:colcon.colcon_core.shell:Creating prefix chain script '/home/ionia/Desktop/dubal_ws/install/setup.zsh'
