[3.474s] Invoking command in '/home/ionia/Desktop/dubal_ws/src/odrive_controller': PYTHONPATH=/home/ionia/Desktop/dubal_ws/build/odrive_controller/prefix_override:/usr/lib/python3/dist-packages/colcon_core/task/python/colcon_distutils_commands:/home/ionia/Desktop/dubal_ws/install/odrive_controller/lib/python3.8/site-packages:${PYTHONPATH} /usr/bin/python3 -W ignore:setup.py install is deprecated setup.py egg_info --egg-base ../../build/odrive_controller build --build-base /home/ionia/Desktop/dubal_ws/build/odrive_controller/build install --record /home/ionia/Desktop/dubal_ws/build/odrive_controller/install.log --install-scripts $base/lib/odrive_controller --single-version-externally-managed install_data
[4.441s] running egg_info
[4.442s] writing ../../build/odrive_controller/odrive_controller.egg-info/PKG-INFO
[4.443s] writing dependency_links to ../../build/odrive_controller/odrive_controller.egg-info/dependency_links.txt
[4.443s] writing entry points to ../../build/odrive_controller/odrive_controller.egg-info/entry_points.txt
[4.443s] writing requirements to ../../build/odrive_controller/odrive_controller.egg-info/requires.txt
[4.444s] writing top-level names to ../../build/odrive_controller/odrive_controller.egg-info/top_level.txt
[4.576s] reading manifest file '../../build/odrive_controller/odrive_controller.egg-info/SOURCES.txt'
[4.578s] writing manifest file '../../build/odrive_controller/odrive_controller.egg-info/SOURCES.txt'
[4.578s] running build
[4.578s] running build_py
[4.578s] running install
[4.580s] running install_lib
[4.583s] running install_data
[4.583s] running install_egg_info
[4.587s] removing '/home/ionia/Desktop/dubal_ws/install/odrive_controller/lib/python3.8/site-packages/odrive_controller-0.0.0-py3.8.egg-info' (and everything under it)
[4.587s] Copying ../../build/odrive_controller/odrive_controller.egg-info to /home/ionia/Desktop/dubal_ws/install/odrive_controller/lib/python3.8/site-packages/odrive_controller-0.0.0-py3.8.egg-info
[4.589s] running install_scripts
[4.624s] Installing odrive_controller script to /home/ionia/Desktop/dubal_ws/install/odrive_controller/lib/odrive_controller
[4.626s] writing list of installed files to '/home/ionia/Desktop/dubal_ws/build/odrive_controller/install.log'
[4.696s] Invoked command in '/home/ionia/Desktop/dubal_ws/src/odrive_controller' returned '0': PYTHONPATH=/home/ionia/Desktop/dubal_ws/build/odrive_controller/prefix_override:/usr/lib/python3/dist-packages/colcon_core/task/python/colcon_distutils_commands:/home/ionia/Desktop/dubal_ws/install/odrive_controller/lib/python3.8/site-packages:${PYTHONPATH} /usr/bin/python3 -W ignore:setup.py install is deprecated setup.py egg_info --egg-base ../../build/odrive_controller build --build-base /home/ionia/Desktop/dubal_ws/build/odrive_controller/build install --record /home/ionia/Desktop/dubal_ws/build/odrive_controller/install.log --install-scripts $base/lib/odrive_controller --single-version-externally-managed install_data
