[3.989s] Invoking command in '/home/ionia/Desktop/dubal_ws/src/serial_reciver': PYTHONPATH=/home/ionia/Desktop/dubal_ws/build/serial_reciver/prefix_override:/usr/lib/python3/dist-packages/colcon_core/task/python/colcon_distutils_commands:/home/ionia/Desktop/dubal_ws/install/serial_reciver/lib/python3.8/site-packages:${PYTHONPATH} /usr/bin/python3 -W ignore:setup.py install is deprecated setup.py egg_info --egg-base ../../build/serial_reciver build --build-base /home/ionia/Desktop/dubal_ws/build/serial_reciver/build install --record /home/ionia/Desktop/dubal_ws/build/serial_reciver/install.log --install-scripts $base/lib/serial_reciver --single-version-externally-managed install_data
[4.861s] running egg_info
[4.863s] writing ../../build/serial_reciver/serial_reciver.egg-info/PKG-INFO
[4.864s] writing dependency_links to ../../build/serial_reciver/serial_reciver.egg-info/dependency_links.txt
[4.865s] writing entry points to ../../build/serial_reciver/serial_reciver.egg-info/entry_points.txt
[4.866s] writing requirements to ../../build/serial_reciver/serial_reciver.egg-info/requires.txt
[4.866s] writing top-level names to ../../build/serial_reciver/serial_reciver.egg-info/top_level.txt
[4.950s] reading manifest file '../../build/serial_reciver/serial_reciver.egg-info/SOURCES.txt'
[4.953s] writing manifest file '../../build/serial_reciver/serial_reciver.egg-info/SOURCES.txt'
[4.953s] running build
[4.954s] running build_py
[4.955s] running install
[4.957s] running install_lib
[4.961s] running install_data
[4.961s] running install_egg_info
[4.965s] removing '/home/ionia/Desktop/dubal_ws/install/serial_reciver/lib/python3.8/site-packages/serial_reciver-0.0.0-py3.8.egg-info' (and everything under it)
[4.966s] Copying ../../build/serial_reciver/serial_reciver.egg-info to /home/ionia/Desktop/dubal_ws/install/serial_reciver/lib/python3.8/site-packages/serial_reciver-0.0.0-py3.8.egg-info
[4.968s] running install_scripts
[5.005s] Installing serial_reciver_node script to /home/ionia/Desktop/dubal_ws/install/serial_reciver/lib/serial_reciver
[5.007s] writing list of installed files to '/home/ionia/Desktop/dubal_ws/build/serial_reciver/install.log'
[5.055s] Invoked command in '/home/ionia/Desktop/dubal_ws/src/serial_reciver' returned '0': PYTHONPATH=/home/ionia/Desktop/dubal_ws/build/serial_reciver/prefix_override:/usr/lib/python3/dist-packages/colcon_core/task/python/colcon_distutils_commands:/home/ionia/Desktop/dubal_ws/install/serial_reciver/lib/python3.8/site-packages:${PYTHONPATH} /usr/bin/python3 -W ignore:setup.py install is deprecated setup.py egg_info --egg-base ../../build/serial_reciver build --build-base /home/ionia/Desktop/dubal_ws/build/serial_reciver/build install --record /home/ionia/Desktop/dubal_ws/build/serial_reciver/install.log --install-scripts $base/lib/serial_reciver --single-version-externally-managed install_data
