[1.612s] Invoking command in '/home/ionia/Desktop/dubal_ws/src/serial_reciver': PYTHONPATH=/home/ionia/Desktop/dubal_ws/build/serial_reciver/prefix_override:/usr/lib/python3/dist-packages/colcon_core/task/python/colcon_distutils_commands:/home/ionia/Desktop/dubal_ws/install/serial_reciver/lib/python3.8/site-packages:${PYTHONPATH} /usr/bin/python3 -W ignore:setup.py install is deprecated setup.py egg_info --egg-base ../../build/serial_reciver build --build-base /home/ionia/Desktop/dubal_ws/build/serial_reciver/build install --record /home/ionia/Desktop/dubal_ws/build/serial_reciver/install.log --install-scripts $base/lib/serial_reciver --single-version-externally-managed install_data
[1.889s] running egg_info
[1.891s] writing ../../build/serial_reciver/serial_reciver.egg-info/PKG-INFO
[1.891s] writing dependency_links to ../../build/serial_reciver/serial_reciver.egg-info/dependency_links.txt
[1.892s] writing entry points to ../../build/serial_reciver/serial_reciver.egg-info/entry_points.txt
[1.892s] writing requirements to ../../build/serial_reciver/serial_reciver.egg-info/requires.txt
[1.892s] writing top-level names to ../../build/serial_reciver/serial_reciver.egg-info/top_level.txt
[1.932s] reading manifest file '../../build/serial_reciver/serial_reciver.egg-info/SOURCES.txt'
[1.934s] writing manifest file '../../build/serial_reciver/serial_reciver.egg-info/SOURCES.txt'
[1.934s] running build
[1.934s] running build_py
[1.934s] running install
[1.935s] running install_lib
[1.937s] running install_data
[1.938s] running install_egg_info
[1.940s] removing '/home/ionia/Desktop/dubal_ws/install/serial_reciver/lib/python3.8/site-packages/serial_reciver-0.0.0-py3.8.egg-info' (and everything under it)
[1.940s] Copying ../../build/serial_reciver/serial_reciver.egg-info to /home/ionia/Desktop/dubal_ws/install/serial_reciver/lib/python3.8/site-packages/serial_reciver-0.0.0-py3.8.egg-info
[1.941s] running install_scripts
[1.962s] Installing serial_reciver_node script to /home/ionia/Desktop/dubal_ws/install/serial_reciver/lib/serial_reciver
[1.962s] writing list of installed files to '/home/ionia/Desktop/dubal_ws/build/serial_reciver/install.log'
[1.991s] Invoked command in '/home/ionia/Desktop/dubal_ws/src/serial_reciver' returned '0': PYTHONPATH=/home/ionia/Desktop/dubal_ws/build/serial_reciver/prefix_override:/usr/lib/python3/dist-packages/colcon_core/task/python/colcon_distutils_commands:/home/ionia/Desktop/dubal_ws/install/serial_reciver/lib/python3.8/site-packages:${PYTHONPATH} /usr/bin/python3 -W ignore:setup.py install is deprecated setup.py egg_info --egg-base ../../build/serial_reciver build --build-base /home/ionia/Desktop/dubal_ws/build/serial_reciver/build install --record /home/ionia/Desktop/dubal_ws/build/serial_reciver/install.log --install-scripts $base/lib/serial_reciver --single-version-externally-managed install_data
