[1.239s] DEBUG:colcon:Command line arguments: ['/usr/bin/colcon', 'build']
[1.239s] DEBUG:colcon:Parsed command line arguments: Namespace(allow_overriding=[], ament_cmake_args=None, base_paths=['.'], build_base='build', catkin_cmake_args=None, catkin_skip_building_tests=False, cmake_args=None, cmake_clean_cache=False, cmake_clean_first=False, cmake_force_configure=False, cmake_target=None, cmake_target_skip_unavailable=False, continue_on_error=False, event_handlers=None, executor='parallel', ignore_user_meta=False, install_base='install', log_base=None, log_level=None, main=<bound method BuildVerb.main of <colcon_core.verb.build.BuildVerb object at 0x7fb2d03dbd30>>, merge_install=False, metas=['./colcon.meta'], packages_above=None, packages_above_and_dependencies=None, packages_above_depth=None, packages_end=None, packages_ignore=None, packages_ignore_regex=None, packages_select=None, packages_select_build_failed=False, packages_select_by_dep=None, packages_select_regex=None, packages_select_test_failures=False, packages_skip=None, packages_skip_build_finished=False, packages_skip_by_dep=None, packages_skip_regex=None, packages_skip_test_passed=False, packages_skip_up_to=None, packages_start=None, packages_up_to=None, packages_up_to_regex=None, parallel_workers=16, paths=None, symlink_install=False, test_result_base=None, verb_extension=<colcon_core.verb.build.BuildVerb object at 0x7fb2d03dbd30>, verb_name='build', verb_parser=<colcon_defaults.argument_parser.defaults.DefaultArgumentsDecorator object at 0x7fb2cfeebac0>)
[1.300s] Level 1:colcon.colcon_core.package_discovery:discover_packages(colcon_meta) check parameters
[1.300s] Level 1:colcon.colcon_core.package_discovery:discover_packages(recursive) check parameters
[1.300s] Level 1:colcon.colcon_core.package_discovery:discover_packages(ignore) check parameters
[1.300s] Level 1:colcon.colcon_core.package_discovery:discover_packages(path) check parameters
[1.300s] Level 1:colcon.colcon_core.package_discovery:discover_packages(colcon_meta) discover
[1.300s] Level 1:colcon.colcon_core.package_discovery:discover_packages(recursive) discover
[1.300s] INFO:colcon.colcon_core.package_discovery:Crawling recursively for packages in '/home/ryung/Desktop/dubal_ws'
[1.300s] Level 1:colcon.colcon_core.package_identification:_identify(.) by extensions ['ignore', 'ignore_ament_install']
[1.300s] Level 1:colcon.colcon_core.package_identification:_identify(.) by extension 'ignore'
[1.300s] Level 1:colcon.colcon_core.package_identification:_identify(.) by extension 'ignore_ament_install'
[1.300s] Level 1:colcon.colcon_core.package_identification:_identify(.) by extensions ['colcon_pkg']
[1.300s] Level 1:colcon.colcon_core.package_identification:_identify(.) by extension 'colcon_pkg'
[1.300s] Level 1:colcon.colcon_core.package_identification:_identify(.) by extensions ['colcon_meta']
[1.300s] Level 1:colcon.colcon_core.package_identification:_identify(.) by extension 'colcon_meta'
[1.300s] Level 1:colcon.colcon_core.package_identification:_identify(.) by extensions ['ros']
[1.300s] Level 1:colcon.colcon_core.package_identification:_identify(.) by extension 'ros'
[1.307s] Level 1:colcon.colcon_core.package_identification:_identify(.) by extensions ['cmake', 'python']
[1.307s] Level 1:colcon.colcon_core.package_identification:_identify(.) by extension 'cmake'
[1.307s] Level 1:colcon.colcon_core.package_identification:_identify(.) by extension 'python'
[1.307s] Level 1:colcon.colcon_core.package_identification:_identify(.) by extensions ['python_setup_py']
[1.307s] Level 1:colcon.colcon_core.package_identification:_identify(.) by extension 'python_setup_py'
[1.307s] Level 1:colcon.colcon_core.package_identification:_identify(build) by extensions ['ignore', 'ignore_ament_install']
[1.307s] Level 1:colcon.colcon_core.package_identification:_identify(build) by extension 'ignore'
[1.307s] Level 1:colcon.colcon_core.package_identification:_identify(build) ignored
[1.307s] Level 1:colcon.colcon_core.package_identification:_identify(install) by extensions ['ignore', 'ignore_ament_install']
[1.307s] Level 1:colcon.colcon_core.package_identification:_identify(install) by extension 'ignore'
[1.307s] Level 1:colcon.colcon_core.package_identification:_identify(install) ignored
[1.307s] Level 1:colcon.colcon_core.package_identification:_identify(log) by extensions ['ignore', 'ignore_ament_install']
[1.307s] Level 1:colcon.colcon_core.package_identification:_identify(log) by extension 'ignore'
[1.307s] Level 1:colcon.colcon_core.package_identification:_identify(log) ignored
[1.307s] Level 1:colcon.colcon_core.package_identification:_identify(src) by extensions ['ignore', 'ignore_ament_install']
[1.307s] Level 1:colcon.colcon_core.package_identification:_identify(src) by extension 'ignore'
[1.308s] Level 1:colcon.colcon_core.package_identification:_identify(src) by extension 'ignore_ament_install'
[1.308s] Level 1:colcon.colcon_core.package_identification:_identify(src) by extensions ['colcon_pkg']
[1.308s] Level 1:colcon.colcon_core.package_identification:_identify(src) by extension 'colcon_pkg'
[1.308s] Level 1:colcon.colcon_core.package_identification:_identify(src) by extensions ['colcon_meta']
[1.308s] Level 1:colcon.colcon_core.package_identification:_identify(src) by extension 'colcon_meta'
[1.308s] Level 1:colcon.colcon_core.package_identification:_identify(src) by extensions ['ros']
[1.308s] Level 1:colcon.colcon_core.package_identification:_identify(src) by extension 'ros'
[1.308s] Level 1:colcon.colcon_core.package_identification:_identify(src) by extensions ['cmake', 'python']
[1.308s] Level 1:colcon.colcon_core.package_identification:_identify(src) by extension 'cmake'
[1.308s] Level 1:colcon.colcon_core.package_identification:_identify(src) by extension 'python'
[1.308s] Level 1:colcon.colcon_core.package_identification:_identify(src) by extensions ['python_setup_py']
[1.308s] Level 1:colcon.colcon_core.package_identification:_identify(src) by extension 'python_setup_py'
[1.308s] Level 1:colcon.colcon_core.package_identification:_identify(src/controller) by extensions ['ignore', 'ignore_ament_install']
[1.308s] Level 1:colcon.colcon_core.package_identification:_identify(src/controller) by extension 'ignore'
[1.308s] Level 1:colcon.colcon_core.package_identification:_identify(src/controller) by extension 'ignore_ament_install'
[1.308s] Level 1:colcon.colcon_core.package_identification:_identify(src/controller) by extensions ['colcon_pkg']
[1.308s] Level 1:colcon.colcon_core.package_identification:_identify(src/controller) by extension 'colcon_pkg'
[1.308s] Level 1:colcon.colcon_core.package_identification:_identify(src/controller) by extensions ['colcon_meta']
[1.308s] Level 1:colcon.colcon_core.package_identification:_identify(src/controller) by extension 'colcon_meta'
[1.308s] Level 1:colcon.colcon_core.package_identification:_identify(src/controller) by extensions ['ros']
[1.308s] Level 1:colcon.colcon_core.package_identification:_identify(src/controller) by extension 'ros'
[1.310s] DEBUG:colcon.colcon_core.package_identification:Package 'src/controller' with type 'ros.ament_cmake' and name 'controller'
[1.310s] Level 1:colcon.colcon_core.package_identification:_identify(src/odrive_controller) by extensions ['ignore', 'ignore_ament_install']
[1.310s] Level 1:colcon.colcon_core.package_identification:_identify(src/odrive_controller) by extension 'ignore'
[1.310s] Level 1:colcon.colcon_core.package_identification:_identify(src/odrive_controller) by extension 'ignore_ament_install'
[1.310s] Level 1:colcon.colcon_core.package_identification:_identify(src/odrive_controller) by extensions ['colcon_pkg']
[1.310s] Level 1:colcon.colcon_core.package_identification:_identify(src/odrive_controller) by extension 'colcon_pkg'
[1.310s] Level 1:colcon.colcon_core.package_identification:_identify(src/odrive_controller) by extensions ['colcon_meta']
[1.310s] Level 1:colcon.colcon_core.package_identification:_identify(src/odrive_controller) by extension 'colcon_meta'
[1.310s] Level 1:colcon.colcon_core.package_identification:_identify(src/odrive_controller) by extensions ['ros']
[1.310s] Level 1:colcon.colcon_core.package_identification:_identify(src/odrive_controller) by extension 'ros'
[1.310s] DEBUG:colcon.colcon_core.package_identification:Package 'src/odrive_controller' with type 'ros.ament_python' and name 'odrive_controller'
[1.310s] Level 1:colcon.colcon_core.package_identification:_identify(src/serial_reciver) by extensions ['ignore', 'ignore_ament_install']
[1.310s] Level 1:colcon.colcon_core.package_identification:_identify(src/serial_reciver) by extension 'ignore'
[1.310s] Level 1:colcon.colcon_core.package_identification:_identify(src/serial_reciver) by extension 'ignore_ament_install'
[1.310s] Level 1:colcon.colcon_core.package_identification:_identify(src/serial_reciver) by extensions ['colcon_pkg']
[1.310s] Level 1:colcon.colcon_core.package_identification:_identify(src/serial_reciver) by extension 'colcon_pkg'
[1.310s] Level 1:colcon.colcon_core.package_identification:_identify(src/serial_reciver) by extensions ['colcon_meta']
[1.310s] Level 1:colcon.colcon_core.package_identification:_identify(src/serial_reciver) by extension 'colcon_meta'
[1.310s] Level 1:colcon.colcon_core.package_identification:_identify(src/serial_reciver) by extensions ['ros']
[1.310s] Level 1:colcon.colcon_core.package_identification:_identify(src/serial_reciver) by extension 'ros'
[1.311s] DEBUG:colcon.colcon_core.package_identification:Package 'src/serial_reciver' with type 'ros.ament_python' and name 'serial_reciver'
[1.311s] Level 1:colcon.colcon_core.package_discovery:discover_packages(recursive) using defaults
[1.311s] Level 1:colcon.colcon_core.package_discovery:discover_packages(ignore) discover
[1.311s] Level 1:colcon.colcon_core.package_discovery:discover_packages(ignore) using defaults
[1.311s] Level 1:colcon.colcon_core.package_discovery:discover_packages(path) discover
[1.311s] Level 1:colcon.colcon_core.package_discovery:discover_packages(path) using defaults
[1.426s] Level 1:colcon.colcon_core.package_discovery:discover_packages(prefix_path) check parameters
[1.426s] Level 1:colcon.colcon_core.package_discovery:discover_packages(prefix_path) discover
[1.472s] DEBUG:colcon.colcon_installed_package_information.package_discovery:Found 279 installed packages in /opt/ros/foxy
[1.472s] Level 1:colcon.colcon_core.package_discovery:discover_packages(prefix_path) using defaults
[1.555s] Level 5:colcon.colcon_core.verb:set package 'controller' build argument 'cmake_args' from command line to 'None'
[1.555s] Level 5:colcon.colcon_core.verb:set package 'controller' build argument 'cmake_target' from command line to 'None'
[1.555s] Level 5:colcon.colcon_core.verb:set package 'controller' build argument 'cmake_target_skip_unavailable' from command line to 'False'
[1.555s] Level 5:colcon.colcon_core.verb:set package 'controller' build argument 'cmake_clean_cache' from command line to 'False'
[1.555s] Level 5:colcon.colcon_core.verb:set package 'controller' build argument 'cmake_clean_first' from command line to 'False'
[1.555s] Level 5:colcon.colcon_core.verb:set package 'controller' build argument 'cmake_force_configure' from command line to 'False'
[1.555s] Level 5:colcon.colcon_core.verb:set package 'controller' build argument 'ament_cmake_args' from command line to 'None'
[1.555s] Level 5:colcon.colcon_core.verb:set package 'controller' build argument 'catkin_cmake_args' from command line to 'None'
[1.555s] Level 5:colcon.colcon_core.verb:set package 'controller' build argument 'catkin_skip_building_tests' from command line to 'False'
[1.555s] DEBUG:colcon.colcon_core.verb:Building package 'controller' with the following arguments: {'ament_cmake_args': None, 'build_base': '/home/ryung/Desktop/dubal_ws/build/controller', 'catkin_cmake_args': None, 'catkin_skip_building_tests': False, 'cmake_args': None, 'cmake_clean_cache': False, 'cmake_clean_first': False, 'cmake_force_configure': False, 'cmake_target': None, 'cmake_target_skip_unavailable': False, 'install_base': '/home/ryung/Desktop/dubal_ws/install/controller', 'merge_install': False, 'path': '/home/ryung/Desktop/dubal_ws/src/controller', 'symlink_install': False, 'test_result_base': None}
[1.575s] Level 5:colcon.colcon_core.verb:set package 'odrive_controller' build argument 'cmake_args' from command line to 'None'
[1.575s] Level 5:colcon.colcon_core.verb:set package 'odrive_controller' build argument 'cmake_target' from command line to 'None'
[1.575s] Level 5:colcon.colcon_core.verb:set package 'odrive_controller' build argument 'cmake_target_skip_unavailable' from command line to 'False'
[1.575s] Level 5:colcon.colcon_core.verb:set package 'odrive_controller' build argument 'cmake_clean_cache' from command line to 'False'
[1.575s] Level 5:colcon.colcon_core.verb:set package 'odrive_controller' build argument 'cmake_clean_first' from command line to 'False'
[1.575s] Level 5:colcon.colcon_core.verb:set package 'odrive_controller' build argument 'cmake_force_configure' from command line to 'False'
[1.575s] Level 5:colcon.colcon_core.verb:set package 'odrive_controller' build argument 'ament_cmake_args' from command line to 'None'
[1.575s] Level 5:colcon.colcon_core.verb:set package 'odrive_controller' build argument 'catkin_cmake_args' from command line to 'None'
[1.575s] Level 5:colcon.colcon_core.verb:set package 'odrive_controller' build argument 'catkin_skip_building_tests' from command line to 'False'
[1.575s] DEBUG:colcon.colcon_core.verb:Building package 'odrive_controller' with the following arguments: {'ament_cmake_args': None, 'build_base': '/home/ryung/Desktop/dubal_ws/build/odrive_controller', 'catkin_cmake_args': None, 'catkin_skip_building_tests': False, 'cmake_args': None, 'cmake_clean_cache': False, 'cmake_clean_first': False, 'cmake_force_configure': False, 'cmake_target': None, 'cmake_target_skip_unavailable': False, 'install_base': '/home/ryung/Desktop/dubal_ws/install/odrive_controller', 'merge_install': False, 'path': '/home/ryung/Desktop/dubal_ws/src/odrive_controller', 'symlink_install': False, 'test_result_base': None}
[1.595s] Level 5:colcon.colcon_core.verb:set package 'serial_reciver' build argument 'cmake_args' from command line to 'None'
[1.595s] Level 5:colcon.colcon_core.verb:set package 'serial_reciver' build argument 'cmake_target' from command line to 'None'
[1.595s] Level 5:colcon.colcon_core.verb:set package 'serial_reciver' build argument 'cmake_target_skip_unavailable' from command line to 'False'
[1.595s] Level 5:colcon.colcon_core.verb:set package 'serial_reciver' build argument 'cmake_clean_cache' from command line to 'False'
[1.595s] Level 5:colcon.colcon_core.verb:set package 'serial_reciver' build argument 'cmake_clean_first' from command line to 'False'
[1.595s] Level 5:colcon.colcon_core.verb:set package 'serial_reciver' build argument 'cmake_force_configure' from command line to 'False'
[1.595s] Level 5:colcon.colcon_core.verb:set package 'serial_reciver' build argument 'ament_cmake_args' from command line to 'None'
[1.595s] Level 5:colcon.colcon_core.verb:set package 'serial_reciver' build argument 'catkin_cmake_args' from command line to 'None'
[1.595s] Level 5:colcon.colcon_core.verb:set package 'serial_reciver' build argument 'catkin_skip_building_tests' from command line to 'False'
[1.595s] DEBUG:colcon.colcon_core.verb:Building package 'serial_reciver' with the following arguments: {'ament_cmake_args': None, 'build_base': '/home/ryung/Desktop/dubal_ws/build/serial_reciver', 'catkin_cmake_args': None, 'catkin_skip_building_tests': False, 'cmake_args': None, 'cmake_clean_cache': False, 'cmake_clean_first': False, 'cmake_force_configure': False, 'cmake_target': None, 'cmake_target_skip_unavailable': False, 'install_base': '/home/ryung/Desktop/dubal_ws/install/serial_reciver', 'merge_install': False, 'path': '/home/ryung/Desktop/dubal_ws/src/serial_reciver', 'symlink_install': False, 'test_result_base': None}
[1.615s] INFO:colcon.colcon_core.executor:Executing jobs using 'parallel' executor
[1.636s] DEBUG:colcon.colcon_parallel_executor.executor.parallel:run_until_complete
[1.636s] INFO:colcon.colcon_ros.task.ament_cmake.build:Building ROS package in '/home/ryung/Desktop/dubal_ws/src/controller' with build type 'ament_cmake'
[1.636s] INFO:colcon.colcon_cmake.task.cmake.build:Building CMake package in '/home/ryung/Desktop/dubal_ws/src/controller'
[1.658s] INFO:colcon.colcon_core.plugin_system:Skipping extension 'colcon_core.shell.bat': Not used on non-Windows systems
[1.658s] INFO:colcon.colcon_core.shell:Skip shell extension 'powershell' for command environment: Not usable outside of PowerShell
[1.658s] DEBUG:colcon.colcon_core.shell:Skip shell extension 'dsv' for command environment
[1.705s] INFO:colcon.colcon_ros.task.ament_python.build:Building ROS package in '/home/ryung/Desktop/dubal_ws/src/odrive_controller' with build type 'ament_python'
[1.705s] Level 1:colcon.colcon_core.shell:create_environment_hook('odrive_controller', 'ament_prefix_path')
[1.728s] INFO:colcon.colcon_core.shell:Creating environment hook '/home/ryung/Desktop/dubal_ws/install/odrive_controller/share/odrive_controller/hook/ament_prefix_path.ps1'
[1.728s] INFO:colcon.colcon_core.shell:Creating environment descriptor '/home/ryung/Desktop/dubal_ws/install/odrive_controller/share/odrive_controller/hook/ament_prefix_path.dsv'
[1.728s] INFO:colcon.colcon_core.shell:Creating environment hook '/home/ryung/Desktop/dubal_ws/install/odrive_controller/share/odrive_controller/hook/ament_prefix_path.sh'
[1.751s] INFO:colcon.colcon_core.shell:Skip shell extension 'powershell' for command environment: Not usable outside of PowerShell
[1.751s] DEBUG:colcon.colcon_core.shell:Skip shell extension 'dsv' for command environment
[1.798s] INFO:colcon.colcon_ros.task.ament_python.build:Building ROS package in '/home/ryung/Desktop/dubal_ws/src/serial_reciver' with build type 'ament_python'
[1.798s] Level 1:colcon.colcon_core.shell:create_environment_hook('serial_reciver', 'ament_prefix_path')
[1.821s] INFO:colcon.colcon_core.shell:Creating environment hook '/home/ryung/Desktop/dubal_ws/install/serial_reciver/share/serial_reciver/hook/ament_prefix_path.ps1'
[1.822s] INFO:colcon.colcon_core.shell:Creating environment descriptor '/home/ryung/Desktop/dubal_ws/install/serial_reciver/share/serial_reciver/hook/ament_prefix_path.dsv'
[1.822s] INFO:colcon.colcon_core.shell:Creating environment hook '/home/ryung/Desktop/dubal_ws/install/serial_reciver/share/serial_reciver/hook/ament_prefix_path.sh'
[1.845s] INFO:colcon.colcon_core.shell:Skip shell extension 'powershell' for command environment: Not usable outside of PowerShell
[1.845s] DEBUG:colcon.colcon_core.shell:Skip shell extension 'dsv' for command environment
[1.896s] DEBUG:colcon.colcon_core.event_handler.log_command:Invoking command in '/home/ryung/Desktop/dubal_ws/build/controller': CMAKE_PREFIX_PATH=/opt/ros/foxy /usr/bin/cmake --build /home/ryung/Desktop/dubal_ws/build/controller -- -j16 -l16
[2.021s] INFO:colcon.colcon_core.task.python.build:Building Python package in '/home/ryung/Desktop/dubal_ws/src/odrive_controller'
[2.042s] INFO:colcon.colcon_core.shell:Skip shell extension 'powershell' for command environment: Not usable outside of PowerShell
[2.042s] DEBUG:colcon.colcon_core.shell:Skip shell extension 'dsv' for command environment
[2.205s] INFO:colcon.colcon_core.task.python.build:Building Python package in '/home/ryung/Desktop/dubal_ws/src/serial_reciver'
[2.226s] INFO:colcon.colcon_core.shell:Skip shell extension 'powershell' for command environment: Not usable outside of PowerShell
[2.226s] DEBUG:colcon.colcon_core.shell:Skip shell extension 'dsv' for command environment
[2.271s] DEBUG:colcon.colcon_core.event_handler.log_command:Invoked command in '/home/ryung/Desktop/dubal_ws/build/controller' returned '0': CMAKE_PREFIX_PATH=/opt/ros/foxy /usr/bin/cmake --build /home/ryung/Desktop/dubal_ws/build/controller -- -j16 -l16
[2.289s] DEBUG:colcon.colcon_core.event_handler.log_command:Invoking command in '/home/ryung/Desktop/dubal_ws/build/controller': CMAKE_PREFIX_PATH=/opt/ros/foxy /usr/bin/cmake --install /home/ryung/Desktop/dubal_ws/build/controller
[2.295s] Level 1:colcon.colcon_core.environment:create_environment_scripts_only(controller)
[2.295s] DEBUG:colcon.colcon_core.event_handler.log_command:Invoked command in '/home/ryung/Desktop/dubal_ws/build/controller' returned '0': CMAKE_PREFIX_PATH=/opt/ros/foxy /usr/bin/cmake --install /home/ryung/Desktop/dubal_ws/build/controller
[2.321s] Level 1:colcon.colcon_core.environment:checking '/home/ryung/Desktop/dubal_ws/install/controller' for CMake module files
[2.321s] Level 1:colcon.colcon_core.environment:checking '/home/ryung/Desktop/dubal_ws/install/controller' for CMake config files
[2.321s] Level 1:colcon.colcon_core.shell:create_environment_hook('controller', 'cmake_prefix_path')
[2.344s] INFO:colcon.colcon_core.shell:Creating environment hook '/home/ryung/Desktop/dubal_ws/install/controller/share/controller/hook/cmake_prefix_path.ps1'
[2.344s] INFO:colcon.colcon_core.shell:Creating environment descriptor '/home/ryung/Desktop/dubal_ws/install/controller/share/controller/hook/cmake_prefix_path.dsv'
[2.344s] INFO:colcon.colcon_core.shell:Creating environment hook '/home/ryung/Desktop/dubal_ws/install/controller/share/controller/hook/cmake_prefix_path.sh'
[2.345s] Level 1:colcon.colcon_core.environment:checking '/home/ryung/Desktop/dubal_ws/install/controller/lib'
[2.345s] Level 1:colcon.colcon_core.environment:checking '/home/ryung/Desktop/dubal_ws/install/controller/bin'
[2.345s] Level 1:colcon.colcon_core.environment:checking '/home/ryung/Desktop/dubal_ws/install/controller/lib/pkgconfig/controller.pc'
[2.345s] Level 1:colcon.colcon_core.environment:checking '/home/ryung/Desktop/dubal_ws/install/controller/lib/python3.8/site-packages'
[2.345s] Level 1:colcon.colcon_core.environment:checking '/home/ryung/Desktop/dubal_ws/install/controller/bin'
[2.375s] INFO:colcon.colcon_core.shell:Creating package script '/home/ryung/Desktop/dubal_ws/install/controller/share/controller/package.ps1'
[2.376s] INFO:colcon.colcon_core.shell:Creating package descriptor '/home/ryung/Desktop/dubal_ws/install/controller/share/controller/package.dsv'
[2.376s] INFO:colcon.colcon_core.shell:Creating package script '/home/ryung/Desktop/dubal_ws/install/controller/share/controller/package.sh'
[2.377s] INFO:colcon.colcon_core.shell:Creating package script '/home/ryung/Desktop/dubal_ws/install/controller/share/controller/package.bash'
[2.377s] INFO:colcon.colcon_core.shell:Creating package script '/home/ryung/Desktop/dubal_ws/install/controller/share/controller/package.zsh'
[2.377s] Level 1:colcon.colcon_core.environment:create_file_with_runtime_dependencies(/home/ryung/Desktop/dubal_ws/install/controller/share/colcon-core/packages/controller)
[2.413s] Level 1:colcon.colcon_core.environment:create_environment_scripts_only(controller)
[2.436s] Level 1:colcon.colcon_core.environment:checking '/home/ryung/Desktop/dubal_ws/install/controller' for CMake module files
[2.436s] Level 1:colcon.colcon_core.environment:checking '/home/ryung/Desktop/dubal_ws/install/controller' for CMake config files
[2.436s] Level 1:colcon.colcon_core.shell:create_environment_hook('controller', 'cmake_prefix_path')
[2.459s] INFO:colcon.colcon_core.shell:Creating environment hook '/home/ryung/Desktop/dubal_ws/install/controller/share/controller/hook/cmake_prefix_path.ps1'
[2.459s] INFO:colcon.colcon_core.shell:Creating environment descriptor '/home/ryung/Desktop/dubal_ws/install/controller/share/controller/hook/cmake_prefix_path.dsv'
[2.459s] INFO:colcon.colcon_core.shell:Creating environment hook '/home/ryung/Desktop/dubal_ws/install/controller/share/controller/hook/cmake_prefix_path.sh'
[2.460s] Level 1:colcon.colcon_core.environment:checking '/home/ryung/Desktop/dubal_ws/install/controller/lib'
[2.460s] Level 1:colcon.colcon_core.environment:checking '/home/ryung/Desktop/dubal_ws/install/controller/bin'
[2.460s] Level 1:colcon.colcon_core.environment:checking '/home/ryung/Desktop/dubal_ws/install/controller/lib/pkgconfig/controller.pc'
[2.460s] Level 1:colcon.colcon_core.environment:checking '/home/ryung/Desktop/dubal_ws/install/controller/lib/python3.8/site-packages'
[2.460s] Level 1:colcon.colcon_core.environment:checking '/home/ryung/Desktop/dubal_ws/install/controller/bin'
[2.483s] INFO:colcon.colcon_core.shell:Creating package script '/home/ryung/Desktop/dubal_ws/install/controller/share/controller/package.ps1'
[2.483s] INFO:colcon.colcon_core.shell:Creating package descriptor '/home/ryung/Desktop/dubal_ws/install/controller/share/controller/package.dsv'
[2.483s] INFO:colcon.colcon_core.shell:Creating package script '/home/ryung/Desktop/dubal_ws/install/controller/share/controller/package.sh'
[2.484s] INFO:colcon.colcon_core.shell:Creating package script '/home/ryung/Desktop/dubal_ws/install/controller/share/controller/package.bash'
[2.484s] INFO:colcon.colcon_core.shell:Creating package script '/home/ryung/Desktop/dubal_ws/install/controller/share/controller/package.zsh'
[2.484s] Level 1:colcon.colcon_core.environment:create_file_with_runtime_dependencies(/home/ryung/Desktop/dubal_ws/install/controller/share/colcon-core/packages/controller)
[2.508s] DEBUG:colcon.colcon_core.event_handler.log_command:Invoking command in '/home/ryung/Desktop/dubal_ws/src/odrive_controller': PYTHONPATH=/home/ryung/Desktop/dubal_ws/build/odrive_controller/prefix_override:/home/ryung/Desktop/dubal_ws/install/odrive_controller/lib/python3.8/site-packages:${PYTHONPATH} /usr/bin/python3 setup.py egg_info --egg-base ../../build/odrive_controller build --build-base /home/ryung/Desktop/dubal_ws/build/odrive_controller/build install --record /home/ryung/Desktop/dubal_ws/build/odrive_controller/install.log --install-scripts $base/lib/odrive_controller --single-version-externally-managed
[2.512s] DEBUG:colcon.colcon_core.event_handler.log_command:Invoking command in '/home/ryung/Desktop/dubal_ws/src/serial_reciver': PYTHONPATH=/home/ryung/Desktop/dubal_ws/build/serial_reciver/prefix_override:/home/ryung/Desktop/dubal_ws/install/serial_reciver/lib/python3.8/site-packages:${PYTHONPATH} /usr/bin/python3 setup.py egg_info --egg-base ../../build/serial_reciver build --build-base /home/ryung/Desktop/dubal_ws/build/serial_reciver/build install --record /home/ryung/Desktop/dubal_ws/build/serial_reciver/install.log --install-scripts $base/lib/serial_reciver --single-version-externally-managed
[2.671s] DEBUG:colcon.colcon_core.event_handler.log_command:Invoked command in '/home/ryung/Desktop/dubal_ws/src/odrive_controller' returned '0': PYTHONPATH=/home/ryung/Desktop/dubal_ws/build/odrive_controller/prefix_override:/home/ryung/Desktop/dubal_ws/install/odrive_controller/lib/python3.8/site-packages:${PYTHONPATH} /usr/bin/python3 setup.py egg_info --egg-base ../../build/odrive_controller build --build-base /home/ryung/Desktop/dubal_ws/build/odrive_controller/build install --record /home/ryung/Desktop/dubal_ws/build/odrive_controller/install.log --install-scripts $base/lib/odrive_controller --single-version-externally-managed
[2.695s] Level 1:colcon.colcon_core.environment:checking '/home/ryung/Desktop/dubal_ws/install/odrive_controller' for CMake module files
[2.695s] Level 1:colcon.colcon_core.environment:checking '/home/ryung/Desktop/dubal_ws/install/odrive_controller' for CMake config files
[2.695s] Level 1:colcon.colcon_core.environment:checking '/home/ryung/Desktop/dubal_ws/install/odrive_controller/lib'
[2.695s] Level 1:colcon.colcon_core.environment:checking '/home/ryung/Desktop/dubal_ws/install/odrive_controller/bin'
[2.695s] Level 1:colcon.colcon_core.environment:checking '/home/ryung/Desktop/dubal_ws/install/odrive_controller/lib/pkgconfig/odrive_controller.pc'
[2.696s] Level 1:colcon.colcon_core.environment:checking '/home/ryung/Desktop/dubal_ws/install/odrive_controller/lib/python3.8/site-packages'
[2.696s] Level 1:colcon.colcon_core.shell:create_environment_hook('odrive_controller', 'pythonpath')
[2.718s] INFO:colcon.colcon_core.shell:Creating environment hook '/home/ryung/Desktop/dubal_ws/install/odrive_controller/share/odrive_controller/hook/pythonpath.ps1'
[2.719s] INFO:colcon.colcon_core.shell:Creating environment descriptor '/home/ryung/Desktop/dubal_ws/install/odrive_controller/share/odrive_controller/hook/pythonpath.dsv'
[2.719s] INFO:colcon.colcon_core.shell:Creating environment hook '/home/ryung/Desktop/dubal_ws/install/odrive_controller/share/odrive_controller/hook/pythonpath.sh'
[2.719s] Level 1:colcon.colcon_core.environment:checking '/home/ryung/Desktop/dubal_ws/install/odrive_controller/bin'
[2.719s] Level 1:colcon.colcon_core.environment:create_environment_scripts_only(odrive_controller)
[2.742s] INFO:colcon.colcon_core.shell:Creating package script '/home/ryung/Desktop/dubal_ws/install/odrive_controller/share/odrive_controller/package.ps1'
[2.743s] INFO:colcon.colcon_core.shell:Creating package descriptor '/home/ryung/Desktop/dubal_ws/install/odrive_controller/share/odrive_controller/package.dsv'
[2.743s] INFO:colcon.colcon_core.shell:Creating package script '/home/ryung/Desktop/dubal_ws/install/odrive_controller/share/odrive_controller/package.sh'
[2.743s] INFO:colcon.colcon_core.shell:Creating package script '/home/ryung/Desktop/dubal_ws/install/odrive_controller/share/odrive_controller/package.bash'
[2.743s] INFO:colcon.colcon_core.shell:Creating package script '/home/ryung/Desktop/dubal_ws/install/odrive_controller/share/odrive_controller/package.zsh'
[2.743s] Level 1:colcon.colcon_core.environment:create_file_with_runtime_dependencies(/home/ryung/Desktop/dubal_ws/install/odrive_controller/share/colcon-core/packages/odrive_controller)
[2.744s] DEBUG:colcon.colcon_core.event_handler.log_command:Invoked command in '/home/ryung/Desktop/dubal_ws/src/serial_reciver' returned '0': PYTHONPATH=/home/ryung/Desktop/dubal_ws/build/serial_reciver/prefix_override:/home/ryung/Desktop/dubal_ws/install/serial_reciver/lib/python3.8/site-packages:${PYTHONPATH} /usr/bin/python3 setup.py egg_info --egg-base ../../build/serial_reciver build --build-base /home/ryung/Desktop/dubal_ws/build/serial_reciver/build install --record /home/ryung/Desktop/dubal_ws/build/serial_reciver/install.log --install-scripts $base/lib/serial_reciver --single-version-externally-managed
[2.767s] Level 1:colcon.colcon_core.environment:checking '/home/ryung/Desktop/dubal_ws/install/serial_reciver' for CMake module files
[2.768s] Level 1:colcon.colcon_core.environment:checking '/home/ryung/Desktop/dubal_ws/install/serial_reciver' for CMake config files
[2.768s] Level 1:colcon.colcon_core.environment:checking '/home/ryung/Desktop/dubal_ws/install/serial_reciver/lib'
[2.768s] Level 1:colcon.colcon_core.environment:checking '/home/ryung/Desktop/dubal_ws/install/serial_reciver/bin'
[2.768s] Level 1:colcon.colcon_core.environment:checking '/home/ryung/Desktop/dubal_ws/install/serial_reciver/lib/pkgconfig/serial_reciver.pc'
[2.768s] Level 1:colcon.colcon_core.environment:checking '/home/ryung/Desktop/dubal_ws/install/serial_reciver/lib/python3.8/site-packages'
[2.768s] Level 1:colcon.colcon_core.shell:create_environment_hook('serial_reciver', 'pythonpath')
[2.791s] INFO:colcon.colcon_core.shell:Creating environment hook '/home/ryung/Desktop/dubal_ws/install/serial_reciver/share/serial_reciver/hook/pythonpath.ps1'
[2.792s] INFO:colcon.colcon_core.shell:Creating environment descriptor '/home/ryung/Desktop/dubal_ws/install/serial_reciver/share/serial_reciver/hook/pythonpath.dsv'
[2.792s] INFO:colcon.colcon_core.shell:Creating environment hook '/home/ryung/Desktop/dubal_ws/install/serial_reciver/share/serial_reciver/hook/pythonpath.sh'
[2.792s] Level 1:colcon.colcon_core.environment:checking '/home/ryung/Desktop/dubal_ws/install/serial_reciver/bin'
[2.792s] Level 1:colcon.colcon_core.environment:create_environment_scripts_only(serial_reciver)
[2.815s] INFO:colcon.colcon_core.shell:Creating package script '/home/ryung/Desktop/dubal_ws/install/serial_reciver/share/serial_reciver/package.ps1'
[2.816s] INFO:colcon.colcon_core.shell:Creating package descriptor '/home/ryung/Desktop/dubal_ws/install/serial_reciver/share/serial_reciver/package.dsv'
[2.816s] INFO:colcon.colcon_core.shell:Creating package script '/home/ryung/Desktop/dubal_ws/install/serial_reciver/share/serial_reciver/package.sh'
[2.816s] INFO:colcon.colcon_core.shell:Creating package script '/home/ryung/Desktop/dubal_ws/install/serial_reciver/share/serial_reciver/package.bash'
[2.816s] INFO:colcon.colcon_core.shell:Creating package script '/home/ryung/Desktop/dubal_ws/install/serial_reciver/share/serial_reciver/package.zsh'
[2.816s] Level 1:colcon.colcon_core.environment:create_file_with_runtime_dependencies(/home/ryung/Desktop/dubal_ws/install/serial_reciver/share/colcon-core/packages/serial_reciver)
[2.817s] DEBUG:colcon.colcon_parallel_executor.executor.parallel:closing loop
[2.817s] DEBUG:colcon.colcon_parallel_executor.executor.parallel:loop closed
[2.817s] DEBUG:colcon.colcon_parallel_executor.executor.parallel:run_until_complete finished with '0'
[2.817s] DEBUG:colcon.colcon_core.event_reactor:joining thread
[2.844s] INFO:colcon.colcon_core.plugin_system:Skipping extension 'colcon_notification.desktop_notification.terminal_notifier': Not used on non-Darwin systems
[2.844s] INFO:colcon.colcon_core.plugin_system:Skipping extension 'colcon_notification.desktop_notification.win32': Not used on non-Windows systems
[2.844s] INFO:colcon.colcon_notification.desktop_notification:Sending desktop notification using 'notify2'
[2.853s] DEBUG:colcon.colcon_core.event_reactor:joined thread
[2.876s] INFO:colcon.colcon_core.shell:Creating prefix script '/home/ryung/Desktop/dubal_ws/install/local_setup.ps1'
[2.877s] INFO:colcon.colcon_core.shell:Creating prefix util module '/home/ryung/Desktop/dubal_ws/install/_local_setup_util_ps1.py'
[2.877s] INFO:colcon.colcon_core.shell:Creating prefix chain script '/home/ryung/Desktop/dubal_ws/install/setup.ps1'
[2.900s] INFO:colcon.colcon_core.shell:Creating prefix script '/home/ryung/Desktop/dubal_ws/install/local_setup.sh'
[2.900s] INFO:colcon.colcon_core.shell:Creating prefix util module '/home/ryung/Desktop/dubal_ws/install/_local_setup_util_sh.py'
[2.901s] INFO:colcon.colcon_core.shell:Creating prefix chain script '/home/ryung/Desktop/dubal_ws/install/setup.sh'
[2.924s] INFO:colcon.colcon_core.shell:Creating prefix script '/home/ryung/Desktop/dubal_ws/install/local_setup.bash'
[2.924s] INFO:colcon.colcon_core.shell:Creating prefix chain script '/home/ryung/Desktop/dubal_ws/install/setup.bash'
[2.947s] INFO:colcon.colcon_core.shell:Creating prefix script '/home/ryung/Desktop/dubal_ws/install/local_setup.zsh'
[2.947s] INFO:colcon.colcon_core.shell:Creating prefix chain script '/home/ryung/Desktop/dubal_ws/install/setup.zsh'
