[3.088s] Invoking command in '/home/ionia/Desktop/dubal_ws/src/localizer': PYTHONPATH=/home/ionia/Desktop/dubal_ws/build/localizer/prefix_override:/usr/lib/python3/dist-packages/colcon_core/task/python/colcon_distutils_commands:/home/ionia/Desktop/dubal_ws/install/localizer/lib/python3.8/site-packages:${PYTHONPATH} /usr/bin/python3 -W ignore:setup.py install is deprecated setup.py egg_info --egg-base ../../build/localizer build --build-base /home/ionia/Desktop/dubal_ws/build/localizer/build install --record /home/ionia/Desktop/dubal_ws/build/localizer/install.log --install-scripts $base/lib/localizer --single-version-externally-managed install_data
[3.769s] running egg_info
[3.771s] writing ../../build/localizer/localizer.egg-info/PKG-INFO
[3.771s] writing dependency_links to ../../build/localizer/localizer.egg-info/dependency_links.txt
[3.772s] writing entry points to ../../build/localizer/localizer.egg-info/entry_points.txt
[3.772s] writing requirements to ../../build/localizer/localizer.egg-info/requires.txt
[3.772s] writing top-level names to ../../build/localizer/localizer.egg-info/top_level.txt
[3.858s] reading manifest file '../../build/localizer/localizer.egg-info/SOURCES.txt'
[3.860s] writing manifest file '../../build/localizer/localizer.egg-info/SOURCES.txt'
[3.860s] running build
[3.860s] running build_py
[3.861s] copying localizer/odometry.py -> /home/ionia/Desktop/dubal_ws/build/localizer/build/lib/localizer
[3.861s] running install
[3.863s] running install_lib
[3.865s] copying /home/ionia/Desktop/dubal_ws/build/localizer/build/lib/localizer/odometry.py -> /home/ionia/Desktop/dubal_ws/install/localizer/lib/python3.8/site-packages/localizer
[3.866s] byte-compiling /home/ionia/Desktop/dubal_ws/install/localizer/lib/python3.8/site-packages/localizer/odometry.py to odometry.cpython-38.pyc
[3.870s]   File "/home/ionia/Desktop/dubal_ws/install/localizer/lib/python3.8/site-packages/localizer/odometry.py", line 205
[3.871s]     data['y'] = np.float64(msg.position[2]) np.float64(0.0525)
[3.871s]                                             ^
[3.871s] SyntaxError: invalid syntax
[3.871s] 
[3.871s] running install_data
[3.871s] running install_egg_info
[3.874s] removing '/home/ionia/Desktop/dubal_ws/install/localizer/lib/python3.8/site-packages/localizer-0.0.0-py3.8.egg-info' (and everything under it)
[3.875s] Copying ../../build/localizer/localizer.egg-info to /home/ionia/Desktop/dubal_ws/install/localizer/lib/python3.8/site-packages/localizer-0.0.0-py3.8.egg-info
[3.877s] running install_scripts
[3.914s] Installing odometry_node script to /home/ionia/Desktop/dubal_ws/install/localizer/lib/localizer
[3.914s] writing list of installed files to '/home/ionia/Desktop/dubal_ws/build/localizer/install.log'
[3.964s] Invoked command in '/home/ionia/Desktop/dubal_ws/src/localizer' returned '0': PYTHONPATH=/home/ionia/Desktop/dubal_ws/build/localizer/prefix_override:/usr/lib/python3/dist-packages/colcon_core/task/python/colcon_distutils_commands:/home/ionia/Desktop/dubal_ws/install/localizer/lib/python3.8/site-packages:${PYTHONPATH} /usr/bin/python3 -W ignore:setup.py install is deprecated setup.py egg_info --egg-base ../../build/localizer build --build-base /home/ionia/Desktop/dubal_ws/build/localizer/build install --record /home/ionia/Desktop/dubal_ws/build/localizer/install.log --install-scripts $base/lib/localizer --single-version-externally-managed install_data
