[2.431s] Invoking command in '/home/ionia/Desktop/dubal_ws/src/localizer': PYTHONPATH=/home/ionia/Desktop/dubal_ws/build/localizer/prefix_override:/usr/lib/python3/dist-packages/colcon_core/task/python/colcon_distutils_commands:/home/ionia/Desktop/dubal_ws/install/localizer/lib/python3.8/site-packages:${PYTHONPATH} /usr/bin/python3 -W ignore:setup.py install is deprecated setup.py egg_info --egg-base ../../build/localizer build --build-base /home/ionia/Desktop/dubal_ws/build/localizer/build install --record /home/ionia/Desktop/dubal_ws/build/localizer/install.log --install-scripts $base/lib/localizer --single-version-externally-managed install_data
[3.256s] running egg_info
[3.258s] writing ../../build/localizer/localizer.egg-info/PKG-INFO
[3.259s] writing dependency_links to ../../build/localizer/localizer.egg-info/dependency_links.txt
[3.259s] writing entry points to ../../build/localizer/localizer.egg-info/entry_points.txt
[3.260s] writing requirements to ../../build/localizer/localizer.egg-info/requires.txt
[3.260s] writing top-level names to ../../build/localizer/localizer.egg-info/top_level.txt
[3.344s] reading manifest file '../../build/localizer/localizer.egg-info/SOURCES.txt'
[3.346s] writing manifest file '../../build/localizer/localizer.egg-info/SOURCES.txt'
[3.347s] running build
[3.347s] running build_py
[3.348s] running install
[3.350s] running install_lib
[3.359s] running install_data
[3.359s] running install_egg_info
[3.364s] removing '/home/ionia/Desktop/dubal_ws/install/localizer/lib/python3.8/site-packages/localizer-0.0.0-py3.8.egg-info' (and everything under it)
[3.364s] Copying ../../build/localizer/localizer.egg-info to /home/ionia/Desktop/dubal_ws/install/localizer/lib/python3.8/site-packages/localizer-0.0.0-py3.8.egg-info
[3.366s] running install_scripts
[3.409s] Installing odometry_node script to /home/ionia/Desktop/dubal_ws/install/localizer/lib/localizer
[3.409s] writing list of installed files to '/home/ionia/Desktop/dubal_ws/build/localizer/install.log'
[3.457s] Invoked command in '/home/ionia/Desktop/dubal_ws/src/localizer' returned '0': PYTHONPATH=/home/ionia/Desktop/dubal_ws/build/localizer/prefix_override:/usr/lib/python3/dist-packages/colcon_core/task/python/colcon_distutils_commands:/home/ionia/Desktop/dubal_ws/install/localizer/lib/python3.8/site-packages:${PYTHONPATH} /usr/bin/python3 -W ignore:setup.py install is deprecated setup.py egg_info --egg-base ../../build/localizer build --build-base /home/ionia/Desktop/dubal_ws/build/localizer/build install --record /home/ionia/Desktop/dubal_ws/build/localizer/install.log --install-scripts $base/lib/localizer --single-version-externally-managed install_data
