[0.237s] Invoking command in '/home/ryung/Desktop/dubal_ws/build/controller': CMAKE_PREFIX_PATH=/opt/ros/foxy /usr/bin/cmake --build /home/ryung/Desktop/dubal_ws/build/controller -- -j16 -l16
[0.612s] [100%] Built target controller_main
[0.613s] Invoked command in '/home/ryung/Desktop/dubal_ws/build/controller' returned '0': CMAKE_PREFIX_PATH=/opt/ros/foxy /usr/bin/cmake --build /home/ryung/Desktop/dubal_ws/build/controller -- -j16 -l16
[0.631s] Invoking command in '/home/ryung/Desktop/dubal_ws/build/controller': CMAKE_PREFIX_PATH=/opt/ros/foxy /usr/bin/cmake --install /home/ryung/Desktop/dubal_ws/build/controller
[0.636s] -- Install configuration: ""
[0.636s] -- Up-to-date: /home/ryung/Desktop/dubal_ws/install/controller/lib/controller/controller_main
[0.636s] -- Up-to-date: /home/ryung/Desktop/dubal_ws/install/controller/share/controller/
[0.636s] -- Up-to-date: /home/ryung/Desktop/dubal_ws/install/controller/share/controller//dubal_no_eye.py
[0.636s] -- Up-to-date: /home/ryung/Desktop/dubal_ws/install/controller/share/ament_index/resource_index/package_run_dependencies/controller
[0.636s] -- Up-to-date: /home/ryung/Desktop/dubal_ws/install/controller/share/ament_index/resource_index/parent_prefix_path/controller
[0.636s] -- Up-to-date: /home/ryung/Desktop/dubal_ws/install/controller/share/controller/environment/ament_prefix_path.sh
[0.636s] -- Up-to-date: /home/ryung/Desktop/dubal_ws/install/controller/share/controller/environment/ament_prefix_path.dsv
[0.637s] -- Up-to-date: /home/ryung/Desktop/dubal_ws/install/controller/share/controller/environment/path.sh
[0.637s] -- Up-to-date: /home/ryung/Desktop/dubal_ws/install/controller/share/controller/environment/path.dsv
[0.637s] -- Up-to-date: /home/ryung/Desktop/dubal_ws/install/controller/share/controller/local_setup.bash
[0.637s] -- Up-to-date: /home/ryung/Desktop/dubal_ws/install/controller/share/controller/local_setup.sh
[0.637s] -- Up-to-date: /home/ryung/Desktop/dubal_ws/install/controller/share/controller/local_setup.zsh
[0.637s] -- Up-to-date: /home/ryung/Desktop/dubal_ws/install/controller/share/controller/local_setup.dsv
[0.638s] -- Installing: /home/ryung/Desktop/dubal_ws/install/controller/share/controller/package.dsv
[0.638s] -- Up-to-date: /home/ryung/Desktop/dubal_ws/install/controller/share/ament_index/resource_index/packages/controller
[0.638s] -- Up-to-date: /home/ryung/Desktop/dubal_ws/install/controller/share/controller/cmake/controllerConfig.cmake
[0.638s] -- Up-to-date: /home/ryung/Desktop/dubal_ws/install/controller/share/controller/cmake/controllerConfig-version.cmake
[0.638s] -- Up-to-date: /home/ryung/Desktop/dubal_ws/install/controller/share/controller/package.xml
[0.638s] Invoked command in '/home/ryung/Desktop/dubal_ws/build/controller' returned '0': CMAKE_PREFIX_PATH=/opt/ros/foxy /usr/bin/cmake --install /home/ryung/Desktop/dubal_ws/build/controller
