[0.773s] Invoking command in '/home/ryung/Desktop/dubal_ws/src/serial_reciver': PYTHONPATH=/home/ryung/Desktop/dubal_ws/build/serial_reciver/prefix_override:/home/ryung/Desktop/dubal_ws/install/serial_reciver/lib/python3.8/site-packages:${PYTHONPATH} /usr/bin/python3 setup.py egg_info --egg-base ../../build/serial_reciver build --build-base /home/ryung/Desktop/dubal_ws/build/serial_reciver/build install --record /home/ryung/Desktop/dubal_ws/build/serial_reciver/install.log --install-scripts $base/lib/serial_reciver --single-version-externally-managed
[0.887s] running egg_info
[0.888s] writing ../../build/serial_reciver/serial_reciver.egg-info/PKG-INFO
[0.888s] writing dependency_links to ../../build/serial_reciver/serial_reciver.egg-info/dependency_links.txt
[0.888s] writing entry points to ../../build/serial_reciver/serial_reciver.egg-info/entry_points.txt
[0.888s] writing requirements to ../../build/serial_reciver/serial_reciver.egg-info/requires.txt
[0.888s] writing top-level names to ../../build/serial_reciver/serial_reciver.egg-info/top_level.txt
[0.907s] reading manifest file '../../build/serial_reciver/serial_reciver.egg-info/SOURCES.txt'
[0.908s] writing manifest file '../../build/serial_reciver/serial_reciver.egg-info/SOURCES.txt'
[0.908s] running build
[0.908s] running build_py
[0.908s] running install
[0.908s] running install_lib
[0.909s] running install_data
[0.909s] running install_egg_info
[0.910s] removing '/home/ryung/Desktop/dubal_ws/install/serial_reciver/lib/python3.8/site-packages/serial_reciver-0.0.0-py3.8.egg-info' (and everything under it)
[0.910s] Copying ../../build/serial_reciver/serial_reciver.egg-info to /home/ryung/Desktop/dubal_ws/install/serial_reciver/lib/python3.8/site-packages/serial_reciver-0.0.0-py3.8.egg-info
[0.911s] running install_scripts
[0.921s] Installing serial_reciver_node script to /home/ryung/Desktop/dubal_ws/install/serial_reciver/lib/serial_reciver
[0.921s] writing list of installed files to '/home/ryung/Desktop/dubal_ws/build/serial_reciver/install.log'
[1.005s] Invoked command in '/home/ryung/Desktop/dubal_ws/src/serial_reciver' returned '0': PYTHONPATH=/home/ryung/Desktop/dubal_ws/build/serial_reciver/prefix_override:/home/ryung/Desktop/dubal_ws/install/serial_reciver/lib/python3.8/site-packages:${PYTHONPATH} /usr/bin/python3 setup.py egg_info --egg-base ../../build/serial_reciver build --build-base /home/ryung/Desktop/dubal_ws/build/serial_reciver/build install --record /home/ryung/Desktop/dubal_ws/build/serial_reciver/install.log --install-scripts $base/lib/serial_reciver --single-version-externally-managed
