[0.052s] Invoking command in '/home/ionia/Desktop/dubal_ws/build/controller': CMAKE_PREFIX_PATH=${CMAKE_PREFIX_PATH}:/home/ionia/Desktop/dubal_ws/install/serial_reciver:/home/ionia/Desktop/dubal_ws/install/odrive_controller:/home/ionia/Desktop/dubal_ws/install/dubal_eye_AND_web:/opt/ros/foxy /usr/bin/cmake --build /home/ionia/Desktop/dubal_ws/build/controller -- -j4 -l4
[1.312s] [ 50%] [32mBuilding CXX object CMakeFiles/controller_main.dir/src/controller_main.cpp.o[0m
[2.823s] In file included from [01m[K/home/ionia/Desktop/dubal_ws/src/controller/src/controller_main.cpp:2[m[K:
[2.823s] [01m[K/home/ionia/Desktop/dubal_ws/src/controller/include/controller_main_function.h:[m[K In function ‘[01m[Kfloat computePID(float, float, float, float, int)[m[K’:
[2.824s] [01m[K/home/ionia/Desktop/dubal_ws/src/controller/include/controller_main_function.h:94:30:[m[K [01;31m[Kerror: [m[K‘[01m[Kerror[m[K’ was not declared in this scope; did you mean ‘[01m[Kperror[m[K’?
[2.824s]    94 |     float P = Kp[PID_case] * [01;31m[Kerror[m[K;
[2.824s]       |                              [01;31m[K^~~~~[m[K
[2.824s]       |                              [32m[Kperror[m[K
[2.827s] [01m[K/home/ionia/Desktop/dubal_ws/src/controller/src/controller_main.cpp:[m[K In function ‘[01m[Kvoid balancing_controller()[m[K’:
[2.827s] [01m[K/home/ionia/Desktop/dubal_ws/src/controller/src/controller_main.cpp:7:5:[m[K [01;31m[Kerror: [m[K‘[01m[Kref_1_in[m[K’ was not declared in this scope; did you mean ‘[01m[Kref_0_in[m[K’?
[2.827s]     7 |     [01;31m[Kref_1_in[m[K+=0.01*ref[1]*dt;
[2.827s]       |     [01;31m[K^~~~~~~~[m[K
[2.828s]       |     [32m[Kref_0_in[m[K
[2.870s] In file included from [01m[K/opt/ros/foxy/include/rclcpp/client.hpp:40[m[K,
[2.871s]                  from [01m[K/opt/ros/foxy/include/rclcpp/callback_group.hpp:23[m[K,
[2.871s]                  from [01m[K/opt/ros/foxy/include/rclcpp/any_executable.hpp:20[m[K,
[2.872s]                  from [01m[K/opt/ros/foxy/include/rclcpp/memory_strategy.hpp:24[m[K,
[2.872s]                  from [01m[K/opt/ros/foxy/include/rclcpp/memory_strategies.hpp:18[m[K,
[2.872s]                  from [01m[K/opt/ros/foxy/include/rclcpp/executor_options.hpp:20[m[K,
[2.872s]                  from [01m[K/opt/ros/foxy/include/rclcpp/executor.hpp:33[m[K,
[2.872s]                  from [01m[K/opt/ros/foxy/include/rclcpp/executors/multi_threaded_executor.hpp:26[m[K,
[2.872s]                  from [01m[K/opt/ros/foxy/include/rclcpp/executors.hpp:21[m[K,
[2.872s]                  from [01m[K/opt/ros/foxy/include/rclcpp/rclcpp.hpp:146[m[K,
[2.872s]                  from [01m[K/home/ionia/Desktop/dubal_ws/src/controller/include/controller_main.h:5[m[K,
[2.873s]                  from [01m[K/home/ionia/Desktop/dubal_ws/src/controller/src/controller_main.cpp:1[m[K:
[2.873s] [01m[K/home/ionia/Desktop/dubal_ws/src/controller/src/controller_main.cpp:[m[K In function ‘[01m[Kint main(int, char**)[m[K’:
[2.873s] [01m[K/home/ionia/Desktop/dubal_ws/src/controller/src/controller_main.cpp:99:116:[m[K [01;31m[Kerror: [m[K‘[01m[Kref_1_in[m[K’ was not declared in this scope; did you mean ‘[01m[Kref_0_in[m[K’?
[2.873s]    99 | "pos:%f,%f | pitch:%f,%f | yaw:%f,%f", pos_x+0.22*imu_theta, [01;31m[Kref_1_in[m[K, imu_theta, ref_theta+0.0066, imu_psi, ref_0_in);
[2.873s]       |                                                              [01;31m[K^~~~~~~~[m[K
[2.873s] 
[2.894s] [01m[K/home/ionia/Desktop/dubal_ws/src/controller/src/controller_main.cpp:106:9:[m[K [01;31m[Kerror: [m[K‘[01m[Kloop_rate[m[K’ was not declared in this scope
[2.894s]   106 |         [01;31m[Kloop_rate[m[K.sleep();
[2.894s]       |         [01;31m[K^~~~~~~~~[m[K
[4.939s] make[2]: *** [CMakeFiles/controller_main.dir/build.make:63: CMakeFiles/controller_main.dir/src/controller_main.cpp.o] Error 1
[4.940s] make[1]: *** [CMakeFiles/Makefile2:78: CMakeFiles/controller_main.dir/all] Error 2
[4.940s] make: *** [Makefile:141: all] Error 2
[4.943s] Invoked command in '/home/ionia/Desktop/dubal_ws/build/controller' returned '2': CMAKE_PREFIX_PATH=${CMAKE_PREFIX_PATH}:/home/ionia/Desktop/dubal_ws/install/serial_reciver:/home/ionia/Desktop/dubal_ws/install/odrive_controller:/home/ionia/Desktop/dubal_ws/install/dubal_eye_AND_web:/opt/ros/foxy /usr/bin/cmake --build /home/ionia/Desktop/dubal_ws/build/controller -- -j4 -l4
