[0.049s] Invoking command in '/home/ionia/Desktop/dubal_ws/build/controller': CMAKE_PREFIX_PATH=${CMAKE_PREFIX_PATH}:/home/ionia/Desktop/dubal_ws/install/serial_reciver:/home/ionia/Desktop/dubal_ws/install/odrive_controller:/home/ionia/Desktop/dubal_ws/install/dubal_eye_AND_web:/opt/ros/foxy /usr/bin/cmake --build /home/ionia/Desktop/dubal_ws/build/controller -- -j4 -l4
[1.025s] [100%] Built target controller_main
[1.026s] make: Warning: File 'Makefile' has modification time 24376419 s in the future
[1.027s] make[1]: Warning: File 'CMakeFiles/Makefile2' has modification time 24376419 s in the future
[1.027s] make[2]: Warning: File 'CMakeFiles/controller_main.dir/flags.make' has modification time 24348174 s in the future
[1.028s] make[2]: warning:  Clock skew detected.  Your build may be incomplete.
[1.029s] make[2]: Warning: File 'CMakeFiles/controller_main.dir/flags.make' has modification time 24348174 s in the future
[1.030s] make[2]: warning:  Clock skew detected.  Your build may be incomplete.
[1.034s] make[1]: warning:  Clock skew detected.  Your build may be incomplete.
[1.034s] make: warning:  Clock skew detected.  Your build may be incomplete.
[1.035s] Invoked command in '/home/ionia/Desktop/dubal_ws/build/controller' returned '0': CMAKE_PREFIX_PATH=${CMAKE_PREFIX_PATH}:/home/ionia/Desktop/dubal_ws/install/serial_reciver:/home/ionia/Desktop/dubal_ws/install/odrive_controller:/home/ionia/Desktop/dubal_ws/install/dubal_eye_AND_web:/opt/ros/foxy /usr/bin/cmake --build /home/ionia/Desktop/dubal_ws/build/controller -- -j4 -l4
[1.112s] Invoking command in '/home/ionia/Desktop/dubal_ws/build/controller': CMAKE_PREFIX_PATH=${CMAKE_PREFIX_PATH}:/home/ionia/Desktop/dubal_ws/install/serial_reciver:/home/ionia/Desktop/dubal_ws/install/odrive_controller:/home/ionia/Desktop/dubal_ws/install/dubal_eye_AND_web:/opt/ros/foxy /usr/bin/cmake --install /home/ionia/Desktop/dubal_ws/build/controller
[1.133s] -- Install configuration: ""
[1.134s] -- Up-to-date: /home/ionia/Desktop/dubal_ws/install/controller/lib/controller/controller_main
[1.134s] -- Up-to-date: /home/ionia/Desktop/dubal_ws/install/controller/share/controller/
[1.135s] -- Up-to-date: /home/ionia/Desktop/dubal_ws/install/controller/share/controller//dubal_jjas_eye.py
[1.135s] -- Up-to-date: /home/ionia/Desktop/dubal_ws/install/controller/share/controller//dubal_no_eye.py
[1.135s] -- Up-to-date: /home/ionia/Desktop/dubal_ws/install/controller/share/ament_index/resource_index/package_run_dependencies/controller
[1.135s] -- Up-to-date: /home/ionia/Desktop/dubal_ws/install/controller/share/ament_index/resource_index/parent_prefix_path/controller
[1.135s] -- Up-to-date: /home/ionia/Desktop/dubal_ws/install/controller/share/controller/environment/ament_prefix_path.sh
[1.136s] -- Up-to-date: /home/ionia/Desktop/dubal_ws/install/controller/share/controller/environment/ament_prefix_path.dsv
[1.136s] -- Up-to-date: /home/ionia/Desktop/dubal_ws/install/controller/share/controller/environment/path.sh
[1.136s] -- Up-to-date: /home/ionia/Desktop/dubal_ws/install/controller/share/controller/environment/path.dsv
[1.136s] -- Up-to-date: /home/ionia/Desktop/dubal_ws/install/controller/share/controller/local_setup.bash
[1.136s] -- Up-to-date: /home/ionia/Desktop/dubal_ws/install/controller/share/controller/local_setup.sh
[1.137s] -- Up-to-date: /home/ionia/Desktop/dubal_ws/install/controller/share/controller/local_setup.zsh
[1.137s] -- Up-to-date: /home/ionia/Desktop/dubal_ws/install/controller/share/controller/local_setup.dsv
[1.137s] -- Installing: /home/ionia/Desktop/dubal_ws/install/controller/share/controller/package.dsv
[1.137s] -- Up-to-date: /home/ionia/Desktop/dubal_ws/install/controller/share/ament_index/resource_index/packages/controller
[1.138s] -- Up-to-date: /home/ionia/Desktop/dubal_ws/install/controller/share/controller/cmake/controllerConfig.cmake
[1.138s] -- Up-to-date: /home/ionia/Desktop/dubal_ws/install/controller/share/controller/cmake/controllerConfig-version.cmake
[1.138s] -- Up-to-date: /home/ionia/Desktop/dubal_ws/install/controller/share/controller/package.xml
[1.142s] Invoked command in '/home/ionia/Desktop/dubal_ws/build/controller' returned '0': CMAKE_PREFIX_PATH=${CMAKE_PREFIX_PATH}:/home/ionia/Desktop/dubal_ws/install/serial_reciver:/home/ionia/Desktop/dubal_ws/install/odrive_controller:/home/ionia/Desktop/dubal_ws/install/dubal_eye_AND_web:/opt/ros/foxy /usr/bin/cmake --install /home/ionia/Desktop/dubal_ws/build/controller
