[5.370s] Invoking command in '/home/ionia/Desktop/dubal_ws/src/localizer': PYTHONPATH=/home/ionia/Desktop/dubal_ws/build/localizer/prefix_override:/usr/lib/python3/dist-packages/colcon_core/task/python/colcon_distutils_commands:/home/ionia/Desktop/dubal_ws/install/localizer/lib/python3.8/site-packages:${PYTHONPATH} /usr/bin/python3 -W ignore:setup.py install is deprecated setup.py egg_info --egg-base ../../build/localizer build --build-base /home/ionia/Desktop/dubal_ws/build/localizer/build install --record /home/ionia/Desktop/dubal_ws/build/localizer/install.log --install-scripts $base/lib/localizer --single-version-externally-managed install_data
[6.508s] running egg_info
[6.509s] writing ../../build/localizer/localizer.egg-info/PKG-INFO
[6.510s] writing dependency_links to ../../build/localizer/localizer.egg-info/dependency_links.txt
[6.510s] writing entry points to ../../build/localizer/localizer.egg-info/entry_points.txt
[6.510s] writing requirements to ../../build/localizer/localizer.egg-info/requires.txt
[6.511s] writing top-level names to ../../build/localizer/localizer.egg-info/top_level.txt
[6.689s] reading manifest file '../../build/localizer/localizer.egg-info/SOURCES.txt'
[6.691s] writing manifest file '../../build/localizer/localizer.egg-info/SOURCES.txt'
[6.691s] running build
[6.691s] running build_py
[6.692s] running install
[6.694s] running install_lib
[6.700s] running install_data
[6.702s] running install_egg_info
[6.706s] removing '/home/ionia/Desktop/dubal_ws/install/localizer/lib/python3.8/site-packages/localizer-0.0.0-py3.8.egg-info' (and everything under it)
[6.707s] Copying ../../build/localizer/localizer.egg-info to /home/ionia/Desktop/dubal_ws/install/localizer/lib/python3.8/site-packages/localizer-0.0.0-py3.8.egg-info
[6.709s] running install_scripts
[6.764s] Installing odometry_node script to /home/ionia/Desktop/dubal_ws/install/localizer/lib/localizer
[6.765s] writing list of installed files to '/home/ionia/Desktop/dubal_ws/build/localizer/install.log'
[6.864s] Invoked command in '/home/ionia/Desktop/dubal_ws/src/localizer' returned '0': PYTHONPATH=/home/ionia/Desktop/dubal_ws/build/localizer/prefix_override:/usr/lib/python3/dist-packages/colcon_core/task/python/colcon_distutils_commands:/home/ionia/Desktop/dubal_ws/install/localizer/lib/python3.8/site-packages:${PYTHONPATH} /usr/bin/python3 -W ignore:setup.py install is deprecated setup.py egg_info --egg-base ../../build/localizer build --build-base /home/ionia/Desktop/dubal_ws/build/localizer/build install --record /home/ionia/Desktop/dubal_ws/build/localizer/install.log --install-scripts $base/lib/localizer --single-version-externally-managed install_data
