[1.164s] DEBUG:colcon:Command line arguments: ['/usr/bin/colcon', 'build']
[1.164s] DEBUG:colcon:Parsed command line arguments: Namespace(allow_overriding=[], ament_cmake_args=None, base_paths=['.'], build_base='build', catkin_cmake_args=None, catkin_skip_building_tests=False, cmake_args=None, cmake_clean_cache=False, cmake_clean_first=False, cmake_force_configure=False, cmake_target=None, cmake_target_skip_unavailable=False, continue_on_error=False, event_handlers=None, executor='parallel', ignore_user_meta=False, install_base='install', log_base=None, log_level=None, main=<bound method BuildVerb.main of <colcon_core.verb.build.BuildVerb object at 0x7fbc1b4abb80>>, merge_install=False, metas=['./colcon.meta'], packages_above=None, packages_above_and_dependencies=None, packages_above_depth=None, packages_end=None, packages_ignore=None, packages_ignore_regex=None, packages_select=None, packages_select_build_failed=False, packages_select_by_dep=None, packages_select_regex=None, packages_select_test_failures=False, packages_skip=None, packages_skip_build_finished=False, packages_skip_by_dep=None, packages_skip_regex=None, packages_skip_test_passed=False, packages_skip_up_to=None, packages_start=None, packages_up_to=None, packages_up_to_regex=None, parallel_workers=16, paths=None, symlink_install=False, test_result_base=None, verb_extension=<colcon_core.verb.build.BuildVerb object at 0x7fbc1b4abb80>, verb_name='build', verb_parser=<colcon_defaults.argument_parser.defaults.DefaultArgumentsDecorator object at 0x7fbc1b14c340>)
[1.221s] Level 1:colcon.colcon_core.package_discovery:discover_packages(colcon_meta) check parameters
[1.221s] Level 1:colcon.colcon_core.package_discovery:discover_packages(recursive) check parameters
[1.221s] Level 1:colcon.colcon_core.package_discovery:discover_packages(ignore) check parameters
[1.221s] Level 1:colcon.colcon_core.package_discovery:discover_packages(path) check parameters
[1.221s] Level 1:colcon.colcon_core.package_discovery:discover_packages(colcon_meta) discover
[1.221s] Level 1:colcon.colcon_core.package_discovery:discover_packages(recursive) discover
[1.221s] INFO:colcon.colcon_core.package_discovery:Crawling recursively for packages in '/home/ryung/Desktop/dubal_ws'
[1.221s] Level 1:colcon.colcon_core.package_identification:_identify(.) by extensions ['ignore', 'ignore_ament_install']
[1.221s] Level 1:colcon.colcon_core.package_identification:_identify(.) by extension 'ignore'
[1.221s] Level 1:colcon.colcon_core.package_identification:_identify(.) by extension 'ignore_ament_install'
[1.221s] Level 1:colcon.colcon_core.package_identification:_identify(.) by extensions ['colcon_pkg']
[1.221s] Level 1:colcon.colcon_core.package_identification:_identify(.) by extension 'colcon_pkg'
[1.221s] Level 1:colcon.colcon_core.package_identification:_identify(.) by extensions ['colcon_meta']
[1.221s] Level 1:colcon.colcon_core.package_identification:_identify(.) by extension 'colcon_meta'
[1.221s] Level 1:colcon.colcon_core.package_identification:_identify(.) by extensions ['ros']
[1.221s] Level 1:colcon.colcon_core.package_identification:_identify(.) by extension 'ros'
[1.227s] Level 1:colcon.colcon_core.package_identification:_identify(.) by extensions ['cmake', 'python']
[1.227s] Level 1:colcon.colcon_core.package_identification:_identify(.) by extension 'cmake'
[1.227s] Level 1:colcon.colcon_core.package_identification:_identify(.) by extension 'python'
[1.227s] Level 1:colcon.colcon_core.package_identification:_identify(.) by extensions ['python_setup_py']
[1.227s] Level 1:colcon.colcon_core.package_identification:_identify(.) by extension 'python_setup_py'
[1.227s] Level 1:colcon.colcon_core.package_identification:_identify(build) by extensions ['ignore', 'ignore_ament_install']
[1.227s] Level 1:colcon.colcon_core.package_identification:_identify(build) by extension 'ignore'
[1.227s] Level 1:colcon.colcon_core.package_identification:_identify(build) ignored
[1.227s] Level 1:colcon.colcon_core.package_identification:_identify(install) by extensions ['ignore', 'ignore_ament_install']
[1.228s] Level 1:colcon.colcon_core.package_identification:_identify(install) by extension 'ignore'
[1.228s] Level 1:colcon.colcon_core.package_identification:_identify(install) ignored
[1.228s] Level 1:colcon.colcon_core.package_identification:_identify(log) by extensions ['ignore', 'ignore_ament_install']
[1.228s] Level 1:colcon.colcon_core.package_identification:_identify(log) by extension 'ignore'
[1.228s] Level 1:colcon.colcon_core.package_identification:_identify(log) ignored
[1.228s] Level 1:colcon.colcon_core.package_identification:_identify(src) by extensions ['ignore', 'ignore_ament_install']
[1.228s] Level 1:colcon.colcon_core.package_identification:_identify(src) by extension 'ignore'
[1.228s] Level 1:colcon.colcon_core.package_identification:_identify(src) by extension 'ignore_ament_install'
[1.228s] Level 1:colcon.colcon_core.package_identification:_identify(src) by extensions ['colcon_pkg']
[1.228s] Level 1:colcon.colcon_core.package_identification:_identify(src) by extension 'colcon_pkg'
[1.228s] Level 1:colcon.colcon_core.package_identification:_identify(src) by extensions ['colcon_meta']
[1.228s] Level 1:colcon.colcon_core.package_identification:_identify(src) by extension 'colcon_meta'
[1.228s] Level 1:colcon.colcon_core.package_identification:_identify(src) by extensions ['ros']
[1.228s] Level 1:colcon.colcon_core.package_identification:_identify(src) by extension 'ros'
[1.228s] Level 1:colcon.colcon_core.package_identification:_identify(src) by extensions ['cmake', 'python']
[1.228s] Level 1:colcon.colcon_core.package_identification:_identify(src) by extension 'cmake'
[1.228s] Level 1:colcon.colcon_core.package_identification:_identify(src) by extension 'python'
[1.228s] Level 1:colcon.colcon_core.package_identification:_identify(src) by extensions ['python_setup_py']
[1.228s] Level 1:colcon.colcon_core.package_identification:_identify(src) by extension 'python_setup_py'
[1.228s] Level 1:colcon.colcon_core.package_identification:_identify(src/controller) by extensions ['ignore', 'ignore_ament_install']
[1.228s] Level 1:colcon.colcon_core.package_identification:_identify(src/controller) by extension 'ignore'
[1.228s] Level 1:colcon.colcon_core.package_identification:_identify(src/controller) by extension 'ignore_ament_install'
[1.228s] Level 1:colcon.colcon_core.package_identification:_identify(src/controller) by extensions ['colcon_pkg']
[1.228s] Level 1:colcon.colcon_core.package_identification:_identify(src/controller) by extension 'colcon_pkg'
[1.228s] Level 1:colcon.colcon_core.package_identification:_identify(src/controller) by extensions ['colcon_meta']
[1.228s] Level 1:colcon.colcon_core.package_identification:_identify(src/controller) by extension 'colcon_meta'
[1.228s] Level 1:colcon.colcon_core.package_identification:_identify(src/controller) by extensions ['ros']
[1.228s] Level 1:colcon.colcon_core.package_identification:_identify(src/controller) by extension 'ros'
[1.230s] DEBUG:colcon.colcon_core.package_identification:Package 'src/controller' with type 'ros.ament_cmake' and name 'controller'
[1.230s] Level 1:colcon.colcon_core.package_identification:_identify(src/dubal_eye_AND_web) by extensions ['ignore', 'ignore_ament_install']
[1.230s] Level 1:colcon.colcon_core.package_identification:_identify(src/dubal_eye_AND_web) by extension 'ignore'
[1.230s] Level 1:colcon.colcon_core.package_identification:_identify(src/dubal_eye_AND_web) by extension 'ignore_ament_install'
[1.230s] Level 1:colcon.colcon_core.package_identification:_identify(src/dubal_eye_AND_web) by extensions ['colcon_pkg']
[1.230s] Level 1:colcon.colcon_core.package_identification:_identify(src/dubal_eye_AND_web) by extension 'colcon_pkg'
[1.230s] Level 1:colcon.colcon_core.package_identification:_identify(src/dubal_eye_AND_web) by extensions ['colcon_meta']
[1.230s] Level 1:colcon.colcon_core.package_identification:_identify(src/dubal_eye_AND_web) by extension 'colcon_meta'
[1.230s] Level 1:colcon.colcon_core.package_identification:_identify(src/dubal_eye_AND_web) by extensions ['ros']
[1.230s] Level 1:colcon.colcon_core.package_identification:_identify(src/dubal_eye_AND_web) by extension 'ros'
[1.230s] DEBUG:colcon.colcon_core.package_identification:Package 'src/dubal_eye_AND_web' with type 'ros.ament_python' and name 'dubal_eye_AND_web'
[1.230s] Level 1:colcon.colcon_core.package_identification:_identify(src/odrive_controller) by extensions ['ignore', 'ignore_ament_install']
[1.230s] Level 1:colcon.colcon_core.package_identification:_identify(src/odrive_controller) by extension 'ignore'
[1.230s] Level 1:colcon.colcon_core.package_identification:_identify(src/odrive_controller) by extension 'ignore_ament_install'
[1.230s] Level 1:colcon.colcon_core.package_identification:_identify(src/odrive_controller) by extensions ['colcon_pkg']
[1.230s] Level 1:colcon.colcon_core.package_identification:_identify(src/odrive_controller) by extension 'colcon_pkg'
[1.230s] Level 1:colcon.colcon_core.package_identification:_identify(src/odrive_controller) by extensions ['colcon_meta']
[1.230s] Level 1:colcon.colcon_core.package_identification:_identify(src/odrive_controller) by extension 'colcon_meta'
[1.230s] Level 1:colcon.colcon_core.package_identification:_identify(src/odrive_controller) by extensions ['ros']
[1.230s] Level 1:colcon.colcon_core.package_identification:_identify(src/odrive_controller) by extension 'ros'
[1.231s] DEBUG:colcon.colcon_core.package_identification:Package 'src/odrive_controller' with type 'ros.ament_python' and name 'odrive_controller'
[1.231s] Level 1:colcon.colcon_core.package_identification:_identify(src/serial_reciver) by extensions ['ignore', 'ignore_ament_install']
[1.231s] Level 1:colcon.colcon_core.package_identification:_identify(src/serial_reciver) by extension 'ignore'
[1.231s] Level 1:colcon.colcon_core.package_identification:_identify(src/serial_reciver) by extension 'ignore_ament_install'
[1.231s] Level 1:colcon.colcon_core.package_identification:_identify(src/serial_reciver) by extensions ['colcon_pkg']
[1.231s] Level 1:colcon.colcon_core.package_identification:_identify(src/serial_reciver) by extension 'colcon_pkg'
[1.231s] Level 1:colcon.colcon_core.package_identification:_identify(src/serial_reciver) by extensions ['colcon_meta']
[1.231s] Level 1:colcon.colcon_core.package_identification:_identify(src/serial_reciver) by extension 'colcon_meta'
[1.231s] Level 1:colcon.colcon_core.package_identification:_identify(src/serial_reciver) by extensions ['ros']
[1.231s] Level 1:colcon.colcon_core.package_identification:_identify(src/serial_reciver) by extension 'ros'
[1.231s] DEBUG:colcon.colcon_core.package_identification:Package 'src/serial_reciver' with type 'ros.ament_python' and name 'serial_reciver'
[1.231s] Level 1:colcon.colcon_core.package_discovery:discover_packages(recursive) using defaults
[1.231s] Level 1:colcon.colcon_core.package_discovery:discover_packages(ignore) discover
[1.231s] Level 1:colcon.colcon_core.package_discovery:discover_packages(ignore) using defaults
[1.231s] Level 1:colcon.colcon_core.package_discovery:discover_packages(path) discover
[1.231s] Level 1:colcon.colcon_core.package_discovery:discover_packages(path) using defaults
[1.342s] Level 1:colcon.colcon_core.package_discovery:discover_packages(prefix_path) check parameters
[1.342s] Level 1:colcon.colcon_core.package_discovery:discover_packages(prefix_path) discover
[1.385s] DEBUG:colcon.colcon_installed_package_information.package_discovery:Found 4 installed packages in /home/ryung/Desktop/dubal_ws/install
[1.406s] DEBUG:colcon.colcon_installed_package_information.package_discovery:Found 279 installed packages in /opt/ros/foxy
[1.406s] Level 1:colcon.colcon_core.package_discovery:discover_packages(prefix_path) using defaults
[1.484s] Level 5:colcon.colcon_core.verb:set package 'controller' build argument 'cmake_args' from command line to 'None'
[1.484s] Level 5:colcon.colcon_core.verb:set package 'controller' build argument 'cmake_target' from command line to 'None'
[1.484s] Level 5:colcon.colcon_core.verb:set package 'controller' build argument 'cmake_target_skip_unavailable' from command line to 'False'
[1.484s] Level 5:colcon.colcon_core.verb:set package 'controller' build argument 'cmake_clean_cache' from command line to 'False'
[1.484s] Level 5:colcon.colcon_core.verb:set package 'controller' build argument 'cmake_clean_first' from command line to 'False'
[1.484s] Level 5:colcon.colcon_core.verb:set package 'controller' build argument 'cmake_force_configure' from command line to 'False'
[1.484s] Level 5:colcon.colcon_core.verb:set package 'controller' build argument 'ament_cmake_args' from command line to 'None'
[1.484s] Level 5:colcon.colcon_core.verb:set package 'controller' build argument 'catkin_cmake_args' from command line to 'None'
[1.484s] Level 5:colcon.colcon_core.verb:set package 'controller' build argument 'catkin_skip_building_tests' from command line to 'False'
[1.484s] DEBUG:colcon.colcon_core.verb:Building package 'controller' with the following arguments: {'ament_cmake_args': None, 'build_base': '/home/ryung/Desktop/dubal_ws/build/controller', 'catkin_cmake_args': None, 'catkin_skip_building_tests': False, 'cmake_args': None, 'cmake_clean_cache': False, 'cmake_clean_first': False, 'cmake_force_configure': False, 'cmake_target': None, 'cmake_target_skip_unavailable': False, 'install_base': '/home/ryung/Desktop/dubal_ws/install/controller', 'merge_install': False, 'path': '/home/ryung/Desktop/dubal_ws/src/controller', 'symlink_install': False, 'test_result_base': None}
[1.504s] Level 5:colcon.colcon_core.verb:set package 'dubal_eye_AND_web' build argument 'cmake_args' from command line to 'None'
[1.504s] Level 5:colcon.colcon_core.verb:set package 'dubal_eye_AND_web' build argument 'cmake_target' from command line to 'None'
[1.504s] Level 5:colcon.colcon_core.verb:set package 'dubal_eye_AND_web' build argument 'cmake_target_skip_unavailable' from command line to 'False'
[1.504s] Level 5:colcon.colcon_core.verb:set package 'dubal_eye_AND_web' build argument 'cmake_clean_cache' from command line to 'False'
[1.504s] Level 5:colcon.colcon_core.verb:set package 'dubal_eye_AND_web' build argument 'cmake_clean_first' from command line to 'False'
[1.504s] Level 5:colcon.colcon_core.verb:set package 'dubal_eye_AND_web' build argument 'cmake_force_configure' from command line to 'False'
[1.504s] Level 5:colcon.colcon_core.verb:set package 'dubal_eye_AND_web' build argument 'ament_cmake_args' from command line to 'None'
[1.504s] Level 5:colcon.colcon_core.verb:set package 'dubal_eye_AND_web' build argument 'catkin_cmake_args' from command line to 'None'
[1.504s] Level 5:colcon.colcon_core.verb:set package 'dubal_eye_AND_web' build argument 'catkin_skip_building_tests' from command line to 'False'
[1.504s] DEBUG:colcon.colcon_core.verb:Building package 'dubal_eye_AND_web' with the following arguments: {'ament_cmake_args': None, 'build_base': '/home/ryung/Desktop/dubal_ws/build/dubal_eye_AND_web', 'catkin_cmake_args': None, 'catkin_skip_building_tests': False, 'cmake_args': None, 'cmake_clean_cache': False, 'cmake_clean_first': False, 'cmake_force_configure': False, 'cmake_target': None, 'cmake_target_skip_unavailable': False, 'install_base': '/home/ryung/Desktop/dubal_ws/install/dubal_eye_AND_web', 'merge_install': False, 'path': '/home/ryung/Desktop/dubal_ws/src/dubal_eye_AND_web', 'symlink_install': False, 'test_result_base': None}
[1.523s] Level 5:colcon.colcon_core.verb:set package 'odrive_controller' build argument 'cmake_args' from command line to 'None'
[1.524s] Level 5:colcon.colcon_core.verb:set package 'odrive_controller' build argument 'cmake_target' from command line to 'None'
[1.524s] Level 5:colcon.colcon_core.verb:set package 'odrive_controller' build argument 'cmake_target_skip_unavailable' from command line to 'False'
[1.524s] Level 5:colcon.colcon_core.verb:set package 'odrive_controller' build argument 'cmake_clean_cache' from command line to 'False'
[1.524s] Level 5:colcon.colcon_core.verb:set package 'odrive_controller' build argument 'cmake_clean_first' from command line to 'False'
[1.524s] Level 5:colcon.colcon_core.verb:set package 'odrive_controller' build argument 'cmake_force_configure' from command line to 'False'
[1.524s] Level 5:colcon.colcon_core.verb:set package 'odrive_controller' build argument 'ament_cmake_args' from command line to 'None'
[1.524s] Level 5:colcon.colcon_core.verb:set package 'odrive_controller' build argument 'catkin_cmake_args' from command line to 'None'
[1.524s] Level 5:colcon.colcon_core.verb:set package 'odrive_controller' build argument 'catkin_skip_building_tests' from command line to 'False'
[1.524s] DEBUG:colcon.colcon_core.verb:Building package 'odrive_controller' with the following arguments: {'ament_cmake_args': None, 'build_base': '/home/ryung/Desktop/dubal_ws/build/odrive_controller', 'catkin_cmake_args': None, 'catkin_skip_building_tests': False, 'cmake_args': None, 'cmake_clean_cache': False, 'cmake_clean_first': False, 'cmake_force_configure': False, 'cmake_target': None, 'cmake_target_skip_unavailable': False, 'install_base': '/home/ryung/Desktop/dubal_ws/install/odrive_controller', 'merge_install': False, 'path': '/home/ryung/Desktop/dubal_ws/src/odrive_controller', 'symlink_install': False, 'test_result_base': None}
[1.543s] Level 5:colcon.colcon_core.verb:set package 'serial_reciver' build argument 'cmake_args' from command line to 'None'
[1.543s] Level 5:colcon.colcon_core.verb:set package 'serial_reciver' build argument 'cmake_target' from command line to 'None'
[1.543s] Level 5:colcon.colcon_core.verb:set package 'serial_reciver' build argument 'cmake_target_skip_unavailable' from command line to 'False'
[1.543s] Level 5:colcon.colcon_core.verb:set package 'serial_reciver' build argument 'cmake_clean_cache' from command line to 'False'
[1.543s] Level 5:colcon.colcon_core.verb:set package 'serial_reciver' build argument 'cmake_clean_first' from command line to 'False'
[1.543s] Level 5:colcon.colcon_core.verb:set package 'serial_reciver' build argument 'cmake_force_configure' from command line to 'False'
[1.543s] Level 5:colcon.colcon_core.verb:set package 'serial_reciver' build argument 'ament_cmake_args' from command line to 'None'
[1.543s] Level 5:colcon.colcon_core.verb:set package 'serial_reciver' build argument 'catkin_cmake_args' from command line to 'None'
[1.543s] Level 5:colcon.colcon_core.verb:set package 'serial_reciver' build argument 'catkin_skip_building_tests' from command line to 'False'
[1.543s] DEBUG:colcon.colcon_core.verb:Building package 'serial_reciver' with the following arguments: {'ament_cmake_args': None, 'build_base': '/home/ryung/Desktop/dubal_ws/build/serial_reciver', 'catkin_cmake_args': None, 'catkin_skip_building_tests': False, 'cmake_args': None, 'cmake_clean_cache': False, 'cmake_clean_first': False, 'cmake_force_configure': False, 'cmake_target': None, 'cmake_target_skip_unavailable': False, 'install_base': '/home/ryung/Desktop/dubal_ws/install/serial_reciver', 'merge_install': False, 'path': '/home/ryung/Desktop/dubal_ws/src/serial_reciver', 'symlink_install': False, 'test_result_base': None}
[1.563s] INFO:colcon.colcon_core.executor:Executing jobs using 'parallel' executor
[1.583s] DEBUG:colcon.colcon_parallel_executor.executor.parallel:run_until_complete
[1.583s] INFO:colcon.colcon_ros.task.ament_cmake.build:Building ROS package in '/home/ryung/Desktop/dubal_ws/src/controller' with build type 'ament_cmake'
[1.583s] INFO:colcon.colcon_cmake.task.cmake.build:Building CMake package in '/home/ryung/Desktop/dubal_ws/src/controller'
[1.604s] INFO:colcon.colcon_core.plugin_system:Skipping extension 'colcon_core.shell.bat': Not used on non-Windows systems
[1.604s] INFO:colcon.colcon_core.shell:Skip shell extension 'powershell' for command environment: Not usable outside of PowerShell
[1.604s] DEBUG:colcon.colcon_core.shell:Skip shell extension 'dsv' for command environment
[1.666s] INFO:colcon.colcon_ros.task.ament_python.build:Building ROS package in '/home/ryung/Desktop/dubal_ws/src/dubal_eye_AND_web' with build type 'ament_python'
[1.666s] Level 1:colcon.colcon_core.shell:create_environment_hook('dubal_eye_AND_web', 'ament_prefix_path')
[1.688s] INFO:colcon.colcon_core.shell:Creating environment hook '/home/ryung/Desktop/dubal_ws/install/dubal_eye_AND_web/share/dubal_eye_AND_web/hook/ament_prefix_path.ps1'
[1.689s] INFO:colcon.colcon_core.shell:Creating environment descriptor '/home/ryung/Desktop/dubal_ws/install/dubal_eye_AND_web/share/dubal_eye_AND_web/hook/ament_prefix_path.dsv'
[1.689s] INFO:colcon.colcon_core.shell:Creating environment hook '/home/ryung/Desktop/dubal_ws/install/dubal_eye_AND_web/share/dubal_eye_AND_web/hook/ament_prefix_path.sh'
[1.716s] INFO:colcon.colcon_core.shell:Skip shell extension 'powershell' for command environment: Not usable outside of PowerShell
[1.716s] DEBUG:colcon.colcon_core.shell:Skip shell extension 'dsv' for command environment
[1.778s] INFO:colcon.colcon_ros.task.ament_python.build:Building ROS package in '/home/ryung/Desktop/dubal_ws/src/odrive_controller' with build type 'ament_python'
[1.778s] Level 1:colcon.colcon_core.shell:create_environment_hook('odrive_controller', 'ament_prefix_path')
[1.800s] INFO:colcon.colcon_core.shell:Creating environment hook '/home/ryung/Desktop/dubal_ws/install/odrive_controller/share/odrive_controller/hook/ament_prefix_path.ps1'
[1.800s] INFO:colcon.colcon_core.shell:Creating environment descriptor '/home/ryung/Desktop/dubal_ws/install/odrive_controller/share/odrive_controller/hook/ament_prefix_path.dsv'
[1.800s] INFO:colcon.colcon_core.shell:Creating environment hook '/home/ryung/Desktop/dubal_ws/install/odrive_controller/share/odrive_controller/hook/ament_prefix_path.sh'
[1.821s] INFO:colcon.colcon_core.shell:Skip shell extension 'powershell' for command environment: Not usable outside of PowerShell
[1.821s] DEBUG:colcon.colcon_core.shell:Skip shell extension 'dsv' for command environment
[1.884s] INFO:colcon.colcon_ros.task.ament_python.build:Building ROS package in '/home/ryung/Desktop/dubal_ws/src/serial_reciver' with build type 'ament_python'
[1.884s] Level 1:colcon.colcon_core.shell:create_environment_hook('serial_reciver', 'ament_prefix_path')
[1.906s] INFO:colcon.colcon_core.shell:Creating environment hook '/home/ryung/Desktop/dubal_ws/install/serial_reciver/share/serial_reciver/hook/ament_prefix_path.ps1'
[1.906s] INFO:colcon.colcon_core.shell:Creating environment descriptor '/home/ryung/Desktop/dubal_ws/install/serial_reciver/share/serial_reciver/hook/ament_prefix_path.dsv'
[1.906s] INFO:colcon.colcon_core.shell:Creating environment hook '/home/ryung/Desktop/dubal_ws/install/serial_reciver/share/serial_reciver/hook/ament_prefix_path.sh'
[1.927s] INFO:colcon.colcon_core.shell:Skip shell extension 'powershell' for command environment: Not usable outside of PowerShell
[1.927s] DEBUG:colcon.colcon_core.shell:Skip shell extension 'dsv' for command environment
[1.994s] DEBUG:colcon.colcon_core.event_handler.log_command:Invoking command in '/home/ryung/Desktop/dubal_ws/build/controller': CMAKE_PREFIX_PATH=${CMAKE_PREFIX_PATH}:/home/ryung/Desktop/dubal_ws/install/serial_reciver:/home/ryung/Desktop/dubal_ws/install/odrive_controller:/opt/ros/foxy /usr/bin/cmake --build /home/ryung/Desktop/dubal_ws/build/controller -- -j16 -l16
[2.119s] INFO:colcon.colcon_core.task.python.build:Building Python package in '/home/ryung/Desktop/dubal_ws/src/dubal_eye_AND_web'
[2.141s] INFO:colcon.colcon_core.shell:Skip shell extension 'powershell' for command environment: Not usable outside of PowerShell
[2.141s] DEBUG:colcon.colcon_core.shell:Skip shell extension 'dsv' for command environment
[2.328s] INFO:colcon.colcon_core.task.python.build:Building Python package in '/home/ryung/Desktop/dubal_ws/src/odrive_controller'
[2.349s] INFO:colcon.colcon_core.shell:Skip shell extension 'powershell' for command environment: Not usable outside of PowerShell
[2.349s] DEBUG:colcon.colcon_core.shell:Skip shell extension 'dsv' for command environment
[2.534s] INFO:colcon.colcon_core.task.python.build:Building Python package in '/home/ryung/Desktop/dubal_ws/src/serial_reciver'
[2.555s] INFO:colcon.colcon_core.shell:Skip shell extension 'powershell' for command environment: Not usable outside of PowerShell
[2.555s] DEBUG:colcon.colcon_core.shell:Skip shell extension 'dsv' for command environment
[2.627s] DEBUG:colcon.colcon_core.event_handler.log_command:Invoked command in '/home/ryung/Desktop/dubal_ws/build/controller' returned '0': CMAKE_PREFIX_PATH=${CMAKE_PREFIX_PATH}:/home/ryung/Desktop/dubal_ws/install/serial_reciver:/home/ryung/Desktop/dubal_ws/install/odrive_controller:/opt/ros/foxy /usr/bin/cmake --build /home/ryung/Desktop/dubal_ws/build/controller -- -j16 -l16
[2.645s] DEBUG:colcon.colcon_core.event_handler.log_command:Invoking command in '/home/ryung/Desktop/dubal_ws/build/controller': CMAKE_PREFIX_PATH=${CMAKE_PREFIX_PATH}:/home/ryung/Desktop/dubal_ws/install/serial_reciver:/home/ryung/Desktop/dubal_ws/install/odrive_controller:/opt/ros/foxy /usr/bin/cmake --install /home/ryung/Desktop/dubal_ws/build/controller
[2.650s] Level 1:colcon.colcon_core.environment:create_environment_scripts_only(controller)
[2.651s] DEBUG:colcon.colcon_core.event_handler.log_command:Invoked command in '/home/ryung/Desktop/dubal_ws/build/controller' returned '0': CMAKE_PREFIX_PATH=${CMAKE_PREFIX_PATH}:/home/ryung/Desktop/dubal_ws/install/serial_reciver:/home/ryung/Desktop/dubal_ws/install/odrive_controller:/opt/ros/foxy /usr/bin/cmake --install /home/ryung/Desktop/dubal_ws/build/controller
[2.676s] Level 1:colcon.colcon_core.environment:checking '/home/ryung/Desktop/dubal_ws/install/controller' for CMake module files
[2.676s] Level 1:colcon.colcon_core.environment:checking '/home/ryung/Desktop/dubal_ws/install/controller' for CMake config files
[2.676s] Level 1:colcon.colcon_core.shell:create_environment_hook('controller', 'cmake_prefix_path')
[2.699s] INFO:colcon.colcon_core.shell:Creating environment hook '/home/ryung/Desktop/dubal_ws/install/controller/share/controller/hook/cmake_prefix_path.ps1'
[2.700s] INFO:colcon.colcon_core.shell:Creating environment descriptor '/home/ryung/Desktop/dubal_ws/install/controller/share/controller/hook/cmake_prefix_path.dsv'
[2.700s] INFO:colcon.colcon_core.shell:Creating environment hook '/home/ryung/Desktop/dubal_ws/install/controller/share/controller/hook/cmake_prefix_path.sh'
[2.700s] Level 1:colcon.colcon_core.environment:checking '/home/ryung/Desktop/dubal_ws/install/controller/lib'
[2.701s] Level 1:colcon.colcon_core.environment:checking '/home/ryung/Desktop/dubal_ws/install/controller/bin'
[2.701s] Level 1:colcon.colcon_core.environment:checking '/home/ryung/Desktop/dubal_ws/install/controller/lib/pkgconfig/controller.pc'
[2.701s] Level 1:colcon.colcon_core.environment:checking '/home/ryung/Desktop/dubal_ws/install/controller/lib/python3.8/site-packages'
[2.701s] Level 1:colcon.colcon_core.environment:checking '/home/ryung/Desktop/dubal_ws/install/controller/bin'
[2.723s] INFO:colcon.colcon_core.shell:Creating package script '/home/ryung/Desktop/dubal_ws/install/controller/share/controller/package.ps1'
[2.723s] INFO:colcon.colcon_core.shell:Creating package descriptor '/home/ryung/Desktop/dubal_ws/install/controller/share/controller/package.dsv'
[2.723s] INFO:colcon.colcon_core.shell:Creating package script '/home/ryung/Desktop/dubal_ws/install/controller/share/controller/package.sh'
[2.724s] INFO:colcon.colcon_core.shell:Creating package script '/home/ryung/Desktop/dubal_ws/install/controller/share/controller/package.bash'
[2.724s] INFO:colcon.colcon_core.shell:Creating package script '/home/ryung/Desktop/dubal_ws/install/controller/share/controller/package.zsh'
[2.724s] Level 1:colcon.colcon_core.environment:create_file_with_runtime_dependencies(/home/ryung/Desktop/dubal_ws/install/controller/share/colcon-core/packages/controller)
[2.760s] Level 1:colcon.colcon_core.environment:create_environment_scripts_only(controller)
[2.783s] Level 1:colcon.colcon_core.environment:checking '/home/ryung/Desktop/dubal_ws/install/controller' for CMake module files
[2.783s] Level 1:colcon.colcon_core.environment:checking '/home/ryung/Desktop/dubal_ws/install/controller' for CMake config files
[2.784s] Level 1:colcon.colcon_core.shell:create_environment_hook('controller', 'cmake_prefix_path')
[2.807s] INFO:colcon.colcon_core.shell:Creating environment hook '/home/ryung/Desktop/dubal_ws/install/controller/share/controller/hook/cmake_prefix_path.ps1'
[2.807s] INFO:colcon.colcon_core.shell:Creating environment descriptor '/home/ryung/Desktop/dubal_ws/install/controller/share/controller/hook/cmake_prefix_path.dsv'
[2.808s] INFO:colcon.colcon_core.shell:Creating environment hook '/home/ryung/Desktop/dubal_ws/install/controller/share/controller/hook/cmake_prefix_path.sh'
[2.808s] Level 1:colcon.colcon_core.environment:checking '/home/ryung/Desktop/dubal_ws/install/controller/lib'
[2.808s] Level 1:colcon.colcon_core.environment:checking '/home/ryung/Desktop/dubal_ws/install/controller/bin'
[2.808s] Level 1:colcon.colcon_core.environment:checking '/home/ryung/Desktop/dubal_ws/install/controller/lib/pkgconfig/controller.pc'
[2.808s] Level 1:colcon.colcon_core.environment:checking '/home/ryung/Desktop/dubal_ws/install/controller/lib/python3.8/site-packages'
[2.808s] Level 1:colcon.colcon_core.environment:checking '/home/ryung/Desktop/dubal_ws/install/controller/bin'
[2.831s] INFO:colcon.colcon_core.shell:Creating package script '/home/ryung/Desktop/dubal_ws/install/controller/share/controller/package.ps1'
[2.832s] INFO:colcon.colcon_core.shell:Creating package descriptor '/home/ryung/Desktop/dubal_ws/install/controller/share/controller/package.dsv'
[2.832s] INFO:colcon.colcon_core.shell:Creating package script '/home/ryung/Desktop/dubal_ws/install/controller/share/controller/package.sh'
[2.832s] INFO:colcon.colcon_core.shell:Creating package script '/home/ryung/Desktop/dubal_ws/install/controller/share/controller/package.bash'
[2.833s] INFO:colcon.colcon_core.shell:Creating package script '/home/ryung/Desktop/dubal_ws/install/controller/share/controller/package.zsh'
[2.833s] Level 1:colcon.colcon_core.environment:create_file_with_runtime_dependencies(/home/ryung/Desktop/dubal_ws/install/controller/share/colcon-core/packages/controller)
[2.869s] DEBUG:colcon.colcon_core.event_handler.log_command:Invoking command in '/home/ryung/Desktop/dubal_ws/src/dubal_eye_AND_web': PYTHONPATH=/home/ryung/Desktop/dubal_ws/build/dubal_eye_AND_web/prefix_override:/home/ryung/Desktop/dubal_ws/install/dubal_eye_AND_web/lib/python3.8/site-packages:${PYTHONPATH} /usr/bin/python3 setup.py egg_info --egg-base ../../build/dubal_eye_AND_web build --build-base /home/ryung/Desktop/dubal_ws/build/dubal_eye_AND_web/build install --record /home/ryung/Desktop/dubal_ws/build/dubal_eye_AND_web/install.log --install-scripts $base/lib/dubal_eye_AND_web --single-version-externally-managed
[2.872s] DEBUG:colcon.colcon_core.event_handler.log_command:Invoking command in '/home/ryung/Desktop/dubal_ws/src/odrive_controller': PYTHONPATH=/home/ryung/Desktop/dubal_ws/build/odrive_controller/prefix_override:/home/ryung/Desktop/dubal_ws/install/odrive_controller/lib/python3.8/site-packages:${PYTHONPATH} /usr/bin/python3 setup.py egg_info --egg-base ../../build/odrive_controller build --build-base /home/ryung/Desktop/dubal_ws/build/odrive_controller/build install --record /home/ryung/Desktop/dubal_ws/build/odrive_controller/install.log --install-scripts $base/lib/odrive_controller --single-version-externally-managed
[2.874s] DEBUG:colcon.colcon_core.event_handler.log_command:Invoking command in '/home/ryung/Desktop/dubal_ws/src/serial_reciver': PYTHONPATH=/home/ryung/Desktop/dubal_ws/build/serial_reciver/prefix_override:/home/ryung/Desktop/dubal_ws/install/serial_reciver/lib/python3.8/site-packages:${PYTHONPATH} /usr/bin/python3 setup.py egg_info --egg-base ../../build/serial_reciver build --build-base /home/ryung/Desktop/dubal_ws/build/serial_reciver/build install --record /home/ryung/Desktop/dubal_ws/build/serial_reciver/install.log --install-scripts $base/lib/serial_reciver --single-version-externally-managed
[3.033s] DEBUG:colcon.colcon_core.event_handler.log_command:Invoked command in '/home/ryung/Desktop/dubal_ws/src/odrive_controller' returned '0': PYTHONPATH=/home/ryung/Desktop/dubal_ws/build/odrive_controller/prefix_override:/home/ryung/Desktop/dubal_ws/install/odrive_controller/lib/python3.8/site-packages:${PYTHONPATH} /usr/bin/python3 setup.py egg_info --egg-base ../../build/odrive_controller build --build-base /home/ryung/Desktop/dubal_ws/build/odrive_controller/build install --record /home/ryung/Desktop/dubal_ws/build/odrive_controller/install.log --install-scripts $base/lib/odrive_controller --single-version-externally-managed
[3.054s] Level 1:colcon.colcon_core.environment:checking '/home/ryung/Desktop/dubal_ws/install/odrive_controller' for CMake module files
[3.055s] Level 1:colcon.colcon_core.environment:checking '/home/ryung/Desktop/dubal_ws/install/odrive_controller' for CMake config files
[3.055s] Level 1:colcon.colcon_core.environment:checking '/home/ryung/Desktop/dubal_ws/install/odrive_controller/lib'
[3.055s] Level 1:colcon.colcon_core.environment:checking '/home/ryung/Desktop/dubal_ws/install/odrive_controller/bin'
[3.055s] Level 1:colcon.colcon_core.environment:checking '/home/ryung/Desktop/dubal_ws/install/odrive_controller/lib/pkgconfig/odrive_controller.pc'
[3.055s] Level 1:colcon.colcon_core.environment:checking '/home/ryung/Desktop/dubal_ws/install/odrive_controller/lib/python3.8/site-packages'
[3.055s] Level 1:colcon.colcon_core.shell:create_environment_hook('odrive_controller', 'pythonpath')
[3.075s] INFO:colcon.colcon_core.shell:Creating environment hook '/home/ryung/Desktop/dubal_ws/install/odrive_controller/share/odrive_controller/hook/pythonpath.ps1'
[3.076s] INFO:colcon.colcon_core.shell:Creating environment descriptor '/home/ryung/Desktop/dubal_ws/install/odrive_controller/share/odrive_controller/hook/pythonpath.dsv'
[3.076s] INFO:colcon.colcon_core.shell:Creating environment hook '/home/ryung/Desktop/dubal_ws/install/odrive_controller/share/odrive_controller/hook/pythonpath.sh'
[3.076s] Level 1:colcon.colcon_core.environment:checking '/home/ryung/Desktop/dubal_ws/install/odrive_controller/bin'
[3.076s] Level 1:colcon.colcon_core.environment:create_environment_scripts_only(odrive_controller)
[3.097s] INFO:colcon.colcon_core.shell:Creating package script '/home/ryung/Desktop/dubal_ws/install/odrive_controller/share/odrive_controller/package.ps1'
[3.097s] INFO:colcon.colcon_core.shell:Creating package descriptor '/home/ryung/Desktop/dubal_ws/install/odrive_controller/share/odrive_controller/package.dsv'
[3.097s] INFO:colcon.colcon_core.shell:Creating package script '/home/ryung/Desktop/dubal_ws/install/odrive_controller/share/odrive_controller/package.sh'
[3.098s] INFO:colcon.colcon_core.shell:Creating package script '/home/ryung/Desktop/dubal_ws/install/odrive_controller/share/odrive_controller/package.bash'
[3.098s] INFO:colcon.colcon_core.shell:Creating package script '/home/ryung/Desktop/dubal_ws/install/odrive_controller/share/odrive_controller/package.zsh'
[3.098s] Level 1:colcon.colcon_core.environment:create_file_with_runtime_dependencies(/home/ryung/Desktop/dubal_ws/install/odrive_controller/share/colcon-core/packages/odrive_controller)
[3.099s] DEBUG:colcon.colcon_core.event_handler.log_command:Invoked command in '/home/ryung/Desktop/dubal_ws/src/dubal_eye_AND_web' returned '0': PYTHONPATH=/home/ryung/Desktop/dubal_ws/build/dubal_eye_AND_web/prefix_override:/home/ryung/Desktop/dubal_ws/install/dubal_eye_AND_web/lib/python3.8/site-packages:${PYTHONPATH} /usr/bin/python3 setup.py egg_info --egg-base ../../build/dubal_eye_AND_web build --build-base /home/ryung/Desktop/dubal_ws/build/dubal_eye_AND_web/build install --record /home/ryung/Desktop/dubal_ws/build/dubal_eye_AND_web/install.log --install-scripts $base/lib/dubal_eye_AND_web --single-version-externally-managed
[3.120s] Level 1:colcon.colcon_core.environment:checking '/home/ryung/Desktop/dubal_ws/install/dubal_eye_AND_web' for CMake module files
[3.120s] Level 1:colcon.colcon_core.environment:checking '/home/ryung/Desktop/dubal_ws/install/dubal_eye_AND_web' for CMake config files
[3.120s] Level 1:colcon.colcon_core.environment:checking '/home/ryung/Desktop/dubal_ws/install/dubal_eye_AND_web/lib'
[3.120s] Level 1:colcon.colcon_core.environment:checking '/home/ryung/Desktop/dubal_ws/install/dubal_eye_AND_web/bin'
[3.120s] Level 1:colcon.colcon_core.environment:checking '/home/ryung/Desktop/dubal_ws/install/dubal_eye_AND_web/lib/pkgconfig/dubal_eye_AND_web.pc'
[3.121s] Level 1:colcon.colcon_core.environment:checking '/home/ryung/Desktop/dubal_ws/install/dubal_eye_AND_web/lib/python3.8/site-packages'
[3.121s] Level 1:colcon.colcon_core.shell:create_environment_hook('dubal_eye_AND_web', 'pythonpath')
[3.142s] INFO:colcon.colcon_core.shell:Creating environment hook '/home/ryung/Desktop/dubal_ws/install/dubal_eye_AND_web/share/dubal_eye_AND_web/hook/pythonpath.ps1'
[3.142s] INFO:colcon.colcon_core.shell:Creating environment descriptor '/home/ryung/Desktop/dubal_ws/install/dubal_eye_AND_web/share/dubal_eye_AND_web/hook/pythonpath.dsv'
[3.142s] INFO:colcon.colcon_core.shell:Creating environment hook '/home/ryung/Desktop/dubal_ws/install/dubal_eye_AND_web/share/dubal_eye_AND_web/hook/pythonpath.sh'
[3.142s] Level 1:colcon.colcon_core.environment:checking '/home/ryung/Desktop/dubal_ws/install/dubal_eye_AND_web/bin'
[3.142s] Level 1:colcon.colcon_core.environment:create_environment_scripts_only(dubal_eye_AND_web)
[3.163s] INFO:colcon.colcon_core.shell:Creating package script '/home/ryung/Desktop/dubal_ws/install/dubal_eye_AND_web/share/dubal_eye_AND_web/package.ps1'
[3.163s] INFO:colcon.colcon_core.shell:Creating package descriptor '/home/ryung/Desktop/dubal_ws/install/dubal_eye_AND_web/share/dubal_eye_AND_web/package.dsv'
[3.164s] INFO:colcon.colcon_core.shell:Creating package script '/home/ryung/Desktop/dubal_ws/install/dubal_eye_AND_web/share/dubal_eye_AND_web/package.sh'
[3.164s] INFO:colcon.colcon_core.shell:Creating package script '/home/ryung/Desktop/dubal_ws/install/dubal_eye_AND_web/share/dubal_eye_AND_web/package.bash'
[3.164s] INFO:colcon.colcon_core.shell:Creating package script '/home/ryung/Desktop/dubal_ws/install/dubal_eye_AND_web/share/dubal_eye_AND_web/package.zsh'
[3.164s] Level 1:colcon.colcon_core.environment:create_file_with_runtime_dependencies(/home/ryung/Desktop/dubal_ws/install/dubal_eye_AND_web/share/colcon-core/packages/dubal_eye_AND_web)
[3.165s] DEBUG:colcon.colcon_core.event_handler.log_command:Invoked command in '/home/ryung/Desktop/dubal_ws/src/serial_reciver' returned '0': PYTHONPATH=/home/ryung/Desktop/dubal_ws/build/serial_reciver/prefix_override:/home/ryung/Desktop/dubal_ws/install/serial_reciver/lib/python3.8/site-packages:${PYTHONPATH} /usr/bin/python3 setup.py egg_info --egg-base ../../build/serial_reciver build --build-base /home/ryung/Desktop/dubal_ws/build/serial_reciver/build install --record /home/ryung/Desktop/dubal_ws/build/serial_reciver/install.log --install-scripts $base/lib/serial_reciver --single-version-externally-managed
[3.186s] Level 1:colcon.colcon_core.environment:checking '/home/ryung/Desktop/dubal_ws/install/serial_reciver' for CMake module files
[3.186s] Level 1:colcon.colcon_core.environment:checking '/home/ryung/Desktop/dubal_ws/install/serial_reciver' for CMake config files
[3.186s] Level 1:colcon.colcon_core.environment:checking '/home/ryung/Desktop/dubal_ws/install/serial_reciver/lib'
[3.186s] Level 1:colcon.colcon_core.environment:checking '/home/ryung/Desktop/dubal_ws/install/serial_reciver/bin'
[3.186s] Level 1:colcon.colcon_core.environment:checking '/home/ryung/Desktop/dubal_ws/install/serial_reciver/lib/pkgconfig/serial_reciver.pc'
[3.187s] Level 1:colcon.colcon_core.environment:checking '/home/ryung/Desktop/dubal_ws/install/serial_reciver/lib/python3.8/site-packages'
[3.187s] Level 1:colcon.colcon_core.shell:create_environment_hook('serial_reciver', 'pythonpath')
[3.209s] INFO:colcon.colcon_core.shell:Creating environment hook '/home/ryung/Desktop/dubal_ws/install/serial_reciver/share/serial_reciver/hook/pythonpath.ps1'
[3.209s] INFO:colcon.colcon_core.shell:Creating environment descriptor '/home/ryung/Desktop/dubal_ws/install/serial_reciver/share/serial_reciver/hook/pythonpath.dsv'
[3.210s] INFO:colcon.colcon_core.shell:Creating environment hook '/home/ryung/Desktop/dubal_ws/install/serial_reciver/share/serial_reciver/hook/pythonpath.sh'
[3.210s] Level 1:colcon.colcon_core.environment:checking '/home/ryung/Desktop/dubal_ws/install/serial_reciver/bin'
[3.210s] Level 1:colcon.colcon_core.environment:create_environment_scripts_only(serial_reciver)
[3.231s] INFO:colcon.colcon_core.shell:Creating package script '/home/ryung/Desktop/dubal_ws/install/serial_reciver/share/serial_reciver/package.ps1'
[3.231s] INFO:colcon.colcon_core.shell:Creating package descriptor '/home/ryung/Desktop/dubal_ws/install/serial_reciver/share/serial_reciver/package.dsv'
[3.231s] INFO:colcon.colcon_core.shell:Creating package script '/home/ryung/Desktop/dubal_ws/install/serial_reciver/share/serial_reciver/package.sh'
[3.231s] INFO:colcon.colcon_core.shell:Creating package script '/home/ryung/Desktop/dubal_ws/install/serial_reciver/share/serial_reciver/package.bash'
[3.232s] INFO:colcon.colcon_core.shell:Creating package script '/home/ryung/Desktop/dubal_ws/install/serial_reciver/share/serial_reciver/package.zsh'
[3.232s] Level 1:colcon.colcon_core.environment:create_file_with_runtime_dependencies(/home/ryung/Desktop/dubal_ws/install/serial_reciver/share/colcon-core/packages/serial_reciver)
[3.232s] DEBUG:colcon.colcon_parallel_executor.executor.parallel:closing loop
[3.232s] DEBUG:colcon.colcon_parallel_executor.executor.parallel:loop closed
[3.232s] DEBUG:colcon.colcon_parallel_executor.executor.parallel:run_until_complete finished with '0'
[3.232s] DEBUG:colcon.colcon_core.event_reactor:joining thread
[3.258s] INFO:colcon.colcon_core.plugin_system:Skipping extension 'colcon_notification.desktop_notification.terminal_notifier': Not used on non-Darwin systems
[3.258s] INFO:colcon.colcon_core.plugin_system:Skipping extension 'colcon_notification.desktop_notification.win32': Not used on non-Windows systems
[3.258s] INFO:colcon.colcon_notification.desktop_notification:Sending desktop notification using 'notify2'
[3.270s] DEBUG:colcon.colcon_core.event_reactor:joined thread
[3.295s] INFO:colcon.colcon_core.shell:Creating prefix script '/home/ryung/Desktop/dubal_ws/install/local_setup.ps1'
[3.296s] INFO:colcon.colcon_core.shell:Creating prefix util module '/home/ryung/Desktop/dubal_ws/install/_local_setup_util_ps1.py'
[3.297s] INFO:colcon.colcon_core.shell:Creating prefix chain script '/home/ryung/Desktop/dubal_ws/install/setup.ps1'
[3.319s] INFO:colcon.colcon_core.shell:Creating prefix script '/home/ryung/Desktop/dubal_ws/install/local_setup.sh'
[3.320s] INFO:colcon.colcon_core.shell:Creating prefix util module '/home/ryung/Desktop/dubal_ws/install/_local_setup_util_sh.py'
[3.320s] INFO:colcon.colcon_core.shell:Creating prefix chain script '/home/ryung/Desktop/dubal_ws/install/setup.sh'
[3.350s] INFO:colcon.colcon_core.shell:Creating prefix script '/home/ryung/Desktop/dubal_ws/install/local_setup.bash'
[3.351s] INFO:colcon.colcon_core.shell:Creating prefix chain script '/home/ryung/Desktop/dubal_ws/install/setup.bash'
[3.373s] INFO:colcon.colcon_core.shell:Creating prefix script '/home/ryung/Desktop/dubal_ws/install/local_setup.zsh'
[3.374s] INFO:colcon.colcon_core.shell:Creating prefix chain script '/home/ryung/Desktop/dubal_ws/install/setup.zsh'
