running egg_info
writing ../../build/odrive_controller/odrive_controller.egg-info/PKG-INFO
writing dependency_links to ../../build/odrive_controller/odrive_controller.egg-info/dependency_links.txt
writing entry points to ../../build/odrive_controller/odrive_controller.egg-info/entry_points.txt
writing requirements to ../../build/odrive_controller/odrive_controller.egg-info/requires.txt
writing top-level names to ../../build/odrive_controller/odrive_controller.egg-info/top_level.txt
reading manifest file '../../build/odrive_controller/odrive_controller.egg-info/SOURCES.txt'
writing manifest file '../../build/odrive_controller/odrive_controller.egg-info/SOURCES.txt'
running build
running build_py
copying odrive_controller/odrive_controller.py -> /home/ionia/Desktop/dubal_ws/build/odrive_controller/build/lib/odrive_controller
running install
running install_lib
copying /home/ionia/Desktop/dubal_ws/build/odrive_controller/build/lib/odrive_controller/odrive_controller.py -> /home/ionia/Desktop/dubal_ws/install/odrive_controller/lib/python3.8/site-packages/odrive_controller
byte-compiling /home/ionia/Desktop/dubal_ws/install/odrive_controller/lib/python3.8/site-packages/odrive_controller/odrive_controller.py to odrive_controller.cpython-38.pyc
running install_data
running install_egg_info
removing '/home/ionia/Desktop/dubal_ws/install/odrive_controller/lib/python3.8/site-packages/odrive_controller-0.0.0-py3.8.egg-info' (and everything under it)
Copying ../../build/odrive_controller/odrive_controller.egg-info to /home/ionia/Desktop/dubal_ws/install/odrive_controller/lib/python3.8/site-packages/odrive_controller-0.0.0-py3.8.egg-info
running install_scripts
Installing odrive_controller script to /home/ionia/Desktop/dubal_ws/install/odrive_controller/lib/odrive_controller
writing list of installed files to '/home/ionia/Desktop/dubal_ws/build/odrive_controller/install.log'
