-- Found ament_cmake: 0.9.12 (/opt/ros/foxy/share/ament_cmake/cmake)
-- Using PYTHON_EXECUTABLE: /usr/bin/python3
-- Found rclcpp: 2.4.3 (/opt/ros/foxy/share/rclcpp/cmake)
-- Using all available rosidl_typesupport_c: rosidl_typesupport_fastrtps_c;rosidl_typesupport_introspection_c
-- Found rosidl_adapter: 1.3.1 (/opt/ros/foxy/share/rosidl_adapter/cmake)
-- Using all available rosidl_typesupport_cpp: rosidl_typesupport_fastrtps_cpp;rosidl_typesupport_introspection_cpp
-- Found rmw_implementation_cmake: 1.0.4 (/opt/ros/foxy/share/rmw_implementation_cmake/cmake)
-- Using RMW implementation 'rmw_fastrtps_cpp' as default
-- Found sensor_msgs: 2.0.5 (/opt/ros/foxy/share/sensor_msgs/cmake)
-- Configuring incomplete, errors occurred!
See also "/home/ionia/Desktop/dubal_ws/build/controller/CMakeFiles/CMakeOutput.log".
See also "/home/ionia/Desktop/dubal_ws/build/controller/CMakeFiles/CMakeError.log".
CMake Error at CMakeLists.txt:9 (find_package):
  By not providing "Findcatkin.cmake" in CMAKE_MODULE_PATH this project has
  asked CMake to find a package configuration file provided by "catkin", but
  CMake did not find one.

  Could not find a package configuration file provided by "catkin" with any
  of the following names:

    catkinConfig.cmake
    catkin-config.cmake

  Add the installation prefix of "catkin" to CMAKE_PREFIX_PATH or set
  "catkin_DIR" to a directory containing one of the above files.  If "catkin"
  provides a separate development package or SDK, be sure it has been
  installed.


make: *** [Makefile:266: cmake_check_build_system] Error 1
