[0.046s] Invoking command in '/home/ionia/Desktop/dubal_ws/build/controller': CMAKE_PREFIX_PATH=${CMAKE_PREFIX_PATH}:/home/ionia/Desktop/dubal_ws/install/serial_reciver:/home/ionia/Desktop/dubal_ws/install/odrive_controller:/home/ionia/Desktop/dubal_ws/install/dubal_eye_AND_web:/opt/ros/foxy /usr/bin/cmake --build /home/ionia/Desktop/dubal_ws/build/controller -- -j4 -l4
[1.061s] -- Found ament_cmake: 0.9.12 (/opt/ros/foxy/share/ament_cmake/cmake)
[1.061s] -- Using PYTHON_EXECUTABLE: /usr/bin/python3
[1.063s] -- Found rclcpp: 2.4.3 (/opt/ros/foxy/share/rclcpp/cmake)
[1.064s] -- Using all available rosidl_typesupport_c: rosidl_typesupport_fastrtps_c;rosidl_typesupport_introspection_c
[1.064s] -- Found rosidl_adapter: 1.3.1 (/opt/ros/foxy/share/rosidl_adapter/cmake)
[1.065s] -- Using all available rosidl_typesupport_cpp: rosidl_typesupport_fastrtps_cpp;rosidl_typesupport_introspection_cpp
[1.065s] -- Found rmw_implementation_cmake: 1.0.4 (/opt/ros/foxy/share/rmw_implementation_cmake/cmake)
[1.068s] -- Using RMW implementation 'rmw_fastrtps_cpp' as default
[1.070s] -- Found sensor_msgs: 2.0.5 (/opt/ros/foxy/share/sensor_msgs/cmake)
[1.147s] CMake Error at CMakeLists.txt:9 (find_package):
[1.147s]   By not providing "Findroscpp.cmake" in CMAKE_MODULE_PATH this project has
[1.147s]   asked CMake to find a package configuration file provided by "roscpp", but
[1.147s]   CMake did not find one.
[1.148s] 
[1.148s]   Could not find a package configuration file provided by "roscpp" with any
[1.148s]   of the following names:
[1.148s] 
[1.148s]     roscppConfig.cmake
[1.148s]     roscpp-config.cmake
[1.148s] 
[1.149s]   Add the installation prefix of "roscpp" to CMAKE_PREFIX_PATH or set
[1.149s]   "roscpp_DIR" to a directory containing one of the above files.  If "roscpp"
[1.149s]   provides a separate development package or SDK, be sure it has been
[1.149s]   installed.
[1.149s] 
[1.149s] 
[1.150s] -- Configuring incomplete, errors occurred!
[1.150s] See also "/home/ionia/Desktop/dubal_ws/build/controller/CMakeFiles/CMakeOutput.log".
[1.150s] See also "/home/ionia/Desktop/dubal_ws/build/controller/CMakeFiles/CMakeError.log".
[1.161s] make: *** [Makefile:266: cmake_check_build_system] Error 1
[1.167s] Invoked command in '/home/ionia/Desktop/dubal_ws/build/controller' returned '2': CMAKE_PREFIX_PATH=${CMAKE_PREFIX_PATH}:/home/ionia/Desktop/dubal_ws/install/serial_reciver:/home/ionia/Desktop/dubal_ws/install/odrive_controller:/home/ionia/Desktop/dubal_ws/install/dubal_eye_AND_web:/opt/ros/foxy /usr/bin/cmake --build /home/ionia/Desktop/dubal_ws/build/controller -- -j4 -l4
