running egg_info
creating ../../build/serial_reciver/serial_reciver.egg-info
writing ../../build/serial_reciver/serial_reciver.egg-info/PKG-INFO
writing dependency_links to ../../build/serial_reciver/serial_reciver.egg-info/dependency_links.txt
writing entry points to ../../build/serial_reciver/serial_reciver.egg-info/entry_points.txt
writing requirements to ../../build/serial_reciver/serial_reciver.egg-info/requires.txt
writing top-level names to ../../build/serial_reciver/serial_reciver.egg-info/top_level.txt
writing manifest file '../../build/serial_reciver/serial_reciver.egg-info/SOURCES.txt'
reading manifest file '../../build/serial_reciver/serial_reciver.egg-info/SOURCES.txt'
writing manifest file '../../build/serial_reciver/serial_reciver.egg-info/SOURCES.txt'
running build
running build_py
creating /home/ryung/Desktop/dubal_ws/build/serial_reciver/build
creating /home/ryung/Desktop/dubal_ws/build/serial_reciver/build/lib
creating /home/ryung/Desktop/dubal_ws/build/serial_reciver/build/lib/serial_reciver
copying serial_reciver/__init__.py -> /home/ryung/Desktop/dubal_ws/build/serial_reciver/build/lib/serial_reciver
copying serial_reciver/teensy_receiver.py -> /home/ryung/Desktop/dubal_ws/build/serial_reciver/build/lib/serial_reciver
copying serial_reciver/SerialHandler.py -> /home/ryung/Desktop/dubal_ws/build/serial_reciver/build/lib/serial_reciver
copying serial_reciver/imu_receiver.py -> /home/ryung/Desktop/dubal_ws/build/serial_reciver/build/lib/serial_reciver
copying serial_reciver/serial_reciver_node.py -> /home/ryung/Desktop/dubal_ws/build/serial_reciver/build/lib/serial_reciver
running install
running install_lib
creating /home/ryung/Desktop/dubal_ws/install/serial_reciver/lib/python3.8/site-packages/serial_reciver
copying /home/ryung/Desktop/dubal_ws/build/serial_reciver/build/lib/serial_reciver/__init__.py -> /home/ryung/Desktop/dubal_ws/install/serial_reciver/lib/python3.8/site-packages/serial_reciver
copying /home/ryung/Desktop/dubal_ws/build/serial_reciver/build/lib/serial_reciver/teensy_receiver.py -> /home/ryung/Desktop/dubal_ws/install/serial_reciver/lib/python3.8/site-packages/serial_reciver
copying /home/ryung/Desktop/dubal_ws/build/serial_reciver/build/lib/serial_reciver/SerialHandler.py -> /home/ryung/Desktop/dubal_ws/install/serial_reciver/lib/python3.8/site-packages/serial_reciver
copying /home/ryung/Desktop/dubal_ws/build/serial_reciver/build/lib/serial_reciver/imu_receiver.py -> /home/ryung/Desktop/dubal_ws/install/serial_reciver/lib/python3.8/site-packages/serial_reciver
copying /home/ryung/Desktop/dubal_ws/build/serial_reciver/build/lib/serial_reciver/serial_reciver_node.py -> /home/ryung/Desktop/dubal_ws/install/serial_reciver/lib/python3.8/site-packages/serial_reciver
byte-compiling /home/ryung/Desktop/dubal_ws/install/serial_reciver/lib/python3.8/site-packages/serial_reciver/__init__.py to __init__.cpython-38.pyc
byte-compiling /home/ryung/Desktop/dubal_ws/install/serial_reciver/lib/python3.8/site-packages/serial_reciver/teensy_receiver.py to teensy_receiver.cpython-38.pyc
byte-compiling /home/ryung/Desktop/dubal_ws/install/serial_reciver/lib/python3.8/site-packages/serial_reciver/SerialHandler.py to SerialHandler.cpython-38.pyc
byte-compiling /home/ryung/Desktop/dubal_ws/install/serial_reciver/lib/python3.8/site-packages/serial_reciver/imu_receiver.py to imu_receiver.cpython-38.pyc
byte-compiling /home/ryung/Desktop/dubal_ws/install/serial_reciver/lib/python3.8/site-packages/serial_reciver/serial_reciver_node.py to serial_reciver_node.cpython-38.pyc
running install_data
creating /home/ryung/Desktop/dubal_ws/install/serial_reciver/share/ament_index
creating /home/ryung/Desktop/dubal_ws/install/serial_reciver/share/ament_index/resource_index
creating /home/ryung/Desktop/dubal_ws/install/serial_reciver/share/ament_index/resource_index/packages
copying resource/serial_reciver -> /home/ryung/Desktop/dubal_ws/install/serial_reciver/share/ament_index/resource_index/packages
copying package.xml -> /home/ryung/Desktop/dubal_ws/install/serial_reciver/share/serial_reciver
running install_egg_info
Copying ../../build/serial_reciver/serial_reciver.egg-info to /home/ryung/Desktop/dubal_ws/install/serial_reciver/lib/python3.8/site-packages/serial_reciver-0.0.0-py3.8.egg-info
running install_scripts
Installing serial_reciver_node script to /home/ryung/Desktop/dubal_ws/install/serial_reciver/lib/serial_reciver
writing list of installed files to '/home/ryung/Desktop/dubal_ws/build/serial_reciver/install.log'
