[0.954s] Invoking command in '/home/ryung/Desktop/dubal_ws/src/serial_reciver': PYTHONPATH=/home/ryung/Desktop/dubal_ws/build/serial_reciver/prefix_override:/home/ryung/Desktop/dubal_ws/install/serial_reciver/lib/python3.8/site-packages:${PYTHONPATH} /usr/bin/python3 setup.py egg_info --egg-base ../../build/serial_reciver build --build-base /home/ryung/Desktop/dubal_ws/build/serial_reciver/build install --record /home/ryung/Desktop/dubal_ws/build/serial_reciver/install.log --install-scripts $base/lib/serial_reciver --single-version-externally-managed
[1.072s] running egg_info
[1.072s] creating ../../build/serial_reciver/serial_reciver.egg-info
[1.072s] writing ../../build/serial_reciver/serial_reciver.egg-info/PKG-INFO
[1.072s] writing dependency_links to ../../build/serial_reciver/serial_reciver.egg-info/dependency_links.txt
[1.073s] writing entry points to ../../build/serial_reciver/serial_reciver.egg-info/entry_points.txt
[1.073s] writing requirements to ../../build/serial_reciver/serial_reciver.egg-info/requires.txt
[1.073s] writing top-level names to ../../build/serial_reciver/serial_reciver.egg-info/top_level.txt
[1.073s] writing manifest file '../../build/serial_reciver/serial_reciver.egg-info/SOURCES.txt'
[1.090s] reading manifest file '../../build/serial_reciver/serial_reciver.egg-info/SOURCES.txt'
[1.091s] writing manifest file '../../build/serial_reciver/serial_reciver.egg-info/SOURCES.txt'
[1.091s] running build
[1.091s] running build_py
[1.091s] creating /home/ryung/Desktop/dubal_ws/build/serial_reciver/build
[1.091s] creating /home/ryung/Desktop/dubal_ws/build/serial_reciver/build/lib
[1.091s] creating /home/ryung/Desktop/dubal_ws/build/serial_reciver/build/lib/serial_reciver
[1.091s] copying serial_reciver/__init__.py -> /home/ryung/Desktop/dubal_ws/build/serial_reciver/build/lib/serial_reciver
[1.091s] copying serial_reciver/teensy_receiver.py -> /home/ryung/Desktop/dubal_ws/build/serial_reciver/build/lib/serial_reciver
[1.091s] copying serial_reciver/SerialHandler.py -> /home/ryung/Desktop/dubal_ws/build/serial_reciver/build/lib/serial_reciver
[1.091s] copying serial_reciver/imu_receiver.py -> /home/ryung/Desktop/dubal_ws/build/serial_reciver/build/lib/serial_reciver
[1.091s] copying serial_reciver/serial_reciver_node.py -> /home/ryung/Desktop/dubal_ws/build/serial_reciver/build/lib/serial_reciver
[1.092s] running install
[1.092s] running install_lib
[1.092s] creating /home/ryung/Desktop/dubal_ws/install/serial_reciver/lib/python3.8/site-packages/serial_reciver
[1.092s] copying /home/ryung/Desktop/dubal_ws/build/serial_reciver/build/lib/serial_reciver/__init__.py -> /home/ryung/Desktop/dubal_ws/install/serial_reciver/lib/python3.8/site-packages/serial_reciver
[1.092s] copying /home/ryung/Desktop/dubal_ws/build/serial_reciver/build/lib/serial_reciver/teensy_receiver.py -> /home/ryung/Desktop/dubal_ws/install/serial_reciver/lib/python3.8/site-packages/serial_reciver
[1.092s] copying /home/ryung/Desktop/dubal_ws/build/serial_reciver/build/lib/serial_reciver/SerialHandler.py -> /home/ryung/Desktop/dubal_ws/install/serial_reciver/lib/python3.8/site-packages/serial_reciver
[1.093s] copying /home/ryung/Desktop/dubal_ws/build/serial_reciver/build/lib/serial_reciver/imu_receiver.py -> /home/ryung/Desktop/dubal_ws/install/serial_reciver/lib/python3.8/site-packages/serial_reciver
[1.093s] copying /home/ryung/Desktop/dubal_ws/build/serial_reciver/build/lib/serial_reciver/serial_reciver_node.py -> /home/ryung/Desktop/dubal_ws/install/serial_reciver/lib/python3.8/site-packages/serial_reciver
[1.093s] byte-compiling /home/ryung/Desktop/dubal_ws/install/serial_reciver/lib/python3.8/site-packages/serial_reciver/__init__.py to __init__.cpython-38.pyc
[1.093s] byte-compiling /home/ryung/Desktop/dubal_ws/install/serial_reciver/lib/python3.8/site-packages/serial_reciver/teensy_receiver.py to teensy_receiver.cpython-38.pyc
[1.093s] byte-compiling /home/ryung/Desktop/dubal_ws/install/serial_reciver/lib/python3.8/site-packages/serial_reciver/SerialHandler.py to SerialHandler.cpython-38.pyc
[1.094s] byte-compiling /home/ryung/Desktop/dubal_ws/install/serial_reciver/lib/python3.8/site-packages/serial_reciver/imu_receiver.py to imu_receiver.cpython-38.pyc
[1.094s] byte-compiling /home/ryung/Desktop/dubal_ws/install/serial_reciver/lib/python3.8/site-packages/serial_reciver/serial_reciver_node.py to serial_reciver_node.cpython-38.pyc
[1.095s] running install_data
[1.096s] creating /home/ryung/Desktop/dubal_ws/install/serial_reciver/share/ament_index
[1.096s] creating /home/ryung/Desktop/dubal_ws/install/serial_reciver/share/ament_index/resource_index
[1.096s] creating /home/ryung/Desktop/dubal_ws/install/serial_reciver/share/ament_index/resource_index/packages
[1.096s] copying resource/serial_reciver -> /home/ryung/Desktop/dubal_ws/install/serial_reciver/share/ament_index/resource_index/packages
[1.096s] copying package.xml -> /home/ryung/Desktop/dubal_ws/install/serial_reciver/share/serial_reciver
[1.096s] running install_egg_info
[1.097s] Copying ../../build/serial_reciver/serial_reciver.egg-info to /home/ryung/Desktop/dubal_ws/install/serial_reciver/lib/python3.8/site-packages/serial_reciver-0.0.0-py3.8.egg-info
[1.097s] running install_scripts
[1.107s] Installing serial_reciver_node script to /home/ryung/Desktop/dubal_ws/install/serial_reciver/lib/serial_reciver
[1.107s] writing list of installed files to '/home/ryung/Desktop/dubal_ws/build/serial_reciver/install.log'
[1.194s] Invoked command in '/home/ryung/Desktop/dubal_ws/src/serial_reciver' returned '0': PYTHONPATH=/home/ryung/Desktop/dubal_ws/build/serial_reciver/prefix_override:/home/ryung/Desktop/dubal_ws/install/serial_reciver/lib/python3.8/site-packages:${PYTHONPATH} /usr/bin/python3 setup.py egg_info --egg-base ../../build/serial_reciver build --build-base /home/ryung/Desktop/dubal_ws/build/serial_reciver/build install --record /home/ryung/Desktop/dubal_ws/build/serial_reciver/install.log --install-scripts $base/lib/serial_reciver --single-version-externally-managed
