Performing C SOURCE FILE Test CMAKE_HAVE_LIBC_PTHREAD failed with the following output:
Change Dir: /home/ryung/Desktop/dubal_ws/build/controller/CMakeFiles/CMakeTmp

Run Build Command(s):/usr/bin/make cmTC_e094f/fast && /usr/bin/make -f CMakeFiles/cmTC_e094f.dir/build.make CMakeFiles/cmTC_e094f.dir/build
make[1]: Entering directory '/home/ryung/Desktop/dubal_ws/build/controller/CMakeFiles/CMakeTmp'
Building C object CMakeFiles/cmTC_e094f.dir/src.c.o
/usr/bin/cc   -DCMAKE_HAVE_LIBC_PTHREAD   -o CMakeFiles/cmTC_e094f.dir/src.c.o   -c /home/ryung/Desktop/dubal_ws/build/controller/CMakeFiles/CMakeTmp/src.c
Linking C executable cmTC_e094f
/usr/bin/cmake -E cmake_link_script CMakeFiles/cmTC_e094f.dir/link.txt --verbose=1
/usr/bin/cc  -DCMAKE_HAVE_LIBC_PTHREAD    CMakeFiles/cmTC_e094f.dir/src.c.o  -o cmTC_e094f 
/usr/bin/ld: CMakeFiles/cmTC_e094f.dir/src.c.o: in function `main':
src.c:(.text+0x46): undefined reference to `pthread_create'
/usr/bin/ld: src.c:(.text+0x52): undefined reference to `pthread_detach'
/usr/bin/ld: src.c:(.text+0x63): undefined reference to `pthread_join'
collect2: error: ld returned 1 exit status
make[1]: *** [CMakeFiles/cmTC_e094f.dir/build.make:87: cmTC_e094f] Error 1
make[1]: Leaving directory '/home/ryung/Desktop/dubal_ws/build/controller/CMakeFiles/CMakeTmp'
make: *** [Makefile:121: cmTC_e094f/fast] Error 2


Source file was:
#include <pthread.h>

void* test_func(void* data)
{
  return data;
}

int main(void)
{
  pthread_t thread;
  pthread_create(&thread, NULL, test_func, NULL);
  pthread_detach(thread);
  pthread_join(thread, NULL);
  pthread_atfork(NULL, NULL, NULL);
  pthread_exit(NULL);

  return 0;
}

Determining if the function pthread_create exists in the pthreads failed with the following output:
Change Dir: /home/ryung/Desktop/dubal_ws/build/controller/CMakeFiles/CMakeTmp

Run Build Command(s):/usr/bin/make cmTC_1f1ed/fast && /usr/bin/make -f CMakeFiles/cmTC_1f1ed.dir/build.make CMakeFiles/cmTC_1f1ed.dir/build
make[1]: Entering directory '/home/ryung/Desktop/dubal_ws/build/controller/CMakeFiles/CMakeTmp'
Building C object CMakeFiles/cmTC_1f1ed.dir/CheckFunctionExists.c.o
/usr/bin/cc   -DCHECK_FUNCTION_EXISTS=pthread_create   -o CMakeFiles/cmTC_1f1ed.dir/CheckFunctionExists.c.o   -c /usr/share/cmake-3.16/Modules/CheckFunctionExists.c
Linking C executable cmTC_1f1ed
/usr/bin/cmake -E cmake_link_script CMakeFiles/cmTC_1f1ed.dir/link.txt --verbose=1
/usr/bin/cc  -DCHECK_FUNCTION_EXISTS=pthread_create    CMakeFiles/cmTC_1f1ed.dir/CheckFunctionExists.c.o  -o cmTC_1f1ed  -lpthreads 
/usr/bin/ld: cannot find -lpthreads
collect2: error: ld returned 1 exit status
make[1]: *** [CMakeFiles/cmTC_1f1ed.dir/build.make:87: cmTC_1f1ed] Error 1
make[1]: Leaving directory '/home/ryung/Desktop/dubal_ws/build/controller/CMakeFiles/CMakeTmp'
make: *** [Makefile:121: cmTC_1f1ed/fast] Error 2



Performing C SOURCE FILE Test CMAKE_HAVE_LIBC_PTHREAD failed with the following output:
Change Dir: /home/ionia/Desktop/dubal_ws/build/controller/CMakeFiles/CMakeTmp

Run Build Command(s):/usr/bin/make cmTC_b8215/fast && /usr/bin/make -f CMakeFiles/cmTC_b8215.dir/build.make CMakeFiles/cmTC_b8215.dir/build
make[1]: Entering directory '/home/ionia/Desktop/dubal_ws/build/controller/CMakeFiles/CMakeTmp'
Building C object CMakeFiles/cmTC_b8215.dir/src.c.o
/usr/bin/cc   -DCMAKE_HAVE_LIBC_PTHREAD   -o CMakeFiles/cmTC_b8215.dir/src.c.o   -c /home/ionia/Desktop/dubal_ws/build/controller/CMakeFiles/CMakeTmp/src.c
Linking C executable cmTC_b8215
/usr/bin/cmake -E cmake_link_script CMakeFiles/cmTC_b8215.dir/link.txt --verbose=1
/usr/bin/cc  -DCMAKE_HAVE_LIBC_PTHREAD    CMakeFiles/cmTC_b8215.dir/src.c.o  -o cmTC_b8215 
/usr/bin/ld: CMakeFiles/cmTC_b8215.dir/src.c.o: in function `main':
src.c:(.text+0x46): undefined reference to `pthread_create'
/usr/bin/ld: src.c:(.text+0x52): undefined reference to `pthread_detach'
/usr/bin/ld: src.c:(.text+0x63): undefined reference to `pthread_join'
collect2: error: ld returned 1 exit status
make[1]: *** [CMakeFiles/cmTC_b8215.dir/build.make:87: cmTC_b8215] Error 1
make[1]: Leaving directory '/home/ionia/Desktop/dubal_ws/build/controller/CMakeFiles/CMakeTmp'
make: *** [Makefile:121: cmTC_b8215/fast] Error 2


Source file was:
#include <pthread.h>

void* test_func(void* data)
{
  return data;
}

int main(void)
{
  pthread_t thread;
  pthread_create(&thread, NULL, test_func, NULL);
  pthread_detach(thread);
  pthread_join(thread, NULL);
  pthread_atfork(NULL, NULL, NULL);
  pthread_exit(NULL);

  return 0;
}

Determining if the function pthread_create exists in the pthreads failed with the following output:
Change Dir: /home/ionia/Desktop/dubal_ws/build/controller/CMakeFiles/CMakeTmp

Run Build Command(s):/usr/bin/make cmTC_dd749/fast && /usr/bin/make -f CMakeFiles/cmTC_dd749.dir/build.make CMakeFiles/cmTC_dd749.dir/build
make[1]: Entering directory '/home/ionia/Desktop/dubal_ws/build/controller/CMakeFiles/CMakeTmp'
Building C object CMakeFiles/cmTC_dd749.dir/CheckFunctionExists.c.o
/usr/bin/cc   -DCHECK_FUNCTION_EXISTS=pthread_create   -o CMakeFiles/cmTC_dd749.dir/CheckFunctionExists.c.o   -c /usr/share/cmake-3.16/Modules/CheckFunctionExists.c
Linking C executable cmTC_dd749
/usr/bin/cmake -E cmake_link_script CMakeFiles/cmTC_dd749.dir/link.txt --verbose=1
/usr/bin/cc  -DCHECK_FUNCTION_EXISTS=pthread_create    CMakeFiles/cmTC_dd749.dir/CheckFunctionExists.c.o  -o cmTC_dd749  -lpthreads 
/usr/bin/ld: cannot find -lpthreads
collect2: error: ld returned 1 exit status
make[1]: *** [CMakeFiles/cmTC_dd749.dir/build.make:87: cmTC_dd749] Error 1
make[1]: Leaving directory '/home/ionia/Desktop/dubal_ws/build/controller/CMakeFiles/CMakeTmp'
make: *** [Makefile:121: cmTC_dd749/fast] Error 2



Performing C SOURCE FILE Test CMAKE_HAVE_LIBC_PTHREAD failed with the following output:
Change Dir: /home/ionia/Desktop/dubal_ws/build/controller/CMakeFiles/CMakeTmp

Run Build Command(s):/usr/bin/make cmTC_faaf8/fast && /usr/bin/make -f CMakeFiles/cmTC_faaf8.dir/build.make CMakeFiles/cmTC_faaf8.dir/build
make[1]: Entering directory '/home/ionia/Desktop/dubal_ws/build/controller/CMakeFiles/CMakeTmp'
Building C object CMakeFiles/cmTC_faaf8.dir/src.c.o
/usr/bin/cc   -DCMAKE_HAVE_LIBC_PTHREAD   -o CMakeFiles/cmTC_faaf8.dir/src.c.o   -c /home/ionia/Desktop/dubal_ws/build/controller/CMakeFiles/CMakeTmp/src.c
Linking C executable cmTC_faaf8
/usr/bin/cmake -E cmake_link_script CMakeFiles/cmTC_faaf8.dir/link.txt --verbose=1
/usr/bin/cc  -DCMAKE_HAVE_LIBC_PTHREAD    CMakeFiles/cmTC_faaf8.dir/src.c.o  -o cmTC_faaf8 
/usr/bin/ld: CMakeFiles/cmTC_faaf8.dir/src.c.o: in function `main':
src.c:(.text+0x46): undefined reference to `pthread_create'
/usr/bin/ld: src.c:(.text+0x52): undefined reference to `pthread_detach'
/usr/bin/ld: src.c:(.text+0x63): undefined reference to `pthread_join'
collect2: error: ld returned 1 exit status
make[1]: *** [CMakeFiles/cmTC_faaf8.dir/build.make:87: cmTC_faaf8] Error 1
make[1]: Leaving directory '/home/ionia/Desktop/dubal_ws/build/controller/CMakeFiles/CMakeTmp'
make: *** [Makefile:121: cmTC_faaf8/fast] Error 2


Source file was:
#include <pthread.h>

void* test_func(void* data)
{
  return data;
}

int main(void)
{
  pthread_t thread;
  pthread_create(&thread, NULL, test_func, NULL);
  pthread_detach(thread);
  pthread_join(thread, NULL);
  pthread_atfork(NULL, NULL, NULL);
  pthread_exit(NULL);

  return 0;
}

Determining if the function pthread_create exists in the pthreads failed with the following output:
Change Dir: /home/ionia/Desktop/dubal_ws/build/controller/CMakeFiles/CMakeTmp

Run Build Command(s):/usr/bin/make cmTC_eae66/fast && /usr/bin/make -f CMakeFiles/cmTC_eae66.dir/build.make CMakeFiles/cmTC_eae66.dir/build
make[1]: Entering directory '/home/ionia/Desktop/dubal_ws/build/controller/CMakeFiles/CMakeTmp'
Building C object CMakeFiles/cmTC_eae66.dir/CheckFunctionExists.c.o
/usr/bin/cc   -DCHECK_FUNCTION_EXISTS=pthread_create   -o CMakeFiles/cmTC_eae66.dir/CheckFunctionExists.c.o   -c /usr/share/cmake-3.16/Modules/CheckFunctionExists.c
Linking C executable cmTC_eae66
/usr/bin/cmake -E cmake_link_script CMakeFiles/cmTC_eae66.dir/link.txt --verbose=1
/usr/bin/cc  -DCHECK_FUNCTION_EXISTS=pthread_create    CMakeFiles/cmTC_eae66.dir/CheckFunctionExists.c.o  -o cmTC_eae66  -lpthreads 
/usr/bin/ld: cannot find -lpthreads
collect2: error: ld returned 1 exit status
make[1]: *** [CMakeFiles/cmTC_eae66.dir/build.make:87: cmTC_eae66] Error 1
make[1]: Leaving directory '/home/ionia/Desktop/dubal_ws/build/controller/CMakeFiles/CMakeTmp'
make: *** [Makefile:121: cmTC_eae66/fast] Error 2



Performing C SOURCE FILE Test CMAKE_HAVE_LIBC_PTHREAD failed with the following output:
Change Dir: /home/ionia/Desktop/dubal_ws/build/controller/CMakeFiles/CMakeTmp

Run Build Command(s):/usr/bin/make cmTC_5280c/fast && /usr/bin/make -f CMakeFiles/cmTC_5280c.dir/build.make CMakeFiles/cmTC_5280c.dir/build
make[1]: Entering directory '/home/ionia/Desktop/dubal_ws/build/controller/CMakeFiles/CMakeTmp'
Building C object CMakeFiles/cmTC_5280c.dir/src.c.o
/usr/bin/cc   -DCMAKE_HAVE_LIBC_PTHREAD   -o CMakeFiles/cmTC_5280c.dir/src.c.o   -c /home/ionia/Desktop/dubal_ws/build/controller/CMakeFiles/CMakeTmp/src.c
Linking C executable cmTC_5280c
/usr/bin/cmake -E cmake_link_script CMakeFiles/cmTC_5280c.dir/link.txt --verbose=1
/usr/bin/cc  -DCMAKE_HAVE_LIBC_PTHREAD    CMakeFiles/cmTC_5280c.dir/src.c.o  -o cmTC_5280c 
/usr/bin/ld: CMakeFiles/cmTC_5280c.dir/src.c.o: in function `main':
src.c:(.text+0x46): undefined reference to `pthread_create'
/usr/bin/ld: src.c:(.text+0x52): undefined reference to `pthread_detach'
/usr/bin/ld: src.c:(.text+0x63): undefined reference to `pthread_join'
collect2: error: ld returned 1 exit status
make[1]: *** [CMakeFiles/cmTC_5280c.dir/build.make:87: cmTC_5280c] Error 1
make[1]: Leaving directory '/home/ionia/Desktop/dubal_ws/build/controller/CMakeFiles/CMakeTmp'
make: *** [Makefile:121: cmTC_5280c/fast] Error 2


Source file was:
#include <pthread.h>

void* test_func(void* data)
{
  return data;
}

int main(void)
{
  pthread_t thread;
  pthread_create(&thread, NULL, test_func, NULL);
  pthread_detach(thread);
  pthread_join(thread, NULL);
  pthread_atfork(NULL, NULL, NULL);
  pthread_exit(NULL);

  return 0;
}

Determining if the function pthread_create exists in the pthreads failed with the following output:
Change Dir: /home/ionia/Desktop/dubal_ws/build/controller/CMakeFiles/CMakeTmp

Run Build Command(s):/usr/bin/make cmTC_e6704/fast && /usr/bin/make -f CMakeFiles/cmTC_e6704.dir/build.make CMakeFiles/cmTC_e6704.dir/build
make[1]: Entering directory '/home/ionia/Desktop/dubal_ws/build/controller/CMakeFiles/CMakeTmp'
Building C object CMakeFiles/cmTC_e6704.dir/CheckFunctionExists.c.o
/usr/bin/cc   -DCHECK_FUNCTION_EXISTS=pthread_create   -o CMakeFiles/cmTC_e6704.dir/CheckFunctionExists.c.o   -c /usr/share/cmake-3.16/Modules/CheckFunctionExists.c
Linking C executable cmTC_e6704
/usr/bin/cmake -E cmake_link_script CMakeFiles/cmTC_e6704.dir/link.txt --verbose=1
/usr/bin/cc  -DCHECK_FUNCTION_EXISTS=pthread_create    CMakeFiles/cmTC_e6704.dir/CheckFunctionExists.c.o  -o cmTC_e6704  -lpthreads 
/usr/bin/ld: cannot find -lpthreads
collect2: error: ld returned 1 exit status
make[1]: *** [CMakeFiles/cmTC_e6704.dir/build.make:87: cmTC_e6704] Error 1
make[1]: Leaving directory '/home/ionia/Desktop/dubal_ws/build/controller/CMakeFiles/CMakeTmp'
make: *** [Makefile:121: cmTC_e6704/fast] Error 2



Performing C SOURCE FILE Test CMAKE_HAVE_LIBC_PTHREAD failed with the following output:
Change Dir: /home/ionia/Desktop/dubal_ws/build/controller/CMakeFiles/CMakeTmp

Run Build Command(s):/usr/bin/make cmTC_dcd32/fast && /usr/bin/make -f CMakeFiles/cmTC_dcd32.dir/build.make CMakeFiles/cmTC_dcd32.dir/build
make[1]: Entering directory '/home/ionia/Desktop/dubal_ws/build/controller/CMakeFiles/CMakeTmp'
Building C object CMakeFiles/cmTC_dcd32.dir/src.c.o
/usr/bin/cc   -DCMAKE_HAVE_LIBC_PTHREAD   -o CMakeFiles/cmTC_dcd32.dir/src.c.o   -c /home/ionia/Desktop/dubal_ws/build/controller/CMakeFiles/CMakeTmp/src.c
Linking C executable cmTC_dcd32
/usr/bin/cmake -E cmake_link_script CMakeFiles/cmTC_dcd32.dir/link.txt --verbose=1
/usr/bin/cc  -DCMAKE_HAVE_LIBC_PTHREAD    CMakeFiles/cmTC_dcd32.dir/src.c.o  -o cmTC_dcd32 
/usr/bin/ld: CMakeFiles/cmTC_dcd32.dir/src.c.o: in function `main':
src.c:(.text+0x46): undefined reference to `pthread_create'
/usr/bin/ld: src.c:(.text+0x52): undefined reference to `pthread_detach'
/usr/bin/ld: src.c:(.text+0x63): undefined reference to `pthread_join'
collect2: error: ld returned 1 exit status
make[1]: *** [CMakeFiles/cmTC_dcd32.dir/build.make:87: cmTC_dcd32] Error 1
make[1]: Leaving directory '/home/ionia/Desktop/dubal_ws/build/controller/CMakeFiles/CMakeTmp'
make: *** [Makefile:121: cmTC_dcd32/fast] Error 2


Source file was:
#include <pthread.h>

void* test_func(void* data)
{
  return data;
}

int main(void)
{
  pthread_t thread;
  pthread_create(&thread, NULL, test_func, NULL);
  pthread_detach(thread);
  pthread_join(thread, NULL);
  pthread_atfork(NULL, NULL, NULL);
  pthread_exit(NULL);

  return 0;
}

Determining if the function pthread_create exists in the pthreads failed with the following output:
Change Dir: /home/ionia/Desktop/dubal_ws/build/controller/CMakeFiles/CMakeTmp

Run Build Command(s):/usr/bin/make cmTC_d1d90/fast && /usr/bin/make -f CMakeFiles/cmTC_d1d90.dir/build.make CMakeFiles/cmTC_d1d90.dir/build
make[1]: Entering directory '/home/ionia/Desktop/dubal_ws/build/controller/CMakeFiles/CMakeTmp'
Building C object CMakeFiles/cmTC_d1d90.dir/CheckFunctionExists.c.o
/usr/bin/cc   -DCHECK_FUNCTION_EXISTS=pthread_create   -o CMakeFiles/cmTC_d1d90.dir/CheckFunctionExists.c.o   -c /usr/share/cmake-3.16/Modules/CheckFunctionExists.c
Linking C executable cmTC_d1d90
/usr/bin/cmake -E cmake_link_script CMakeFiles/cmTC_d1d90.dir/link.txt --verbose=1
/usr/bin/cc  -DCHECK_FUNCTION_EXISTS=pthread_create    CMakeFiles/cmTC_d1d90.dir/CheckFunctionExists.c.o  -o cmTC_d1d90  -lpthreads 
/usr/bin/ld: cannot find -lpthreads
collect2: error: ld returned 1 exit status
make[1]: *** [CMakeFiles/cmTC_d1d90.dir/build.make:87: cmTC_d1d90] Error 1
make[1]: Leaving directory '/home/ionia/Desktop/dubal_ws/build/controller/CMakeFiles/CMakeTmp'
make: *** [Makefile:121: cmTC_d1d90/fast] Error 2



Performing C SOURCE FILE Test CMAKE_HAVE_LIBC_PTHREAD failed with the following output:
Change Dir: /home/ionia/Desktop/dubal_ws/build/controller/CMakeFiles/CMakeTmp

Run Build Command(s):/usr/bin/make cmTC_01e3c/fast && /usr/bin/make -f CMakeFiles/cmTC_01e3c.dir/build.make CMakeFiles/cmTC_01e3c.dir/build
make[1]: Entering directory '/home/ionia/Desktop/dubal_ws/build/controller/CMakeFiles/CMakeTmp'
Building C object CMakeFiles/cmTC_01e3c.dir/src.c.o
/usr/bin/cc   -DCMAKE_HAVE_LIBC_PTHREAD   -o CMakeFiles/cmTC_01e3c.dir/src.c.o   -c /home/ionia/Desktop/dubal_ws/build/controller/CMakeFiles/CMakeTmp/src.c
Linking C executable cmTC_01e3c
/usr/bin/cmake -E cmake_link_script CMakeFiles/cmTC_01e3c.dir/link.txt --verbose=1
/usr/bin/cc  -DCMAKE_HAVE_LIBC_PTHREAD    CMakeFiles/cmTC_01e3c.dir/src.c.o  -o cmTC_01e3c 
/usr/bin/ld: CMakeFiles/cmTC_01e3c.dir/src.c.o: in function `main':
src.c:(.text+0x46): undefined reference to `pthread_create'
/usr/bin/ld: src.c:(.text+0x52): undefined reference to `pthread_detach'
/usr/bin/ld: src.c:(.text+0x63): undefined reference to `pthread_join'
collect2: error: ld returned 1 exit status
make[1]: *** [CMakeFiles/cmTC_01e3c.dir/build.make:87: cmTC_01e3c] Error 1
make[1]: Leaving directory '/home/ionia/Desktop/dubal_ws/build/controller/CMakeFiles/CMakeTmp'
make: *** [Makefile:121: cmTC_01e3c/fast] Error 2


Source file was:
#include <pthread.h>

void* test_func(void* data)
{
  return data;
}

int main(void)
{
  pthread_t thread;
  pthread_create(&thread, NULL, test_func, NULL);
  pthread_detach(thread);
  pthread_join(thread, NULL);
  pthread_atfork(NULL, NULL, NULL);
  pthread_exit(NULL);

  return 0;
}

Determining if the function pthread_create exists in the pthreads failed with the following output:
Change Dir: /home/ionia/Desktop/dubal_ws/build/controller/CMakeFiles/CMakeTmp

Run Build Command(s):/usr/bin/make cmTC_3dacd/fast && /usr/bin/make -f CMakeFiles/cmTC_3dacd.dir/build.make CMakeFiles/cmTC_3dacd.dir/build
make[1]: Entering directory '/home/ionia/Desktop/dubal_ws/build/controller/CMakeFiles/CMakeTmp'
Building C object CMakeFiles/cmTC_3dacd.dir/CheckFunctionExists.c.o
/usr/bin/cc   -DCHECK_FUNCTION_EXISTS=pthread_create   -o CMakeFiles/cmTC_3dacd.dir/CheckFunctionExists.c.o   -c /usr/share/cmake-3.16/Modules/CheckFunctionExists.c
Linking C executable cmTC_3dacd
/usr/bin/cmake -E cmake_link_script CMakeFiles/cmTC_3dacd.dir/link.txt --verbose=1
/usr/bin/cc  -DCHECK_FUNCTION_EXISTS=pthread_create    CMakeFiles/cmTC_3dacd.dir/CheckFunctionExists.c.o  -o cmTC_3dacd  -lpthreads 
/usr/bin/ld: cannot find -lpthreads
collect2: error: ld returned 1 exit status
make[1]: *** [CMakeFiles/cmTC_3dacd.dir/build.make:87: cmTC_3dacd] Error 1
make[1]: Leaving directory '/home/ionia/Desktop/dubal_ws/build/controller/CMakeFiles/CMakeTmp'
make: *** [Makefile:121: cmTC_3dacd/fast] Error 2



Performing C SOURCE FILE Test CMAKE_HAVE_LIBC_PTHREAD failed with the following output:
Change Dir: /home/ionia/Desktop/dubal_ws/build/controller/CMakeFiles/CMakeTmp

Run Build Command(s):/usr/bin/make cmTC_0697c/fast && /usr/bin/make -f CMakeFiles/cmTC_0697c.dir/build.make CMakeFiles/cmTC_0697c.dir/build
make[1]: Entering directory '/home/ionia/Desktop/dubal_ws/build/controller/CMakeFiles/CMakeTmp'
Building C object CMakeFiles/cmTC_0697c.dir/src.c.o
/usr/bin/cc   -DCMAKE_HAVE_LIBC_PTHREAD   -o CMakeFiles/cmTC_0697c.dir/src.c.o   -c /home/ionia/Desktop/dubal_ws/build/controller/CMakeFiles/CMakeTmp/src.c
Linking C executable cmTC_0697c
/usr/bin/cmake -E cmake_link_script CMakeFiles/cmTC_0697c.dir/link.txt --verbose=1
/usr/bin/cc  -DCMAKE_HAVE_LIBC_PTHREAD    CMakeFiles/cmTC_0697c.dir/src.c.o  -o cmTC_0697c 
/usr/bin/ld: CMakeFiles/cmTC_0697c.dir/src.c.o: in function `main':
src.c:(.text+0x46): undefined reference to `pthread_create'
/usr/bin/ld: src.c:(.text+0x52): undefined reference to `pthread_detach'
/usr/bin/ld: src.c:(.text+0x63): undefined reference to `pthread_join'
collect2: error: ld returned 1 exit status
make[1]: *** [CMakeFiles/cmTC_0697c.dir/build.make:87: cmTC_0697c] Error 1
make[1]: Leaving directory '/home/ionia/Desktop/dubal_ws/build/controller/CMakeFiles/CMakeTmp'
make: *** [Makefile:121: cmTC_0697c/fast] Error 2


Source file was:
#include <pthread.h>

void* test_func(void* data)
{
  return data;
}

int main(void)
{
  pthread_t thread;
  pthread_create(&thread, NULL, test_func, NULL);
  pthread_detach(thread);
  pthread_join(thread, NULL);
  pthread_atfork(NULL, NULL, NULL);
  pthread_exit(NULL);

  return 0;
}

Determining if the function pthread_create exists in the pthreads failed with the following output:
Change Dir: /home/ionia/Desktop/dubal_ws/build/controller/CMakeFiles/CMakeTmp

Run Build Command(s):/usr/bin/make cmTC_62436/fast && /usr/bin/make -f CMakeFiles/cmTC_62436.dir/build.make CMakeFiles/cmTC_62436.dir/build
make[1]: Entering directory '/home/ionia/Desktop/dubal_ws/build/controller/CMakeFiles/CMakeTmp'
Building C object CMakeFiles/cmTC_62436.dir/CheckFunctionExists.c.o
/usr/bin/cc   -DCHECK_FUNCTION_EXISTS=pthread_create   -o CMakeFiles/cmTC_62436.dir/CheckFunctionExists.c.o   -c /usr/share/cmake-3.16/Modules/CheckFunctionExists.c
Linking C executable cmTC_62436
/usr/bin/cmake -E cmake_link_script CMakeFiles/cmTC_62436.dir/link.txt --verbose=1
/usr/bin/cc  -DCHECK_FUNCTION_EXISTS=pthread_create    CMakeFiles/cmTC_62436.dir/CheckFunctionExists.c.o  -o cmTC_62436  -lpthreads 
/usr/bin/ld: cannot find -lpthreads
collect2: error: ld returned 1 exit status
make[1]: *** [CMakeFiles/cmTC_62436.dir/build.make:87: cmTC_62436] Error 1
make[1]: Leaving directory '/home/ionia/Desktop/dubal_ws/build/controller/CMakeFiles/CMakeTmp'
make: *** [Makefile:121: cmTC_62436/fast] Error 2



