[0.433s] Invoking command in '/home/ryung/Desktop/dubal_ws/build/controller': CMAKE_PREFIX_PATH=/home/ryung/Desktop/dubal_ws/install/serial_reciver:/home/ryung/Desktop/dubal_ws/install/odrive_controller:/home/ryung/Desktop/dubal_ws/install/controller:/home/ryung/Desktop/buf/install/serial_reciver:/home/ryung/Desktop/buf/install/odrive_controller:/home/ryung/Desktop/buf/install/license_plate_detector:/home/ryung/Desktop/buf/install/dubal_eye:/home/ryung/Desktop/buf/install/controller:/home/ryung/Desktop/ros2_ws/install/stella_ahrs:/home/ryung/Desktop/ros2_ws/install/odrive_ros2_control:/home/ryung/Desktop/ros2_ws/install/odrive_hardware_interface:/home/ryung/Desktop/ros2_ws/install/odrive_demo_bringup:/home/ryung/Desktop/ros2_ws/install/odrive_demo_description:/opt/ros/foxy /usr/bin/cmake --build /home/ryung/Desktop/dubal_ws/build/controller -- -j16 -l16
[0.971s] [100%] Built target controller_main
[0.972s] Invoked command in '/home/ryung/Desktop/dubal_ws/build/controller' returned '0': CMAKE_PREFIX_PATH=/home/ryung/Desktop/dubal_ws/install/serial_reciver:/home/ryung/Desktop/dubal_ws/install/odrive_controller:/home/ryung/Desktop/dubal_ws/install/controller:/home/ryung/Desktop/buf/install/serial_reciver:/home/ryung/Desktop/buf/install/odrive_controller:/home/ryung/Desktop/buf/install/license_plate_detector:/home/ryung/Desktop/buf/install/dubal_eye:/home/ryung/Desktop/buf/install/controller:/home/ryung/Desktop/ros2_ws/install/stella_ahrs:/home/ryung/Desktop/ros2_ws/install/odrive_ros2_control:/home/ryung/Desktop/ros2_ws/install/odrive_hardware_interface:/home/ryung/Desktop/ros2_ws/install/odrive_demo_bringup:/home/ryung/Desktop/ros2_ws/install/odrive_demo_description:/opt/ros/foxy /usr/bin/cmake --build /home/ryung/Desktop/dubal_ws/build/controller -- -j16 -l16
[0.990s] Invoking command in '/home/ryung/Desktop/dubal_ws/build/controller': CMAKE_PREFIX_PATH=/home/ryung/Desktop/dubal_ws/install/serial_reciver:/home/ryung/Desktop/dubal_ws/install/odrive_controller:/home/ryung/Desktop/dubal_ws/install/controller:/home/ryung/Desktop/buf/install/serial_reciver:/home/ryung/Desktop/buf/install/odrive_controller:/home/ryung/Desktop/buf/install/license_plate_detector:/home/ryung/Desktop/buf/install/dubal_eye:/home/ryung/Desktop/buf/install/controller:/home/ryung/Desktop/ros2_ws/install/stella_ahrs:/home/ryung/Desktop/ros2_ws/install/odrive_ros2_control:/home/ryung/Desktop/ros2_ws/install/odrive_hardware_interface:/home/ryung/Desktop/ros2_ws/install/odrive_demo_bringup:/home/ryung/Desktop/ros2_ws/install/odrive_demo_description:/opt/ros/foxy /usr/bin/cmake --install /home/ryung/Desktop/dubal_ws/build/controller
[0.994s] -- Install configuration: ""
[0.995s] -- Up-to-date: /home/ryung/Desktop/dubal_ws/install/controller/lib/controller/controller_main
[0.995s] -- Up-to-date: /home/ryung/Desktop/dubal_ws/install/controller/share/controller/
[0.995s] -- Up-to-date: /home/ryung/Desktop/dubal_ws/install/controller/share/controller//dubal_no_eye.py
[0.995s] -- Up-to-date: /home/ryung/Desktop/dubal_ws/install/controller/share/ament_index/resource_index/package_run_dependencies/controller
[0.995s] -- Up-to-date: /home/ryung/Desktop/dubal_ws/install/controller/share/ament_index/resource_index/parent_prefix_path/controller
[0.995s] -- Up-to-date: /home/ryung/Desktop/dubal_ws/install/controller/share/controller/environment/ament_prefix_path.sh
[0.995s] -- Up-to-date: /home/ryung/Desktop/dubal_ws/install/controller/share/controller/environment/ament_prefix_path.dsv
[0.995s] -- Up-to-date: /home/ryung/Desktop/dubal_ws/install/controller/share/controller/environment/path.sh
[0.995s] -- Up-to-date: /home/ryung/Desktop/dubal_ws/install/controller/share/controller/environment/path.dsv
[0.995s] -- Up-to-date: /home/ryung/Desktop/dubal_ws/install/controller/share/controller/local_setup.bash
[0.995s] -- Up-to-date: /home/ryung/Desktop/dubal_ws/install/controller/share/controller/local_setup.sh
[0.995s] -- Up-to-date: /home/ryung/Desktop/dubal_ws/install/controller/share/controller/local_setup.zsh
[0.995s] -- Up-to-date: /home/ryung/Desktop/dubal_ws/install/controller/share/controller/local_setup.dsv
[0.995s] -- Installing: /home/ryung/Desktop/dubal_ws/install/controller/share/controller/package.dsv
[0.995s] -- Up-to-date: /home/ryung/Desktop/dubal_ws/install/controller/share/ament_index/resource_index/packages/controller
[0.995s] -- Up-to-date: /home/ryung/Desktop/dubal_ws/install/controller/share/controller/cmake/controllerConfig.cmake
[0.995s] -- Up-to-date: /home/ryung/Desktop/dubal_ws/install/controller/share/controller/cmake/controllerConfig-version.cmake
[0.995s] -- Up-to-date: /home/ryung/Desktop/dubal_ws/install/controller/share/controller/package.xml
[0.996s] Invoked command in '/home/ryung/Desktop/dubal_ws/build/controller' returned '0': CMAKE_PREFIX_PATH=/home/ryung/Desktop/dubal_ws/install/serial_reciver:/home/ryung/Desktop/dubal_ws/install/odrive_controller:/home/ryung/Desktop/dubal_ws/install/controller:/home/ryung/Desktop/buf/install/serial_reciver:/home/ryung/Desktop/buf/install/odrive_controller:/home/ryung/Desktop/buf/install/license_plate_detector:/home/ryung/Desktop/buf/install/dubal_eye:/home/ryung/Desktop/buf/install/controller:/home/ryung/Desktop/ros2_ws/install/stella_ahrs:/home/ryung/Desktop/ros2_ws/install/odrive_ros2_control:/home/ryung/Desktop/ros2_ws/install/odrive_hardware_interface:/home/ryung/Desktop/ros2_ws/install/odrive_demo_bringup:/home/ryung/Desktop/ros2_ws/install/odrive_demo_description:/opt/ros/foxy /usr/bin/cmake --install /home/ryung/Desktop/dubal_ws/build/controller
