[0.057s] Invoking command in '/home/ionia/Desktop/dubal_ws/build/controller': CMAKE_PREFIX_PATH=${CMAKE_PREFIX_PATH}:/home/ionia/Desktop/dubal_ws/install/serial_reciver:/home/ionia/Desktop/dubal_ws/install/odrive_controller:/opt/ros/foxy /usr/bin/cmake /home/ionia/Desktop/dubal_ws/src/controller -DCMAKE_INSTALL_PREFIX=/home/ionia/Desktop/dubal_ws/install/controller
[1.108s] -- The C compiler identification is GNU 9.4.0
[1.108s] -- The CXX compiler identification is GNU 9.4.0
[1.108s] -- Check for working C compiler: /usr/bin/cc
[1.108s] -- Check for working C compiler: /usr/bin/cc -- works
[1.108s] -- Detecting C compiler ABI info
[1.109s] -- Detecting C compiler ABI info - done
[1.109s] -- Detecting C compile features
[1.109s] -- Detecting C compile features - done
[1.109s] -- Check for working CXX compiler: /usr/bin/c++
[1.109s] -- Check for working CXX compiler: /usr/bin/c++ -- works
[1.109s] -- Detecting CXX compiler ABI info
[1.109s] -- Detecting CXX compiler ABI info - done
[1.109s] -- Detecting CXX compile features
[1.109s] -- Detecting CXX compile features - done
[1.109s] -- Found ament_cmake: 0.9.12 (/opt/ros/foxy/share/ament_cmake/cmake)
[1.109s] -- Found PythonInterp: /usr/bin/python3 (found suitable version "3.8.10", minimum required is "3") 
[1.109s] -- Using PYTHON_EXECUTABLE: /usr/bin/python3
[1.189s] -- Found rclcpp: 2.4.3 (/opt/ros/foxy/share/rclcpp/cmake)
[1.306s] -- Using all available rosidl_typesupport_c: rosidl_typesupport_fastrtps_c;rosidl_typesupport_introspection_c
[1.322s] -- Found rosidl_adapter: 1.3.1 (/opt/ros/foxy/share/rosidl_adapter/cmake)
[1.517s] -- Found OpenSSL: /usr/lib/x86_64-linux-gnu/libcrypto.so (found version "1.1.1f")  
[1.584s] -- Found FastRTPS: /opt/ros/foxy/include  
[1.768s] -- Using all available rosidl_typesupport_cpp: rosidl_typesupport_fastrtps_cpp;rosidl_typesupport_introspection_cpp
[1.920s] -- Found rmw_implementation_cmake: 1.0.4 (/opt/ros/foxy/share/rmw_implementation_cmake/cmake)
[1.925s] -- Using RMW implementation 'rmw_fastrtps_cpp' as default
[1.928s] -- Looking for pthread.h
[2.127s] -- Looking for pthread.h - found
[2.135s] -- Performing Test CMAKE_HAVE_LIBC_PTHREAD
[2.285s] -- Performing Test CMAKE_HAVE_LIBC_PTHREAD - Failed
[2.286s] -- Looking for pthread_create in pthreads
[2.412s] -- Looking for pthread_create in pthreads - not found
[2.413s] -- Looking for pthread_create in pthread
[2.561s] -- Looking for pthread_create in pthread - found
[2.565s] -- Found Threads: TRUE  
[2.906s] -- Found sensor_msgs: 2.0.5 (/opt/ros/foxy/share/sensor_msgs/cmake)
[3.133s] -- Configuring done
[3.146s] -- Generating done
[3.148s] -- Build files have been written to: /home/ionia/Desktop/dubal_ws/build/controller
[3.159s] Invoked command in '/home/ionia/Desktop/dubal_ws/build/controller' returned '0': CMAKE_PREFIX_PATH=${CMAKE_PREFIX_PATH}:/home/ionia/Desktop/dubal_ws/install/serial_reciver:/home/ionia/Desktop/dubal_ws/install/odrive_controller:/opt/ros/foxy /usr/bin/cmake /home/ionia/Desktop/dubal_ws/src/controller -DCMAKE_INSTALL_PREFIX=/home/ionia/Desktop/dubal_ws/install/controller
[3.163s] Invoking command in '/home/ionia/Desktop/dubal_ws/build/controller': CMAKE_PREFIX_PATH=${CMAKE_PREFIX_PATH}:/home/ionia/Desktop/dubal_ws/install/serial_reciver:/home/ionia/Desktop/dubal_ws/install/odrive_controller:/opt/ros/foxy /usr/bin/cmake --build /home/ionia/Desktop/dubal_ws/build/controller -- -j4 -l4
[3.215s] [35m[1mScanning dependencies of target controller_main[0m
[3.253s] [ 50%] [32mBuilding CXX object CMakeFiles/controller_main.dir/src/controller_main.cpp.o[0m
[9.614s] [100%] [32m[1mLinking CXX executable controller_main[0m
[10.021s] [100%] Built target controller_main
[10.036s] Invoked command in '/home/ionia/Desktop/dubal_ws/build/controller' returned '0': CMAKE_PREFIX_PATH=${CMAKE_PREFIX_PATH}:/home/ionia/Desktop/dubal_ws/install/serial_reciver:/home/ionia/Desktop/dubal_ws/install/odrive_controller:/opt/ros/foxy /usr/bin/cmake --build /home/ionia/Desktop/dubal_ws/build/controller -- -j4 -l4
[10.084s] Invoking command in '/home/ionia/Desktop/dubal_ws/build/controller': CMAKE_PREFIX_PATH=${CMAKE_PREFIX_PATH}:/home/ionia/Desktop/dubal_ws/install/serial_reciver:/home/ionia/Desktop/dubal_ws/install/odrive_controller:/opt/ros/foxy /usr/bin/cmake --install /home/ionia/Desktop/dubal_ws/build/controller
[10.096s] -- Install configuration: ""
[10.096s] -- Installing: /home/ionia/Desktop/dubal_ws/install/controller/lib/controller/controller_main
[10.100s] -- Set runtime path of "/home/ionia/Desktop/dubal_ws/install/controller/lib/controller/controller_main" to ""
[10.100s] -- Up-to-date: /home/ionia/Desktop/dubal_ws/install/controller/share/controller/
[10.100s] -- Up-to-date: /home/ionia/Desktop/dubal_ws/install/controller/share/controller//dubal_jjas_eye.py
[10.100s] -- Up-to-date: /home/ionia/Desktop/dubal_ws/install/controller/share/controller//dubal_no_eye.py
[10.101s] -- Up-to-date: /home/ionia/Desktop/dubal_ws/install/controller/share/ament_index/resource_index/package_run_dependencies/controller
[10.101s] -- Installing: /home/ionia/Desktop/dubal_ws/install/controller/share/ament_index/resource_index/parent_prefix_path/controller
[10.101s] -- Up-to-date: /home/ionia/Desktop/dubal_ws/install/controller/share/controller/environment/ament_prefix_path.sh
[10.101s] -- Installing: /home/ionia/Desktop/dubal_ws/install/controller/share/controller/environment/ament_prefix_path.dsv
[10.102s] -- Up-to-date: /home/ionia/Desktop/dubal_ws/install/controller/share/controller/environment/path.sh
[10.102s] -- Installing: /home/ionia/Desktop/dubal_ws/install/controller/share/controller/environment/path.dsv
[10.102s] -- Up-to-date: /home/ionia/Desktop/dubal_ws/install/controller/share/controller/local_setup.bash
[10.102s] -- Installing: /home/ionia/Desktop/dubal_ws/install/controller/share/controller/local_setup.sh
[10.102s] -- Up-to-date: /home/ionia/Desktop/dubal_ws/install/controller/share/controller/local_setup.zsh
[10.103s] -- Installing: /home/ionia/Desktop/dubal_ws/install/controller/share/controller/local_setup.dsv
[10.103s] -- Installing: /home/ionia/Desktop/dubal_ws/install/controller/share/controller/package.dsv
[10.103s] -- Up-to-date: /home/ionia/Desktop/dubal_ws/install/controller/share/ament_index/resource_index/packages/controller
[10.103s] -- Up-to-date: /home/ionia/Desktop/dubal_ws/install/controller/share/controller/cmake/controllerConfig.cmake
[10.103s] -- Up-to-date: /home/ionia/Desktop/dubal_ws/install/controller/share/controller/cmake/controllerConfig-version.cmake
[10.104s] -- Up-to-date: /home/ionia/Desktop/dubal_ws/install/controller/share/controller/package.xml
[10.107s] Invoked command in '/home/ionia/Desktop/dubal_ws/build/controller' returned '0': CMAKE_PREFIX_PATH=${CMAKE_PREFIX_PATH}:/home/ionia/Desktop/dubal_ws/install/serial_reciver:/home/ionia/Desktop/dubal_ws/install/odrive_controller:/opt/ros/foxy /usr/bin/cmake --install /home/ionia/Desktop/dubal_ws/build/controller
