[2.983s] Invoking command in '/home/ionia/Desktop/dubal_ws/src/odrive_controller': PYTHONPATH=/home/ionia/Desktop/dubal_ws/build/odrive_controller/prefix_override:/usr/lib/python3/dist-packages/colcon_core/task/python/colcon_distutils_commands:/home/ionia/Desktop/dubal_ws/install/odrive_controller/lib/python3.8/site-packages:${PYTHONPATH} /usr/bin/python3 -W ignore:setup.py install is deprecated setup.py egg_info --egg-base ../../build/odrive_controller build --build-base /home/ionia/Desktop/dubal_ws/build/odrive_controller/build install --record /home/ionia/Desktop/dubal_ws/build/odrive_controller/install.log --install-scripts $base/lib/odrive_controller --single-version-externally-managed install_data
[3.485s] running egg_info
[3.487s] writing ../../build/odrive_controller/odrive_controller.egg-info/PKG-INFO
[3.488s] writing dependency_links to ../../build/odrive_controller/odrive_controller.egg-info/dependency_links.txt
[3.488s] writing entry points to ../../build/odrive_controller/odrive_controller.egg-info/entry_points.txt
[3.488s] writing requirements to ../../build/odrive_controller/odrive_controller.egg-info/requires.txt
[3.488s] writing top-level names to ../../build/odrive_controller/odrive_controller.egg-info/top_level.txt
[3.567s] reading manifest file '../../build/odrive_controller/odrive_controller.egg-info/SOURCES.txt'
[3.569s] writing manifest file '../../build/odrive_controller/odrive_controller.egg-info/SOURCES.txt'
[3.569s] running build
[3.570s] running build_py
[3.570s] running install
[3.572s] running install_lib
[3.575s] running install_data
[3.575s] running install_egg_info
[3.579s] removing '/home/ionia/Desktop/dubal_ws/install/odrive_controller/lib/python3.8/site-packages/odrive_controller-0.0.0-py3.8.egg-info' (and everything under it)
[3.579s] Copying ../../build/odrive_controller/odrive_controller.egg-info to /home/ionia/Desktop/dubal_ws/install/odrive_controller/lib/python3.8/site-packages/odrive_controller-0.0.0-py3.8.egg-info
[3.581s] running install_scripts
[3.616s] Installing odrive_controller script to /home/ionia/Desktop/dubal_ws/install/odrive_controller/lib/odrive_controller
[3.617s] writing list of installed files to '/home/ionia/Desktop/dubal_ws/build/odrive_controller/install.log'
[3.702s] Invoked command in '/home/ionia/Desktop/dubal_ws/src/odrive_controller' returned '0': PYTHONPATH=/home/ionia/Desktop/dubal_ws/build/odrive_controller/prefix_override:/usr/lib/python3/dist-packages/colcon_core/task/python/colcon_distutils_commands:/home/ionia/Desktop/dubal_ws/install/odrive_controller/lib/python3.8/site-packages:${PYTHONPATH} /usr/bin/python3 -W ignore:setup.py install is deprecated setup.py egg_info --egg-base ../../build/odrive_controller build --build-base /home/ionia/Desktop/dubal_ws/build/odrive_controller/build install --record /home/ionia/Desktop/dubal_ws/build/odrive_controller/install.log --install-scripts $base/lib/odrive_controller --single-version-externally-managed install_data
