[5.503s] Invoking command in '/home/ionia/Desktop/dubal_ws/src/localizer': PYTHONPATH=/home/ionia/Desktop/dubal_ws/build/localizer/prefix_override:/usr/lib/python3/dist-packages/colcon_core/task/python/colcon_distutils_commands:/home/ionia/Desktop/dubal_ws/install/localizer/lib/python3.8/site-packages:${PYTHONPATH} /usr/bin/python3 -W ignore:setup.py install is deprecated setup.py egg_info --egg-base ../../build/localizer build --build-base /home/ionia/Desktop/dubal_ws/build/localizer/build install --record /home/ionia/Desktop/dubal_ws/build/localizer/install.log --install-scripts $base/lib/localizer --single-version-externally-managed install_data
[7.411s] running egg_info
[7.411s] writing ../../build/localizer/localizer.egg-info/PKG-INFO
[7.412s] writing dependency_links to ../../build/localizer/localizer.egg-info/dependency_links.txt
[7.412s] writing entry points to ../../build/localizer/localizer.egg-info/entry_points.txt
[7.412s] writing requirements to ../../build/localizer/localizer.egg-info/requires.txt
[7.412s] writing top-level names to ../../build/localizer/localizer.egg-info/top_level.txt
[7.802s] reading manifest file '../../build/localizer/localizer.egg-info/SOURCES.txt'
[7.805s] writing manifest file '../../build/localizer/localizer.egg-info/SOURCES.txt'
[7.805s] running build
[7.805s] running build_py
[7.806s] running install
[7.808s] running install_lib
[7.811s] running install_data
[7.811s] running install_egg_info
[7.826s] removing '/home/ionia/Desktop/dubal_ws/install/localizer/lib/python3.8/site-packages/localizer-0.0.0-py3.8.egg-info' (and everything under it)
[7.827s] Copying ../../build/localizer/localizer.egg-info to /home/ionia/Desktop/dubal_ws/install/localizer/lib/python3.8/site-packages/localizer-0.0.0-py3.8.egg-info
[7.828s] running install_scripts
[8.012s] Installing odometry_node script to /home/ionia/Desktop/dubal_ws/install/localizer/lib/localizer
[8.020s] writing list of installed files to '/home/ionia/Desktop/dubal_ws/build/localizer/install.log'
[8.229s] Invoked command in '/home/ionia/Desktop/dubal_ws/src/localizer' returned '0': PYTHONPATH=/home/ionia/Desktop/dubal_ws/build/localizer/prefix_override:/usr/lib/python3/dist-packages/colcon_core/task/python/colcon_distutils_commands:/home/ionia/Desktop/dubal_ws/install/localizer/lib/python3.8/site-packages:${PYTHONPATH} /usr/bin/python3 -W ignore:setup.py install is deprecated setup.py egg_info --egg-base ../../build/localizer build --build-base /home/ionia/Desktop/dubal_ws/build/localizer/build install --record /home/ionia/Desktop/dubal_ws/build/localizer/install.log --install-scripts $base/lib/localizer --single-version-externally-managed install_data
