[0.036s] Invoking command in '/home/ionia/Desktop/dubal_ws/build/controller': CMAKE_PREFIX_PATH=${CMAKE_PREFIX_PATH}:/home/ionia/Desktop/dubal_ws/install/serial_reciver:/home/ionia/Desktop/dubal_ws/install/odrive_controller:/home/ionia/Desktop/dubal_ws/install/localizer:/home/ionia/Desktop/dubal_ws/install/dubal_eye_AND_web:/opt/ros/foxy /usr/bin/cmake /home/ionia/Desktop/dubal_ws/src/controller -DCMAKE_INSTALL_PREFIX=/home/ionia/Desktop/dubal_ws/install/controller
[0.735s] -- The C compiler identification is GNU 9.4.0
[0.735s] -- The CXX compiler identification is GNU 9.4.0
[0.735s] -- Check for working C compiler: /usr/bin/cc
[0.735s] -- Check for working C compiler: /usr/bin/cc -- works
[0.735s] -- Detecting C compiler ABI info
[0.736s] -- Detecting C compiler ABI info - done
[0.736s] -- Detecting C compile features
[0.736s] -- Detecting C compile features - done
[0.736s] -- Check for working CXX compiler: /usr/bin/c++
[0.736s] -- Check for working CXX compiler: /usr/bin/c++ -- works
[0.736s] -- Detecting CXX compiler ABI info
[0.736s] -- Detecting CXX compiler ABI info - done
[0.753s] -- Detecting CXX compile features
[0.753s] -- Detecting CXX compile features - done
[0.758s] -- Found ament_cmake: 0.9.12 (/opt/ros/foxy/share/ament_cmake/cmake)
[0.800s] -- Found PythonInterp: /usr/bin/python3 (found suitable version "3.8.10", minimum required is "3") 
[0.800s] -- Using PYTHON_EXECUTABLE: /usr/bin/python3
[1.124s] -- Found rclcpp: 2.4.3 (/opt/ros/foxy/share/rclcpp/cmake)
[1.237s] -- Using all available rosidl_typesupport_c: rosidl_typesupport_fastrtps_c;rosidl_typesupport_introspection_c
[1.255s] -- Found rosidl_adapter: 1.3.1 (/opt/ros/foxy/share/rosidl_adapter/cmake)
[1.430s] -- Found OpenSSL: /usr/lib/x86_64-linux-gnu/libcrypto.so (found version "1.1.1f")  
[1.497s] -- Found FastRTPS: /opt/ros/foxy/include  
[1.675s] -- Using all available rosidl_typesupport_cpp: rosidl_typesupport_fastrtps_cpp;rosidl_typesupport_introspection_cpp
[1.827s] -- Found rmw_implementation_cmake: 1.0.4 (/opt/ros/foxy/share/rmw_implementation_cmake/cmake)
[1.831s] -- Using RMW implementation 'rmw_fastrtps_cpp' as default
[1.834s] -- Looking for pthread.h
[1.957s] -- Looking for pthread.h - found
[1.958s] -- Performing Test CMAKE_HAVE_LIBC_PTHREAD
[2.062s] -- Performing Test CMAKE_HAVE_LIBC_PTHREAD - Failed
[2.063s] -- Looking for pthread_create in pthreads
[2.144s] -- Looking for pthread_create in pthreads - not found
[2.144s] -- Looking for pthread_create in pthread
[2.229s] -- Looking for pthread_create in pthread - found
[2.231s] -- Found Threads: TRUE  
[2.411s] -- Found sensor_msgs: 2.0.5 (/opt/ros/foxy/share/sensor_msgs/cmake)
[2.612s] -- Configuring done
[2.623s] -- Generating done
[2.624s] -- Build files have been written to: /home/ionia/Desktop/dubal_ws/build/controller
[2.634s] Invoked command in '/home/ionia/Desktop/dubal_ws/build/controller' returned '0': CMAKE_PREFIX_PATH=${CMAKE_PREFIX_PATH}:/home/ionia/Desktop/dubal_ws/install/serial_reciver:/home/ionia/Desktop/dubal_ws/install/odrive_controller:/home/ionia/Desktop/dubal_ws/install/localizer:/home/ionia/Desktop/dubal_ws/install/dubal_eye_AND_web:/opt/ros/foxy /usr/bin/cmake /home/ionia/Desktop/dubal_ws/src/controller -DCMAKE_INSTALL_PREFIX=/home/ionia/Desktop/dubal_ws/install/controller
[2.640s] Invoking command in '/home/ionia/Desktop/dubal_ws/build/controller': CMAKE_PREFIX_PATH=${CMAKE_PREFIX_PATH}:/home/ionia/Desktop/dubal_ws/install/serial_reciver:/home/ionia/Desktop/dubal_ws/install/odrive_controller:/home/ionia/Desktop/dubal_ws/install/localizer:/home/ionia/Desktop/dubal_ws/install/dubal_eye_AND_web:/opt/ros/foxy /usr/bin/cmake --build /home/ionia/Desktop/dubal_ws/build/controller -- -j4 -l4
[2.690s] [35m[1mScanning dependencies of target controller_main[0m
[2.732s] [100%] Built target controller_main
[2.745s] Invoked command in '/home/ionia/Desktop/dubal_ws/build/controller' returned '0': CMAKE_PREFIX_PATH=${CMAKE_PREFIX_PATH}:/home/ionia/Desktop/dubal_ws/install/serial_reciver:/home/ionia/Desktop/dubal_ws/install/odrive_controller:/home/ionia/Desktop/dubal_ws/install/localizer:/home/ionia/Desktop/dubal_ws/install/dubal_eye_AND_web:/opt/ros/foxy /usr/bin/cmake --build /home/ionia/Desktop/dubal_ws/build/controller -- -j4 -l4
[2.790s] Invoking command in '/home/ionia/Desktop/dubal_ws/build/controller': CMAKE_PREFIX_PATH=${CMAKE_PREFIX_PATH}:/home/ionia/Desktop/dubal_ws/install/serial_reciver:/home/ionia/Desktop/dubal_ws/install/odrive_controller:/home/ionia/Desktop/dubal_ws/install/localizer:/home/ionia/Desktop/dubal_ws/install/dubal_eye_AND_web:/opt/ros/foxy /usr/bin/cmake --install /home/ionia/Desktop/dubal_ws/build/controller
[2.802s] -- Install configuration: ""
[2.802s] -- Up-to-date: /home/ionia/Desktop/dubal_ws/install/controller/lib/controller/controller_main
[2.802s] -- Up-to-date: /home/ionia/Desktop/dubal_ws/install/controller/share/controller/
[2.803s] -- Up-to-date: /home/ionia/Desktop/dubal_ws/install/controller/share/controller//dubal_no_eye.py
[2.803s] -- Up-to-date: /home/ionia/Desktop/dubal_ws/install/controller/share/ament_index/resource_index/package_run_dependencies/controller
[2.803s] -- Up-to-date: /home/ionia/Desktop/dubal_ws/install/controller/share/ament_index/resource_index/parent_prefix_path/controller
[2.803s] -- Up-to-date: /home/ionia/Desktop/dubal_ws/install/controller/share/controller/environment/ament_prefix_path.sh
[2.804s] -- Installing: /home/ionia/Desktop/dubal_ws/install/controller/share/controller/environment/ament_prefix_path.dsv
[2.804s] -- Up-to-date: /home/ionia/Desktop/dubal_ws/install/controller/share/controller/environment/path.sh
[2.804s] -- Installing: /home/ionia/Desktop/dubal_ws/install/controller/share/controller/environment/path.dsv
[2.804s] -- Up-to-date: /home/ionia/Desktop/dubal_ws/install/controller/share/controller/local_setup.bash
[2.805s] -- Up-to-date: /home/ionia/Desktop/dubal_ws/install/controller/share/controller/local_setup.sh
[2.805s] -- Up-to-date: /home/ionia/Desktop/dubal_ws/install/controller/share/controller/local_setup.zsh
[2.805s] -- Installing: /home/ionia/Desktop/dubal_ws/install/controller/share/controller/local_setup.dsv
[2.805s] -- Installing: /home/ionia/Desktop/dubal_ws/install/controller/share/controller/package.dsv
[2.805s] -- Up-to-date: /home/ionia/Desktop/dubal_ws/install/controller/share/ament_index/resource_index/packages/controller
[2.806s] -- Up-to-date: /home/ionia/Desktop/dubal_ws/install/controller/share/controller/cmake/controllerConfig.cmake
[2.806s] -- Up-to-date: /home/ionia/Desktop/dubal_ws/install/controller/share/controller/cmake/controllerConfig-version.cmake
[2.806s] -- Up-to-date: /home/ionia/Desktop/dubal_ws/install/controller/share/controller/package.xml
[2.809s] Invoked command in '/home/ionia/Desktop/dubal_ws/build/controller' returned '0': CMAKE_PREFIX_PATH=${CMAKE_PREFIX_PATH}:/home/ionia/Desktop/dubal_ws/install/serial_reciver:/home/ionia/Desktop/dubal_ws/install/odrive_controller:/home/ionia/Desktop/dubal_ws/install/localizer:/home/ionia/Desktop/dubal_ws/install/dubal_eye_AND_web:/opt/ros/foxy /usr/bin/cmake --install /home/ionia/Desktop/dubal_ws/build/controller
