[0.064s] Invoking command in '/home/ionia/Desktop/dubal_ws/build/controller': CMAKE_PREFIX_PATH=${CMAKE_PREFIX_PATH}:/home/ionia/Desktop/dubal_ws/install/serial_reciver:/home/ionia/Desktop/dubal_ws/install/odrive_controller:/home/ionia/Desktop/dubal_ws/install/dubal_eye_AND_web:/opt/ros/foxy /usr/bin/cmake --build /home/ionia/Desktop/dubal_ws/build/controller -- -j4 -l4
[1.566s] [35m[1mScanning dependencies of target controller_main[0m
[1.566s] [ 50%] [32mBuilding CXX object CMakeFiles/controller_main.dir/src/controller_main.cpp.o[0m
[3.018s] In file included from [01m[K/home/ionia/Desktop/dubal_ws/src/controller/src/controller_main.cpp:1[m[K:
[3.019s] [01m[K/home/ionia/Desktop/dubal_ws/src/controller/include/controller_main.h:63:1:[m[K [01;31m[Kerror: [m[K‘[01m[Kflaot[m[K’ does not name a type; did you mean ‘[01m[Kfloat[m[K’?
[3.019s]    63 | [01;31m[Kflaot[m[K pos_x=0.0;
[3.019s]       | [01;31m[K^~~~~[m[K
[3.019s]       | [32m[Kfloat[m[K
[3.020s] [01m[K/home/ionia/Desktop/dubal_ws/src/controller/include/controller_main.h:64:1:[m[K [01;31m[Kerror: [m[K‘[01m[Kflaot[m[K’ does not name a type; did you mean ‘[01m[Kfloat[m[K’?
[3.020s]    64 | [01;31m[Kflaot[m[K vel_x=0.0;
[3.021s]       | [01;31m[K^~~~~[m[K
[3.021s]       | [32m[Kfloat[m[K
[3.030s] In file included from [01m[K/home/ionia/Desktop/dubal_ws/src/controller/src/controller_main.cpp:2[m[K:
[3.031s] [01m[K/home/ionia/Desktop/dubal_ws/src/controller/include/controller_main_function.h:[m[K In function ‘[01m[Kvoid dubal_data_callback(sensor_msgs::msg::JointState_<std::allocator<void> >::SharedPtr)[m[K’:
[3.031s] [01m[K/home/ionia/Desktop/dubal_ws/src/controller/include/controller_main_function.h:76:5:[m[K [01;31m[Kerror: [m[K‘[01m[Kpos_x[m[K’ was not declared in this scope; did you mean ‘[01m[Kfpos_t[m[K’?
[3.031s]    76 |     [01;31m[Kpos_x[m[K = (msg->position[0]+msg->position[1])/2;
[3.031s]       |     [01;31m[K^~~~~[m[K
[3.031s]       |     [32m[Kfpos_t[m[K
[3.033s] [01m[K/home/ionia/Desktop/dubal_ws/src/controller/include/controller_main_function.h:77:5:[m[K [01;31m[Kerror: [m[K‘[01m[Kvel_x[m[K’ was not declared in this scope
[3.033s]    77 |     [01;31m[Kvel_x[m[K = (msg->velocity[0]+msg->velocity[1])/2;
[3.033s]       |     [01;31m[K^~~~~[m[K
[3.034s] [01m[K/home/ionia/Desktop/dubal_ws/src/controller/include/controller_main_function.h:[m[K In function ‘[01m[Kfloat computeLQR(float*, float*)[m[K’:
[3.034s] [01m[K/home/ionia/Desktop/dubal_ws/src/controller/include/controller_main_function.h:103:19:[m[K [01;31m[Kerror: [m[Kexpected ‘[01m[K;[m[K’ before ‘[01m[K<[m[K’ token
[3.034s]   103 |     for(int i=0, i[01;31m[K<[m[Kstate_size, i++)
[3.034s]       |                   [01;31m[K^[m[K
[3.034s]       |                   [32m[K;[m[K
[3.034s] [01m[K/home/ionia/Desktop/dubal_ws/src/controller/include/controller_main_function.h:103:19:[m[K [01;31m[Kerror: [m[Kexpected primary-expression before ‘[01m[K<[m[K’ token
[3.035s] [01m[K/home/ionia/Desktop/dubal_ws/src/controller/include/controller_main_function.h:103:35:[m[K [01;31m[Kerror: [m[Kexpected ‘[01m[K;[m[K’ before ‘[01m[K)[m[K’ token
[3.035s]   103 |     for(int i=0, i<state_size, i++[01;31m[K)[m[K
[3.035s]       |                                   [01;31m[K^[m[K
[3.035s]       |                                   [32m[K;[m[K
[3.036s] [01m[K/home/ionia/Desktop/dubal_ws/src/controller/src/controller_main.cpp:[m[K In function ‘[01m[Kvoid balancing_controller()[m[K’:
[3.036s] [01m[K/home/ionia/Desktop/dubal_ws/src/controller/src/controller_main.cpp:10:58:[m[K [01;31m[Kerror: [m[K‘[01m[Kpos_x[m[K’ was not declared in this scope; did you mean ‘[01m[Kfpos_t[m[K’?
[3.036s]    10 |     float state[state_size] = {imu_theta, imu_theta_dot, [01;31m[Kpos_x[m[K, vel_x}
[3.037s]       |                                                          [01;31m[K^~~~~[m[K
[3.037s]       |                                                          [32m[Kfpos_t[m[K
[3.039s] [01m[K/home/ionia/Desktop/dubal_ws/src/controller/src/controller_main.cpp:10:65:[m[K [01;31m[Kerror: [m[K‘[01m[Kvel_x[m[K’ was not declared in this scope
[3.039s]    10 |     float state[state_size] = {imu_theta, imu_theta_dot, pos_x, [01;31m[Kvel_x[m[K}
[3.039s]       |                                                                 [01;31m[K^~~~~[m[K
[3.043s] [01m[K/home/ionia/Desktop/dubal_ws/src/controller/src/controller_main.cpp:12:39:[m[K [01;31m[Kerror: [m[K‘[01m[Kdesired_state[m[K’ was not declared in this scope
[3.043s]    12 |     balancing_CMD = computeLQR(state, [01;31m[Kdesired_state[m[K)
[3.043s]       |                                       [01;31m[K^~~~~~~~~~~~~[m[K
[3.075s] [01m[K/home/ionia/Desktop/dubal_ws/src/controller/src/controller_main.cpp:[m[K In function ‘[01m[Kint main(int, char**)[m[K’:
[3.075s] [01m[K/home/ionia/Desktop/dubal_ws/src/controller/src/controller_main.cpp:30:105:[m[K [01;31m[Kerror: [m[K‘[01m[Kdubal_vel_callback[m[K’ was not declared in this scope; did you mean ‘[01m[Kdubal_data_callback[m[K’?
[3.075s]    30 |     auto dubal_subscription = node->create_subscription<sensor_msgs::msg::JointState>("dubal_data", 10, [01;31m[Kdubal_vel_callback[m[K);
[3.075s]       |                                                                                                         [01;31m[K^~~~~~~~~~~~~~~~~~[m[K
[3.076s]       |                                                                                                         [32m[Kdubal_data_callback[m[K
[5.677s] make[2]: *** [CMakeFiles/controller_main.dir/build.make:63: CMakeFiles/controller_main.dir/src/controller_main.cpp.o] Error 1
[5.678s] make[1]: *** [CMakeFiles/Makefile2:78: CMakeFiles/controller_main.dir/all] Error 2
[5.678s] make: *** [Makefile:141: all] Error 2
[5.681s] Invoked command in '/home/ionia/Desktop/dubal_ws/build/controller' returned '2': CMAKE_PREFIX_PATH=${CMAKE_PREFIX_PATH}:/home/ionia/Desktop/dubal_ws/install/serial_reciver:/home/ionia/Desktop/dubal_ws/install/odrive_controller:/home/ionia/Desktop/dubal_ws/install/dubal_eye_AND_web:/opt/ros/foxy /usr/bin/cmake --build /home/ionia/Desktop/dubal_ws/build/controller -- -j4 -l4
