running egg_info
creating ../../build/localizer/localizer.egg-info
writing ../../build/localizer/localizer.egg-info/PKG-INFO
writing dependency_links to ../../build/localizer/localizer.egg-info/dependency_links.txt
writing entry points to ../../build/localizer/localizer.egg-info/entry_points.txt
writing requirements to ../../build/localizer/localizer.egg-info/requires.txt
writing top-level names to ../../build/localizer/localizer.egg-info/top_level.txt
writing manifest file '../../build/localizer/localizer.egg-info/SOURCES.txt'
reading manifest file '../../build/localizer/localizer.egg-info/SOURCES.txt'
writing manifest file '../../build/localizer/localizer.egg-info/SOURCES.txt'
running build
running build_py
creating /home/ionia/Desktop/dubal_ws/build/localizer/build
creating /home/ionia/Desktop/dubal_ws/build/localizer/build/lib
creating /home/ionia/Desktop/dubal_ws/build/localizer/build/lib/localizer
copying localizer/odometry.py -> /home/ionia/Desktop/dubal_ws/build/localizer/build/lib/localizer
copying localizer/__init__.py -> /home/ionia/Desktop/dubal_ws/build/localizer/build/lib/localizer
running install
running install_lib
creating /home/ionia/Desktop/dubal_ws/install/localizer/lib/python3.8/site-packages/localizer
copying /home/ionia/Desktop/dubal_ws/build/localizer/build/lib/localizer/odometry.py -> /home/ionia/Desktop/dubal_ws/install/localizer/lib/python3.8/site-packages/localizer
copying /home/ionia/Desktop/dubal_ws/build/localizer/build/lib/localizer/__init__.py -> /home/ionia/Desktop/dubal_ws/install/localizer/lib/python3.8/site-packages/localizer
byte-compiling /home/ionia/Desktop/dubal_ws/install/localizer/lib/python3.8/site-packages/localizer/odometry.py to odometry.cpython-38.pyc
byte-compiling /home/ionia/Desktop/dubal_ws/install/localizer/lib/python3.8/site-packages/localizer/__init__.py to __init__.cpython-38.pyc
running install_data
creating /home/ionia/Desktop/dubal_ws/install/localizer/share/ament_index
creating /home/ionia/Desktop/dubal_ws/install/localizer/share/ament_index/resource_index
creating /home/ionia/Desktop/dubal_ws/install/localizer/share/ament_index/resource_index/packages
copying resource/localizer -> /home/ionia/Desktop/dubal_ws/install/localizer/share/ament_index/resource_index/packages
copying package.xml -> /home/ionia/Desktop/dubal_ws/install/localizer/share/localizer
running install_egg_info
Copying ../../build/localizer/localizer.egg-info to /home/ionia/Desktop/dubal_ws/install/localizer/lib/python3.8/site-packages/localizer-0.0.0-py3.8.egg-info
running install_scripts
Installing odometry_node script to /home/ionia/Desktop/dubal_ws/install/localizer/lib/localizer
writing list of installed files to '/home/ionia/Desktop/dubal_ws/build/localizer/install.log'
