[1.761s] Invoking command in '/home/ionia/Desktop/dubal_ws/src/odrive_controller': PYTHONPATH=/home/ionia/Desktop/dubal_ws/build/odrive_controller/prefix_override:/usr/lib/python3/dist-packages/colcon_core/task/python/colcon_distutils_commands:/home/ionia/Desktop/dubal_ws/install/odrive_controller/lib/python3.8/site-packages:${PYTHONPATH} /usr/bin/python3 -W ignore:setup.py install is deprecated setup.py egg_info --egg-base ../../build/odrive_controller build --build-base /home/ionia/Desktop/dubal_ws/build/odrive_controller/build install --record /home/ionia/Desktop/dubal_ws/build/odrive_controller/install.log --install-scripts $base/lib/odrive_controller --single-version-externally-managed install_data
[2.211s] running egg_info
[2.212s] writing ../../build/odrive_controller/odrive_controller.egg-info/PKG-INFO
[2.212s] writing dependency_links to ../../build/odrive_controller/odrive_controller.egg-info/dependency_links.txt
[2.213s] writing entry points to ../../build/odrive_controller/odrive_controller.egg-info/entry_points.txt
[2.213s] writing requirements to ../../build/odrive_controller/odrive_controller.egg-info/requires.txt
[2.213s] writing top-level names to ../../build/odrive_controller/odrive_controller.egg-info/top_level.txt
[2.254s] reading manifest file '../../build/odrive_controller/odrive_controller.egg-info/SOURCES.txt'
[2.255s] writing manifest file '../../build/odrive_controller/odrive_controller.egg-info/SOURCES.txt'
[2.255s] running build
[2.255s] running build_py
[2.256s] copying odrive_controller/odrive_controller.py -> /home/ionia/Desktop/dubal_ws/build/odrive_controller/build/lib/odrive_controller
[2.256s] running install
[2.257s] running install_lib
[2.259s] copying /home/ionia/Desktop/dubal_ws/build/odrive_controller/build/lib/odrive_controller/odrive_controller.py -> /home/ionia/Desktop/dubal_ws/install/odrive_controller/lib/python3.8/site-packages/odrive_controller
[2.259s] byte-compiling /home/ionia/Desktop/dubal_ws/install/odrive_controller/lib/python3.8/site-packages/odrive_controller/odrive_controller.py to odrive_controller.cpython-38.pyc
[2.261s] Sorry: TabError: inconsistent use of tabs and spaces in indentation (odrive_controller.py, line 138)
[2.261s] running install_data
[2.262s] running install_egg_info
[2.264s] removing '/home/ionia/Desktop/dubal_ws/install/odrive_controller/lib/python3.8/site-packages/odrive_controller-0.0.0-py3.8.egg-info' (and everything under it)
[2.265s] Copying ../../build/odrive_controller/odrive_controller.egg-info to /home/ionia/Desktop/dubal_ws/install/odrive_controller/lib/python3.8/site-packages/odrive_controller-0.0.0-py3.8.egg-info
[2.266s] running install_scripts
[2.285s] Installing odrive_controller script to /home/ionia/Desktop/dubal_ws/install/odrive_controller/lib/odrive_controller
[2.285s] Installing odrive_leg_controller script to /home/ionia/Desktop/dubal_ws/install/odrive_controller/lib/odrive_controller
[2.286s] writing list of installed files to '/home/ionia/Desktop/dubal_ws/build/odrive_controller/install.log'
[2.313s] Invoked command in '/home/ionia/Desktop/dubal_ws/src/odrive_controller' returned '0': PYTHONPATH=/home/ionia/Desktop/dubal_ws/build/odrive_controller/prefix_override:/usr/lib/python3/dist-packages/colcon_core/task/python/colcon_distutils_commands:/home/ionia/Desktop/dubal_ws/install/odrive_controller/lib/python3.8/site-packages:${PYTHONPATH} /usr/bin/python3 -W ignore:setup.py install is deprecated setup.py egg_info --egg-base ../../build/odrive_controller build --build-base /home/ionia/Desktop/dubal_ws/build/odrive_controller/build install --record /home/ionia/Desktop/dubal_ws/build/odrive_controller/install.log --install-scripts $base/lib/odrive_controller --single-version-externally-managed install_data
