[5.370s] Invoking command in '/home/ionia/Desktop/dubal_ws/src/odrive_controller': PYTHONPATH=/home/ionia/Desktop/dubal_ws/build/odrive_controller/prefix_override:/usr/lib/python3/dist-packages/colcon_core/task/python/colcon_distutils_commands:/home/ionia/Desktop/dubal_ws/install/odrive_controller/lib/python3.8/site-packages:${PYTHONPATH} /usr/bin/python3 -W ignore:setup.py install is deprecated setup.py egg_info --egg-base ../../build/odrive_controller build --build-base /home/ionia/Desktop/dubal_ws/build/odrive_controller/build install --record /home/ionia/Desktop/dubal_ws/build/odrive_controller/install.log --install-scripts $base/lib/odrive_controller --single-version-externally-managed install_data
[6.611s] running egg_info
[6.613s] writing ../../build/odrive_controller/odrive_controller.egg-info/PKG-INFO
[6.614s] writing dependency_links to ../../build/odrive_controller/odrive_controller.egg-info/dependency_links.txt
[6.615s] writing entry points to ../../build/odrive_controller/odrive_controller.egg-info/entry_points.txt
[6.615s] writing requirements to ../../build/odrive_controller/odrive_controller.egg-info/requires.txt
[6.616s] writing top-level names to ../../build/odrive_controller/odrive_controller.egg-info/top_level.txt
[6.729s] reading manifest file '../../build/odrive_controller/odrive_controller.egg-info/SOURCES.txt'
[6.731s] writing manifest file '../../build/odrive_controller/odrive_controller.egg-info/SOURCES.txt'
[6.732s] running build
[6.732s] running build_py
[6.733s] running install
[6.734s] running install_lib
[6.740s] running install_data
[6.741s] running install_egg_info
[6.744s] removing '/home/ionia/Desktop/dubal_ws/install/odrive_controller/lib/python3.8/site-packages/odrive_controller-0.0.0-py3.8.egg-info' (and everything under it)
[6.753s] Copying ../../build/odrive_controller/odrive_controller.egg-info to /home/ionia/Desktop/dubal_ws/install/odrive_controller/lib/python3.8/site-packages/odrive_controller-0.0.0-py3.8.egg-info
[6.754s] running install_scripts
[6.795s] Installing odrive_controller script to /home/ionia/Desktop/dubal_ws/install/odrive_controller/lib/odrive_controller
[6.805s] Installing odrive_leg_controller script to /home/ionia/Desktop/dubal_ws/install/odrive_controller/lib/odrive_controller
[6.806s] writing list of installed files to '/home/ionia/Desktop/dubal_ws/build/odrive_controller/install.log'
[6.882s] Invoked command in '/home/ionia/Desktop/dubal_ws/src/odrive_controller' returned '0': PYTHONPATH=/home/ionia/Desktop/dubal_ws/build/odrive_controller/prefix_override:/usr/lib/python3/dist-packages/colcon_core/task/python/colcon_distutils_commands:/home/ionia/Desktop/dubal_ws/install/odrive_controller/lib/python3.8/site-packages:${PYTHONPATH} /usr/bin/python3 -W ignore:setup.py install is deprecated setup.py egg_info --egg-base ../../build/odrive_controller build --build-base /home/ionia/Desktop/dubal_ws/build/odrive_controller/build install --record /home/ionia/Desktop/dubal_ws/build/odrive_controller/install.log --install-scripts $base/lib/odrive_controller --single-version-externally-managed install_data
