[0.427s] Invoking command in '/home/ryung/Desktop/dubal_ws/build/controller': CMAKE_PREFIX_PATH=/home/ryung/Desktop/dubal_ws/install/serial_reciver:/home/ryung/Desktop/dubal_ws/install/odrive_controller:/home/ryung/Desktop/buf/install/serial_reciver:/home/ryung/Desktop/buf/install/odrive_controller:/home/ryung/Desktop/buf/install/license_plate_detector:/home/ryung/Desktop/buf/install/dubal_eye:/opt/ros/foxy:${CMAKE_PREFIX_PATH} /usr/bin/cmake /home/ryung/Desktop/dubal_ws/src/controller -DCMAKE_INSTALL_PREFIX=/home/ryung/Desktop/dubal_ws/install/controller
[0.704s] -- The C compiler identification is GNU 9.4.0
[0.704s] -- The CXX compiler identification is GNU 9.4.0
[0.704s] -- Check for working C compiler: /usr/bin/cc
[0.704s] -- Check for working C compiler: /usr/bin/cc -- works
[0.704s] -- Detecting C compiler ABI info
[0.704s] -- Detecting C compiler ABI info - done
[0.704s] -- Detecting C compile features
[0.704s] -- Detecting C compile features - done
[0.704s] -- Check for working CXX compiler: /usr/bin/c++
[0.704s] -- Check for working CXX compiler: /usr/bin/c++ -- works
[0.704s] -- Detecting CXX compiler ABI info
[0.730s] -- Detecting CXX compiler ABI info - done
[0.737s] -- Detecting CXX compile features
[0.737s] -- Detecting CXX compile features - done
[0.739s] -- Found ament_cmake: 0.9.12 (/opt/ros/foxy/share/ament_cmake/cmake)
[0.758s] -- Found PythonInterp: /usr/bin/python3 (found suitable version "3.8.10", minimum required is "3") 
[0.758s] -- Using PYTHON_EXECUTABLE: /usr/bin/python3
[0.882s] -- Found rclcpp: 2.4.3 (/opt/ros/foxy/share/rclcpp/cmake)
[0.919s] -- Using all available rosidl_typesupport_c: rosidl_typesupport_fastrtps_c;rosidl_typesupport_introspection_c
[0.930s] -- Found rosidl_adapter: 1.3.1 (/opt/ros/foxy/share/rosidl_adapter/cmake)
[0.976s] -- Found OpenSSL: /usr/lib/x86_64-linux-gnu/libcrypto.so (found version "1.1.1f")  
[0.994s] -- Found FastRTPS: /opt/ros/foxy/include  
[1.051s] -- Using all available rosidl_typesupport_cpp: rosidl_typesupport_fastrtps_cpp;rosidl_typesupport_introspection_cpp
[1.095s] -- Found rmw_implementation_cmake: 1.0.4 (/opt/ros/foxy/share/rmw_implementation_cmake/cmake)
[1.099s] -- Using RMW implementation 'rmw_fastrtps_cpp' as default
[1.101s] -- Looking for pthread.h
[1.152s] -- Looking for pthread.h - found
[1.152s] -- Performing Test CMAKE_HAVE_LIBC_PTHREAD
[1.198s] -- Performing Test CMAKE_HAVE_LIBC_PTHREAD - Failed
[1.198s] -- Looking for pthread_create in pthreads
[1.236s] -- Looking for pthread_create in pthreads - not found
[1.236s] -- Looking for pthread_create in pthread
[1.279s] -- Looking for pthread_create in pthread - found
[1.280s] -- Found Threads: TRUE  
[1.381s] -- Found sensor_msgs: 2.0.5 (/opt/ros/foxy/share/sensor_msgs/cmake)
[1.499s] -- Configuring done
[1.504s] -- Generating done
[1.505s] -- Build files have been written to: /home/ryung/Desktop/dubal_ws/build/controller
[1.543s] Invoked command in '/home/ryung/Desktop/dubal_ws/build/controller' returned '0': CMAKE_PREFIX_PATH=/home/ryung/Desktop/dubal_ws/install/serial_reciver:/home/ryung/Desktop/dubal_ws/install/odrive_controller:/home/ryung/Desktop/buf/install/serial_reciver:/home/ryung/Desktop/buf/install/odrive_controller:/home/ryung/Desktop/buf/install/license_plate_detector:/home/ryung/Desktop/buf/install/dubal_eye:/opt/ros/foxy:${CMAKE_PREFIX_PATH} /usr/bin/cmake /home/ryung/Desktop/dubal_ws/src/controller -DCMAKE_INSTALL_PREFIX=/home/ryung/Desktop/dubal_ws/install/controller
[1.544s] Invoking command in '/home/ryung/Desktop/dubal_ws/build/controller': CMAKE_PREFIX_PATH=/home/ryung/Desktop/dubal_ws/install/serial_reciver:/home/ryung/Desktop/dubal_ws/install/odrive_controller:/home/ryung/Desktop/buf/install/serial_reciver:/home/ryung/Desktop/buf/install/odrive_controller:/home/ryung/Desktop/buf/install/license_plate_detector:/home/ryung/Desktop/buf/install/dubal_eye:/opt/ros/foxy:${CMAKE_PREFIX_PATH} /usr/bin/cmake --build /home/ryung/Desktop/dubal_ws/build/controller -- -j16 -l16
[1.565s] [35m[1mScanning dependencies of target controller_main[0m
[1.636s] [ 50%] [32mBuilding CXX object CMakeFiles/controller_main.dir/src/controller_main.cpp.o[0m
[4.369s] [100%] [32m[1mLinking CXX executable controller_main[0m
[4.534s] [100%] Built target controller_main
[4.540s] Invoked command in '/home/ryung/Desktop/dubal_ws/build/controller' returned '0': CMAKE_PREFIX_PATH=/home/ryung/Desktop/dubal_ws/install/serial_reciver:/home/ryung/Desktop/dubal_ws/install/odrive_controller:/home/ryung/Desktop/buf/install/serial_reciver:/home/ryung/Desktop/buf/install/odrive_controller:/home/ryung/Desktop/buf/install/license_plate_detector:/home/ryung/Desktop/buf/install/dubal_eye:/opt/ros/foxy:${CMAKE_PREFIX_PATH} /usr/bin/cmake --build /home/ryung/Desktop/dubal_ws/build/controller -- -j16 -l16
[4.559s] Invoking command in '/home/ryung/Desktop/dubal_ws/build/controller': CMAKE_PREFIX_PATH=/home/ryung/Desktop/dubal_ws/install/serial_reciver:/home/ryung/Desktop/dubal_ws/install/odrive_controller:/home/ryung/Desktop/buf/install/serial_reciver:/home/ryung/Desktop/buf/install/odrive_controller:/home/ryung/Desktop/buf/install/license_plate_detector:/home/ryung/Desktop/buf/install/dubal_eye:/opt/ros/foxy:${CMAKE_PREFIX_PATH} /usr/bin/cmake --install /home/ryung/Desktop/dubal_ws/build/controller
[4.564s] -- Install configuration: ""
[4.564s] -- Installing: /home/ryung/Desktop/dubal_ws/install/controller/lib/controller/controller_main
[4.565s] -- Set runtime path of "/home/ryung/Desktop/dubal_ws/install/controller/lib/controller/controller_main" to ""
[4.565s] -- Installing: /home/ryung/Desktop/dubal_ws/install/controller/share/controller/
[4.565s] -- Installing: /home/ryung/Desktop/dubal_ws/install/controller/share/controller//dubal_no_eye.py
[4.565s] -- Installing: /home/ryung/Desktop/dubal_ws/install/controller/share/ament_index/resource_index/package_run_dependencies/controller
[4.565s] -- Installing: /home/ryung/Desktop/dubal_ws/install/controller/share/ament_index/resource_index/parent_prefix_path/controller
[4.565s] -- Installing: /home/ryung/Desktop/dubal_ws/install/controller/share/controller/environment/ament_prefix_path.sh
[4.565s] -- Installing: /home/ryung/Desktop/dubal_ws/install/controller/share/controller/environment/ament_prefix_path.dsv
[4.565s] -- Installing: /home/ryung/Desktop/dubal_ws/install/controller/share/controller/environment/path.sh
[4.565s] -- Installing: /home/ryung/Desktop/dubal_ws/install/controller/share/controller/environment/path.dsv
[4.565s] -- Installing: /home/ryung/Desktop/dubal_ws/install/controller/share/controller/local_setup.bash
[4.565s] -- Installing: /home/ryung/Desktop/dubal_ws/install/controller/share/controller/local_setup.sh
[4.565s] -- Installing: /home/ryung/Desktop/dubal_ws/install/controller/share/controller/local_setup.zsh
[4.565s] -- Installing: /home/ryung/Desktop/dubal_ws/install/controller/share/controller/local_setup.dsv
[4.565s] -- Installing: /home/ryung/Desktop/dubal_ws/install/controller/share/controller/package.dsv
[4.565s] -- Installing: /home/ryung/Desktop/dubal_ws/install/controller/share/ament_index/resource_index/packages/controller
[4.566s] -- Installing: /home/ryung/Desktop/dubal_ws/install/controller/share/controller/cmake/controllerConfig.cmake
[4.566s] -- Installing: /home/ryung/Desktop/dubal_ws/install/controller/share/controller/cmake/controllerConfig-version.cmake
[4.566s] -- Installing: /home/ryung/Desktop/dubal_ws/install/controller/share/controller/package.xml
[4.567s] Invoked command in '/home/ryung/Desktop/dubal_ws/build/controller' returned '0': CMAKE_PREFIX_PATH=/home/ryung/Desktop/dubal_ws/install/serial_reciver:/home/ryung/Desktop/dubal_ws/install/odrive_controller:/home/ryung/Desktop/buf/install/serial_reciver:/home/ryung/Desktop/buf/install/odrive_controller:/home/ryung/Desktop/buf/install/license_plate_detector:/home/ryung/Desktop/buf/install/dubal_eye:/opt/ros/foxy:${CMAKE_PREFIX_PATH} /usr/bin/cmake --install /home/ryung/Desktop/dubal_ws/build/controller
