[5.269s] Invoking command in '/home/ionia/Desktop/dubal_ws/src/serial_reciver': PYTHONPATH=/home/ionia/Desktop/dubal_ws/build/serial_reciver/prefix_override:/usr/lib/python3/dist-packages/colcon_core/task/python/colcon_distutils_commands:/home/ionia/Desktop/dubal_ws/install/serial_reciver/lib/python3.8/site-packages:${PYTHONPATH} /usr/bin/python3 -W ignore:setup.py install is deprecated setup.py egg_info --egg-base ../../build/serial_reciver build --build-base /home/ionia/Desktop/dubal_ws/build/serial_reciver/build install --record /home/ionia/Desktop/dubal_ws/build/serial_reciver/install.log --install-scripts $base/lib/serial_reciver --single-version-externally-managed install_data
[5.779s] running egg_info
[5.782s] writing ../../build/serial_reciver/serial_reciver.egg-info/PKG-INFO
[5.784s] writing dependency_links to ../../build/serial_reciver/serial_reciver.egg-info/dependency_links.txt
[5.785s] writing entry points to ../../build/serial_reciver/serial_reciver.egg-info/entry_points.txt
[5.785s] writing requirements to ../../build/serial_reciver/serial_reciver.egg-info/requires.txt
[5.786s] writing top-level names to ../../build/serial_reciver/serial_reciver.egg-info/top_level.txt
[5.868s] reading manifest file '../../build/serial_reciver/serial_reciver.egg-info/SOURCES.txt'
[5.870s] writing manifest file '../../build/serial_reciver/serial_reciver.egg-info/SOURCES.txt'
[5.870s] running build
[5.870s] running build_py
[5.871s] running install
[5.873s] running install_lib
[5.882s] running install_data
[5.882s] running install_egg_info
[5.883s] removing '/home/ionia/Desktop/dubal_ws/install/serial_reciver/lib/python3.8/site-packages/serial_reciver-0.0.0-py3.8.egg-info' (and everything under it)
[5.883s] Copying ../../build/serial_reciver/serial_reciver.egg-info to /home/ionia/Desktop/dubal_ws/install/serial_reciver/lib/python3.8/site-packages/serial_reciver-0.0.0-py3.8.egg-info
[5.885s] running install_scripts
[5.931s] Installing serial_reciver_node script to /home/ionia/Desktop/dubal_ws/install/serial_reciver/lib/serial_reciver
[5.931s] writing list of installed files to '/home/ionia/Desktop/dubal_ws/build/serial_reciver/install.log'
[5.986s] Invoked command in '/home/ionia/Desktop/dubal_ws/src/serial_reciver' returned '0': PYTHONPATH=/home/ionia/Desktop/dubal_ws/build/serial_reciver/prefix_override:/usr/lib/python3/dist-packages/colcon_core/task/python/colcon_distutils_commands:/home/ionia/Desktop/dubal_ws/install/serial_reciver/lib/python3.8/site-packages:${PYTHONPATH} /usr/bin/python3 -W ignore:setup.py install is deprecated setup.py egg_info --egg-base ../../build/serial_reciver build --build-base /home/ionia/Desktop/dubal_ws/build/serial_reciver/build install --record /home/ionia/Desktop/dubal_ws/build/serial_reciver/install.log --install-scripts $base/lib/serial_reciver --single-version-externally-managed install_data
