[2.339s] Invoking command in '/home/ionia/Desktop/dubal_ws/src/odrive_controller': PYTHONPATH=/home/ionia/Desktop/dubal_ws/build/odrive_controller/prefix_override:/usr/lib/python3/dist-packages/colcon_core/task/python/colcon_distutils_commands:/home/ionia/Desktop/dubal_ws/install/odrive_controller/lib/python3.8/site-packages:${PYTHONPATH} /usr/bin/python3 -W ignore:setup.py install is deprecated setup.py egg_info --egg-base ../../build/odrive_controller build --build-base /home/ionia/Desktop/dubal_ws/build/odrive_controller/build install --record /home/ionia/Desktop/dubal_ws/build/odrive_controller/install.log --install-scripts $base/lib/odrive_controller --single-version-externally-managed install_data
[2.853s] running egg_info
[2.855s] writing ../../build/odrive_controller/odrive_controller.egg-info/PKG-INFO
[2.855s] writing dependency_links to ../../build/odrive_controller/odrive_controller.egg-info/dependency_links.txt
[2.856s] writing entry points to ../../build/odrive_controller/odrive_controller.egg-info/entry_points.txt
[2.856s] writing requirements to ../../build/odrive_controller/odrive_controller.egg-info/requires.txt
[2.856s] writing top-level names to ../../build/odrive_controller/odrive_controller.egg-info/top_level.txt
[2.938s] reading manifest file '../../build/odrive_controller/odrive_controller.egg-info/SOURCES.txt'
[2.940s] writing manifest file '../../build/odrive_controller/odrive_controller.egg-info/SOURCES.txt'
[2.940s] running build
[2.940s] running build_py
[2.940s] copying odrive_controller/odrive_controller.py -> /home/ionia/Desktop/dubal_ws/build/odrive_controller/build/lib/odrive_controller
[2.941s] running install
[2.943s] running install_lib
[2.945s] copying /home/ionia/Desktop/dubal_ws/build/odrive_controller/build/lib/odrive_controller/odrive_controller.py -> /home/ionia/Desktop/dubal_ws/install/odrive_controller/lib/python3.8/site-packages/odrive_controller
[2.946s] byte-compiling /home/ionia/Desktop/dubal_ws/install/odrive_controller/lib/python3.8/site-packages/odrive_controller/odrive_controller.py to odrive_controller.cpython-38.pyc
[2.951s] running install_data
[2.952s] running install_egg_info
[2.955s] removing '/home/ionia/Desktop/dubal_ws/install/odrive_controller/lib/python3.8/site-packages/odrive_controller-0.0.0-py3.8.egg-info' (and everything under it)
[2.956s] Copying ../../build/odrive_controller/odrive_controller.egg-info to /home/ionia/Desktop/dubal_ws/install/odrive_controller/lib/python3.8/site-packages/odrive_controller-0.0.0-py3.8.egg-info
[2.957s] running install_scripts
[2.994s] Installing odrive_controller script to /home/ionia/Desktop/dubal_ws/install/odrive_controller/lib/odrive_controller
[2.994s] Installing odrive_leg_controller script to /home/ionia/Desktop/dubal_ws/install/odrive_controller/lib/odrive_controller
[2.995s] writing list of installed files to '/home/ionia/Desktop/dubal_ws/build/odrive_controller/install.log'
[3.057s] Invoked command in '/home/ionia/Desktop/dubal_ws/src/odrive_controller' returned '0': PYTHONPATH=/home/ionia/Desktop/dubal_ws/build/odrive_controller/prefix_override:/usr/lib/python3/dist-packages/colcon_core/task/python/colcon_distutils_commands:/home/ionia/Desktop/dubal_ws/install/odrive_controller/lib/python3.8/site-packages:${PYTHONPATH} /usr/bin/python3 -W ignore:setup.py install is deprecated setup.py egg_info --egg-base ../../build/odrive_controller build --build-base /home/ionia/Desktop/dubal_ws/build/odrive_controller/build install --record /home/ionia/Desktop/dubal_ws/build/odrive_controller/install.log --install-scripts $base/lib/odrive_controller --single-version-externally-managed install_data
