-- Found ament_cmake: 0.9.12 (/opt/ros/foxy/share/ament_cmake/cmake)
-- Using PYTHON_EXECUTABLE: /usr/bin/python3
-- Found rclcpp: 2.4.3 (/opt/ros/foxy/share/rclcpp/cmake)
-- Using all available rosidl_typesupport_c: rosidl_typesupport_fastrtps_c;rosidl_typesupport_introspection_c
-- Found rosidl_adapter: 1.3.1 (/opt/ros/foxy/share/rosidl_adapter/cmake)
-- Using all available rosidl_typesupport_cpp: rosidl_typesupport_fastrtps_cpp;rosidl_typesupport_introspection_cpp
-- Found rmw_implementation_cmake: 1.0.4 (/opt/ros/foxy/share/rmw_implementation_cmake/cmake)
-- Using RMW implementation 'rmw_fastrtps_cpp' as default
-- Found sensor_msgs: 2.0.5 (/opt/ros/foxy/share/sensor_msgs/cmake)
-- Configuring done
-- Generating done
-- Build files have been written to: /home/ryung/Desktop/dubal_ws/build/controller
[100%] Built target controller_main
-- Install configuration: ""
-- Up-to-date: /home/ryung/Desktop/dubal_ws/install/controller/lib/controller/controller_main
-- Up-to-date: /home/ryung/Desktop/dubal_ws/install/controller/share/controller/
-- Installing: /home/ryung/Desktop/dubal_ws/install/controller/share/controller//dubal_no_eye.py
-- Up-to-date: /home/ryung/Desktop/dubal_ws/install/controller/share/controller//dubal_jjas_eye.py
-- Up-to-date: /home/ryung/Desktop/dubal_ws/install/controller/share/ament_index/resource_index/package_run_dependencies/controller
-- Installing: /home/ryung/Desktop/dubal_ws/install/controller/share/ament_index/resource_index/parent_prefix_path/controller
-- Installing: /home/ryung/Desktop/dubal_ws/install/controller/share/controller/environment/ament_prefix_path.sh
-- Installing: /home/ryung/Desktop/dubal_ws/install/controller/share/controller/environment/ament_prefix_path.dsv
-- Installing: /home/ryung/Desktop/dubal_ws/install/controller/share/controller/environment/path.sh
-- Installing: /home/ryung/Desktop/dubal_ws/install/controller/share/controller/environment/path.dsv
-- Up-to-date: /home/ryung/Desktop/dubal_ws/install/controller/share/controller/local_setup.bash
-- Up-to-date: /home/ryung/Desktop/dubal_ws/install/controller/share/controller/local_setup.sh
-- Up-to-date: /home/ryung/Desktop/dubal_ws/install/controller/share/controller/local_setup.zsh
-- Installing: /home/ryung/Desktop/dubal_ws/install/controller/share/controller/local_setup.dsv
-- Installing: /home/ryung/Desktop/dubal_ws/install/controller/share/controller/package.dsv
-- Up-to-date: /home/ryung/Desktop/dubal_ws/install/controller/share/ament_index/resource_index/packages/controller
-- Up-to-date: /home/ryung/Desktop/dubal_ws/install/controller/share/controller/cmake/controllerConfig.cmake
-- Up-to-date: /home/ryung/Desktop/dubal_ws/install/controller/share/controller/cmake/controllerConfig-version.cmake
-- Installing: /home/ryung/Desktop/dubal_ws/install/controller/share/controller/package.xml
