[0.425s] Invoking command in '/home/ryung/Desktop/dubal_ws/build/controller': CMAKE_PREFIX_PATH=${CMAKE_PREFIX_PATH}:/home/ryung/Desktop/dubal_ws/install/serial_reciver:/home/ryung/Desktop/dubal_ws/install/odrive_controller:/home/ryung/Desktop/dubal_ws/install/dubal_eye_AND_web:/opt/ros/foxy /usr/bin/cmake --build /home/ryung/Desktop/dubal_ws/build/controller -- -j16 -l16
[0.858s] -- Found ament_cmake: 0.9.12 (/opt/ros/foxy/share/ament_cmake/cmake)
[0.858s] -- Using PYTHON_EXECUTABLE: /usr/bin/python3
[0.858s] -- Found rclcpp: 2.4.3 (/opt/ros/foxy/share/rclcpp/cmake)
[0.858s] -- Using all available rosidl_typesupport_c: rosidl_typesupport_fastrtps_c;rosidl_typesupport_introspection_c
[0.858s] -- Found rosidl_adapter: 1.3.1 (/opt/ros/foxy/share/rosidl_adapter/cmake)
[0.858s] -- Using all available rosidl_typesupport_cpp: rosidl_typesupport_fastrtps_cpp;rosidl_typesupport_introspection_cpp
[0.858s] -- Found rmw_implementation_cmake: 1.0.4 (/opt/ros/foxy/share/rmw_implementation_cmake/cmake)
[0.858s] -- Using RMW implementation 'rmw_fastrtps_cpp' as default
[0.858s] -- Found sensor_msgs: 2.0.5 (/opt/ros/foxy/share/sensor_msgs/cmake)
[0.858s] -- Configuring done
[0.858s] -- Generating done
[0.858s] -- Build files have been written to: /home/ryung/Desktop/dubal_ws/build/controller
[0.875s] [100%] Built target controller_main
[1.083s] Invoked command in '/home/ryung/Desktop/dubal_ws/build/controller' returned '0': CMAKE_PREFIX_PATH=${CMAKE_PREFIX_PATH}:/home/ryung/Desktop/dubal_ws/install/serial_reciver:/home/ryung/Desktop/dubal_ws/install/odrive_controller:/home/ryung/Desktop/dubal_ws/install/dubal_eye_AND_web:/opt/ros/foxy /usr/bin/cmake --build /home/ryung/Desktop/dubal_ws/build/controller -- -j16 -l16
[1.103s] Invoking command in '/home/ryung/Desktop/dubal_ws/build/controller': CMAKE_PREFIX_PATH=${CMAKE_PREFIX_PATH}:/home/ryung/Desktop/dubal_ws/install/serial_reciver:/home/ryung/Desktop/dubal_ws/install/odrive_controller:/home/ryung/Desktop/dubal_ws/install/dubal_eye_AND_web:/opt/ros/foxy /usr/bin/cmake --install /home/ryung/Desktop/dubal_ws/build/controller
[1.108s] -- Install configuration: ""
[1.108s] -- Up-to-date: /home/ryung/Desktop/dubal_ws/install/controller/lib/controller/controller_main
[1.108s] -- Up-to-date: /home/ryung/Desktop/dubal_ws/install/controller/share/controller/
[1.108s] -- Installing: /home/ryung/Desktop/dubal_ws/install/controller/share/controller//dubal_no_eye.py
[1.108s] -- Up-to-date: /home/ryung/Desktop/dubal_ws/install/controller/share/controller//dubal_jjas_eye.py
[1.108s] -- Up-to-date: /home/ryung/Desktop/dubal_ws/install/controller/share/ament_index/resource_index/package_run_dependencies/controller
[1.108s] -- Installing: /home/ryung/Desktop/dubal_ws/install/controller/share/ament_index/resource_index/parent_prefix_path/controller
[1.108s] -- Installing: /home/ryung/Desktop/dubal_ws/install/controller/share/controller/environment/ament_prefix_path.sh
[1.108s] -- Installing: /home/ryung/Desktop/dubal_ws/install/controller/share/controller/environment/ament_prefix_path.dsv
[1.108s] -- Installing: /home/ryung/Desktop/dubal_ws/install/controller/share/controller/environment/path.sh
[1.108s] -- Installing: /home/ryung/Desktop/dubal_ws/install/controller/share/controller/environment/path.dsv
[1.109s] -- Up-to-date: /home/ryung/Desktop/dubal_ws/install/controller/share/controller/local_setup.bash
[1.109s] -- Up-to-date: /home/ryung/Desktop/dubal_ws/install/controller/share/controller/local_setup.sh
[1.109s] -- Up-to-date: /home/ryung/Desktop/dubal_ws/install/controller/share/controller/local_setup.zsh
[1.109s] -- Installing: /home/ryung/Desktop/dubal_ws/install/controller/share/controller/local_setup.dsv
[1.109s] -- Installing: /home/ryung/Desktop/dubal_ws/install/controller/share/controller/package.dsv
[1.109s] -- Up-to-date: /home/ryung/Desktop/dubal_ws/install/controller/share/ament_index/resource_index/packages/controller
[1.109s] -- Up-to-date: /home/ryung/Desktop/dubal_ws/install/controller/share/controller/cmake/controllerConfig.cmake
[1.109s] -- Up-to-date: /home/ryung/Desktop/dubal_ws/install/controller/share/controller/cmake/controllerConfig-version.cmake
[1.109s] -- Installing: /home/ryung/Desktop/dubal_ws/install/controller/share/controller/package.xml
[1.110s] Invoked command in '/home/ryung/Desktop/dubal_ws/build/controller' returned '0': CMAKE_PREFIX_PATH=${CMAKE_PREFIX_PATH}:/home/ryung/Desktop/dubal_ws/install/serial_reciver:/home/ryung/Desktop/dubal_ws/install/odrive_controller:/home/ryung/Desktop/dubal_ws/install/dubal_eye_AND_web:/opt/ros/foxy /usr/bin/cmake --install /home/ryung/Desktop/dubal_ws/build/controller
