[0.417s] Invoking command in '/home/ryung/Desktop/dubal_ws/build/controller': CMAKE_PREFIX_PATH=/home/ryung/Desktop/dubal_ws/install/serial_reciver:/home/ryung/Desktop/dubal_ws/install/odrive_controller:/home/ryung/Desktop/dubal_ws/install/dubal_eye_AND_web:/home/ryung/Desktop/dubal_ws/install/controller:/opt/ros/foxy /usr/bin/cmake /home/ryung/Desktop/dubal_ws/src/controller -DCMAKE_INSTALL_PREFIX=/home/ryung/Desktop/dubal_ws/install/controller
[1.075s] -- The C compiler identification is GNU 9.4.0
[1.076s] -- The CXX compiler identification is GNU 9.4.0
[1.076s] -- Check for working C compiler: /usr/bin/cc
[1.077s] -- Check for working C compiler: /usr/bin/cc -- works
[1.077s] -- Detecting C compiler ABI info
[1.077s] -- Detecting C compiler ABI info - done
[1.077s] -- Detecting C compile features
[1.078s] -- Detecting C compile features - done
[1.079s] -- Check for working CXX compiler: /usr/bin/c++
[1.079s] -- Check for working CXX compiler: /usr/bin/c++ -- works
[1.079s] -- Detecting CXX compiler ABI info
[1.079s] -- Detecting CXX compiler ABI info - done
[1.080s] -- Detecting CXX compile features
[1.080s] -- Detecting CXX compile features - done
[1.080s] -- Found ament_cmake: 0.9.12 (/opt/ros/foxy/share/ament_cmake/cmake)
[1.081s] -- Found PythonInterp: /usr/bin/python3 (found suitable version "3.8.10", minimum required is "3") 
[1.081s] -- Using PYTHON_EXECUTABLE: /usr/bin/python3
[1.082s] -- Found rclcpp: 2.4.3 (/opt/ros/foxy/share/rclcpp/cmake)
[1.082s] -- Using all available rosidl_typesupport_c: rosidl_typesupport_fastrtps_c;rosidl_typesupport_introspection_c
[1.082s] -- Found rosidl_adapter: 1.3.1 (/opt/ros/foxy/share/rosidl_adapter/cmake)
[1.082s] -- Found OpenSSL: /usr/lib/x86_64-linux-gnu/libcrypto.so (found version "1.1.1f")  
[1.082s] -- Found FastRTPS: /opt/ros/foxy/include  
[1.084s] -- Using all available rosidl_typesupport_cpp: rosidl_typesupport_fastrtps_cpp;rosidl_typesupport_introspection_cpp
[1.084s] -- Found rmw_implementation_cmake: 1.0.4 (/opt/ros/foxy/share/rmw_implementation_cmake/cmake)
[1.084s] -- Using RMW implementation 'rmw_fastrtps_cpp' as default
[1.084s] -- Looking for pthread.h
[1.084s] -- Looking for pthread.h - found
[1.084s] -- Performing Test CMAKE_HAVE_LIBC_PTHREAD
[1.085s] -- Performing Test CMAKE_HAVE_LIBC_PTHREAD - Failed
[1.085s] -- Looking for pthread_create in pthreads
[1.085s] -- Looking for pthread_create in pthreads - not found
[1.085s] -- Looking for pthread_create in pthread
[1.096s] -- Looking for pthread_create in pthread - found
[1.097s] -- Found Threads: TRUE  
[1.191s] -- Found sensor_msgs: 2.0.5 (/opt/ros/foxy/share/sensor_msgs/cmake)
[1.301s] -- Configuring done
[1.308s] -- Generating done
[1.310s] -- Build files have been written to: /home/ryung/Desktop/dubal_ws/build/controller
[1.318s] Invoked command in '/home/ryung/Desktop/dubal_ws/build/controller' returned '0': CMAKE_PREFIX_PATH=/home/ryung/Desktop/dubal_ws/install/serial_reciver:/home/ryung/Desktop/dubal_ws/install/odrive_controller:/home/ryung/Desktop/dubal_ws/install/dubal_eye_AND_web:/home/ryung/Desktop/dubal_ws/install/controller:/opt/ros/foxy /usr/bin/cmake /home/ryung/Desktop/dubal_ws/src/controller -DCMAKE_INSTALL_PREFIX=/home/ryung/Desktop/dubal_ws/install/controller
[1.319s] Invoking command in '/home/ryung/Desktop/dubal_ws/build/controller': CMAKE_PREFIX_PATH=/home/ryung/Desktop/dubal_ws/install/serial_reciver:/home/ryung/Desktop/dubal_ws/install/odrive_controller:/home/ryung/Desktop/dubal_ws/install/dubal_eye_AND_web:/home/ryung/Desktop/dubal_ws/install/controller:/opt/ros/foxy /usr/bin/cmake --build /home/ryung/Desktop/dubal_ws/build/controller -- -j16 -l16
[1.342s] [35m[1mScanning dependencies of target controller_main[0m
[1.362s] [ 50%] [32mBuilding CXX object CMakeFiles/controller_main.dir/src/controller_main.cpp.o[0m
[4.050s] [100%] [32m[1mLinking CXX executable controller_main[0m
[4.179s] [100%] Built target controller_main
