[0.046s] Invoking command in '/home/ionia/Desktop/dubal_ws/build/controller': CMAKE_PREFIX_PATH=${CMAKE_PREFIX_PATH}:/home/ionia/Desktop/dubal_ws/install/serial_reciver:/home/ionia/Desktop/dubal_ws/install/odrive_controller:/home/ionia/Desktop/dubal_ws/install/dubal_eye_AND_web:/opt/ros/foxy /usr/bin/cmake --build /home/ionia/Desktop/dubal_ws/build/controller -- -j4 -l4
[1.060s] CMake Error at CMakeLists.txt:9 (find_package):
[1.060s]   By not providing "Findcatkin.cmake" in CMAKE_MODULE_PATH this project has
[1.061s]   asked CMake to find a package configuration file provided by "catkin", but
[1.062s]   CMake did not find one.
[1.062s] 
[1.064s]   Could not find a package configuration file provided by "catkin" with any
[1.064s]   of the following names:
[1.066s] 
[1.067s]     catkinConfig.cmake
[1.068s]     catkin-config.cmake
[1.068s] 
[1.069s]   Add the installation prefix of "catkin" to CMAKE_PREFIX_PATH or set
[1.071s]   "catkin_DIR" to a directory containing one of the above files.  If "catkin"
[1.072s]   provides a separate development package or SDK, be sure it has been
[1.074s]   installed.
[1.074s] 
[1.075s] 
[1.075s] make: *** [Makefile:266: cmake_check_build_system] Error 1
[1.077s] -- Found ament_cmake: 0.9.12 (/opt/ros/foxy/share/ament_cmake/cmake)
[1.079s] -- Using PYTHON_EXECUTABLE: /usr/bin/python3
[1.080s] -- Found rclcpp: 2.4.3 (/opt/ros/foxy/share/rclcpp/cmake)
[1.080s] -- Using all available rosidl_typesupport_c: rosidl_typesupport_fastrtps_c;rosidl_typesupport_introspection_c
[1.080s] -- Found rosidl_adapter: 1.3.1 (/opt/ros/foxy/share/rosidl_adapter/cmake)
[1.080s] -- Using all available rosidl_typesupport_cpp: rosidl_typesupport_fastrtps_cpp;rosidl_typesupport_introspection_cpp
[1.080s] -- Found rmw_implementation_cmake: 1.0.4 (/opt/ros/foxy/share/rmw_implementation_cmake/cmake)
[1.081s] -- Using RMW implementation 'rmw_fastrtps_cpp' as default
[1.081s] -- Found sensor_msgs: 2.0.5 (/opt/ros/foxy/share/sensor_msgs/cmake)
[1.081s] -- Configuring incomplete, errors occurred!
[1.081s] See also "/home/ionia/Desktop/dubal_ws/build/controller/CMakeFiles/CMakeOutput.log".
[1.081s] See also "/home/ionia/Desktop/dubal_ws/build/controller/CMakeFiles/CMakeError.log".
[1.082s] Invoked command in '/home/ionia/Desktop/dubal_ws/build/controller' returned '2': CMAKE_PREFIX_PATH=${CMAKE_PREFIX_PATH}:/home/ionia/Desktop/dubal_ws/install/serial_reciver:/home/ionia/Desktop/dubal_ws/install/odrive_controller:/home/ionia/Desktop/dubal_ws/install/dubal_eye_AND_web:/opt/ros/foxy /usr/bin/cmake --build /home/ionia/Desktop/dubal_ws/build/controller -- -j4 -l4
