[100%] Built target controller_main
make: Warning: File 'Makefile' has modification time 24376131 s in the future
make[1]: Warning: File 'CMakeFiles/Makefile2' has modification time 24376131 s in the future
make[2]: Warning: File 'CMakeFiles/controller_main.dir/flags.make' has modification time 24347885 s in the future
make[2]: warning:  Clock skew detected.  Your build may be incomplete.
make[2]: Warning: File 'CMakeFiles/controller_main.dir/flags.make' has modification time 24347885 s in the future
make[2]: warning:  Clock skew detected.  Your build may be incomplete.
make[1]: warning:  Clock skew detected.  Your build may be incomplete.
make: warning:  Clock skew detected.  Your build may be incomplete.
-- Install configuration: ""
-- Up-to-date: /home/ionia/Desktop/dubal_ws/install/controller/lib/controller/controller_main
-- Up-to-date: /home/ionia/Desktop/dubal_ws/install/controller/share/controller/
-- Up-to-date: /home/ionia/Desktop/dubal_ws/install/controller/share/controller//dubal_jjas_eye.py
-- Up-to-date: /home/ionia/Desktop/dubal_ws/install/controller/share/controller//dubal_no_eye.py
-- Up-to-date: /home/ionia/Desktop/dubal_ws/install/controller/share/ament_index/resource_index/package_run_dependencies/controller
-- Up-to-date: /home/ionia/Desktop/dubal_ws/install/controller/share/ament_index/resource_index/parent_prefix_path/controller
-- Up-to-date: /home/ionia/Desktop/dubal_ws/install/controller/share/controller/environment/ament_prefix_path.sh
-- Up-to-date: /home/ionia/Desktop/dubal_ws/install/controller/share/controller/environment/ament_prefix_path.dsv
-- Up-to-date: /home/ionia/Desktop/dubal_ws/install/controller/share/controller/environment/path.sh
-- Up-to-date: /home/ionia/Desktop/dubal_ws/install/controller/share/controller/environment/path.dsv
-- Up-to-date: /home/ionia/Desktop/dubal_ws/install/controller/share/controller/local_setup.bash
-- Up-to-date: /home/ionia/Desktop/dubal_ws/install/controller/share/controller/local_setup.sh
-- Up-to-date: /home/ionia/Desktop/dubal_ws/install/controller/share/controller/local_setup.zsh
-- Up-to-date: /home/ionia/Desktop/dubal_ws/install/controller/share/controller/local_setup.dsv
-- Installing: /home/ionia/Desktop/dubal_ws/install/controller/share/controller/package.dsv
-- Up-to-date: /home/ionia/Desktop/dubal_ws/install/controller/share/ament_index/resource_index/packages/controller
-- Up-to-date: /home/ionia/Desktop/dubal_ws/install/controller/share/controller/cmake/controllerConfig.cmake
-- Up-to-date: /home/ionia/Desktop/dubal_ws/install/controller/share/controller/cmake/controllerConfig-version.cmake
-- Up-to-date: /home/ionia/Desktop/dubal_ws/install/controller/share/controller/package.xml
