[1.105s] Invoking command in '/home/ryung/Desktop/dubal_ws/src/odrive_controller': PYTHONPATH=/home/ryung/Desktop/dubal_ws/build/odrive_controller/prefix_override:/home/ryung/Desktop/dubal_ws/install/odrive_controller/lib/python3.8/site-packages:${PYTHONPATH} /usr/bin/python3 setup.py egg_info --egg-base ../../build/odrive_controller build --build-base /home/ryung/Desktop/dubal_ws/build/odrive_controller/build install --record /home/ryung/Desktop/dubal_ws/build/odrive_controller/install.log --install-scripts $base/lib/odrive_controller --single-version-externally-managed
[1.222s] running egg_info
[1.222s] creating ../../build/odrive_controller/odrive_controller.egg-info
[1.222s] writing ../../build/odrive_controller/odrive_controller.egg-info/PKG-INFO
[1.222s] writing dependency_links to ../../build/odrive_controller/odrive_controller.egg-info/dependency_links.txt
[1.222s] writing entry points to ../../build/odrive_controller/odrive_controller.egg-info/entry_points.txt
[1.222s] writing requirements to ../../build/odrive_controller/odrive_controller.egg-info/requires.txt
[1.222s] writing top-level names to ../../build/odrive_controller/odrive_controller.egg-info/top_level.txt
[1.223s] writing manifest file '../../build/odrive_controller/odrive_controller.egg-info/SOURCES.txt'
[1.240s] reading manifest file '../../build/odrive_controller/odrive_controller.egg-info/SOURCES.txt'
[1.240s] writing manifest file '../../build/odrive_controller/odrive_controller.egg-info/SOURCES.txt'
[1.241s] running build
[1.241s] running build_py
[1.241s] creating /home/ryung/Desktop/dubal_ws/build/odrive_controller/build
[1.241s] creating /home/ryung/Desktop/dubal_ws/build/odrive_controller/build/lib
[1.241s] creating /home/ryung/Desktop/dubal_ws/build/odrive_controller/build/lib/odrive_controller
[1.241s] copying odrive_controller/__init__.py -> /home/ryung/Desktop/dubal_ws/build/odrive_controller/build/lib/odrive_controller
[1.241s] copying odrive_controller/odrive_controller.py -> /home/ryung/Desktop/dubal_ws/build/odrive_controller/build/lib/odrive_controller
[1.241s] running install
[1.241s] running install_lib
[1.242s] creating /home/ryung/Desktop/dubal_ws/install/odrive_controller/lib/python3.8/site-packages/odrive_controller
[1.242s] copying /home/ryung/Desktop/dubal_ws/build/odrive_controller/build/lib/odrive_controller/__init__.py -> /home/ryung/Desktop/dubal_ws/install/odrive_controller/lib/python3.8/site-packages/odrive_controller
[1.242s] copying /home/ryung/Desktop/dubal_ws/build/odrive_controller/build/lib/odrive_controller/odrive_controller.py -> /home/ryung/Desktop/dubal_ws/install/odrive_controller/lib/python3.8/site-packages/odrive_controller
[1.242s] byte-compiling /home/ryung/Desktop/dubal_ws/install/odrive_controller/lib/python3.8/site-packages/odrive_controller/__init__.py to __init__.cpython-38.pyc
[1.243s] byte-compiling /home/ryung/Desktop/dubal_ws/install/odrive_controller/lib/python3.8/site-packages/odrive_controller/odrive_controller.py to odrive_controller.cpython-38.pyc
[1.243s] running install_data
[1.243s] creating /home/ryung/Desktop/dubal_ws/install/odrive_controller/share/ament_index
[1.243s] creating /home/ryung/Desktop/dubal_ws/install/odrive_controller/share/ament_index/resource_index
[1.243s] creating /home/ryung/Desktop/dubal_ws/install/odrive_controller/share/ament_index/resource_index/packages
[1.243s] copying resource/odrive_controller -> /home/ryung/Desktop/dubal_ws/install/odrive_controller/share/ament_index/resource_index/packages
[1.243s] copying package.xml -> /home/ryung/Desktop/dubal_ws/install/odrive_controller/share/odrive_controller
[1.243s] running install_egg_info
[1.244s] Copying ../../build/odrive_controller/odrive_controller.egg-info to /home/ryung/Desktop/dubal_ws/install/odrive_controller/lib/python3.8/site-packages/odrive_controller-0.0.0-py3.8.egg-info
[1.244s] running install_scripts
[1.255s] Installing odrive_controller script to /home/ryung/Desktop/dubal_ws/install/odrive_controller/lib/odrive_controller
[1.255s] writing list of installed files to '/home/ryung/Desktop/dubal_ws/build/odrive_controller/install.log'
[1.268s] Invoked command in '/home/ryung/Desktop/dubal_ws/src/odrive_controller' returned '0': PYTHONPATH=/home/ryung/Desktop/dubal_ws/build/odrive_controller/prefix_override:/home/ryung/Desktop/dubal_ws/install/odrive_controller/lib/python3.8/site-packages:${PYTHONPATH} /usr/bin/python3 setup.py egg_info --egg-base ../../build/odrive_controller build --build-base /home/ryung/Desktop/dubal_ws/build/odrive_controller/build install --record /home/ryung/Desktop/dubal_ws/build/odrive_controller/install.log --install-scripts $base/lib/odrive_controller --single-version-externally-managed
