[1.522s] Invoking command in '/home/ionia/Desktop/dubal_ws/src/serial_reciver': PYTHONPATH=/home/ionia/Desktop/dubal_ws/build/serial_reciver/prefix_override:/usr/lib/python3/dist-packages/colcon_core/task/python/colcon_distutils_commands:/home/ionia/Desktop/dubal_ws/install/serial_reciver/lib/python3.8/site-packages:${PYTHONPATH} /usr/bin/python3 -W ignore:setup.py install is deprecated setup.py egg_info --egg-base ../../build/serial_reciver build --build-base /home/ionia/Desktop/dubal_ws/build/serial_reciver/build install --record /home/ionia/Desktop/dubal_ws/build/serial_reciver/install.log --install-scripts $base/lib/serial_reciver --single-version-externally-managed install_data
[1.768s] running egg_info
[1.769s] writing ../../build/serial_reciver/serial_reciver.egg-info/PKG-INFO
[1.777s] writing dependency_links to ../../build/serial_reciver/serial_reciver.egg-info/dependency_links.txt
[1.777s] writing entry points to ../../build/serial_reciver/serial_reciver.egg-info/entry_points.txt
[1.778s] writing requirements to ../../build/serial_reciver/serial_reciver.egg-info/requires.txt
[1.778s] writing top-level names to ../../build/serial_reciver/serial_reciver.egg-info/top_level.txt
[1.824s] reading manifest file '../../build/serial_reciver/serial_reciver.egg-info/SOURCES.txt'
[1.825s] writing manifest file '../../build/serial_reciver/serial_reciver.egg-info/SOURCES.txt'
[1.825s] running build
[1.825s] running build_py
[1.826s] running install
[1.827s] running install_lib
[1.828s] running install_data
[1.829s] running install_egg_info
[1.831s] removing '/home/ionia/Desktop/dubal_ws/install/serial_reciver/lib/python3.8/site-packages/serial_reciver-0.0.0-py3.8.egg-info' (and everything under it)
[1.831s] Copying ../../build/serial_reciver/serial_reciver.egg-info to /home/ionia/Desktop/dubal_ws/install/serial_reciver/lib/python3.8/site-packages/serial_reciver-0.0.0-py3.8.egg-info
[1.832s] running install_scripts
[1.851s] Installing serial_reciver_node script to /home/ionia/Desktop/dubal_ws/install/serial_reciver/lib/serial_reciver
[1.852s] writing list of installed files to '/home/ionia/Desktop/dubal_ws/build/serial_reciver/install.log'
[1.878s] Invoked command in '/home/ionia/Desktop/dubal_ws/src/serial_reciver' returned '0': PYTHONPATH=/home/ionia/Desktop/dubal_ws/build/serial_reciver/prefix_override:/usr/lib/python3/dist-packages/colcon_core/task/python/colcon_distutils_commands:/home/ionia/Desktop/dubal_ws/install/serial_reciver/lib/python3.8/site-packages:${PYTHONPATH} /usr/bin/python3 -W ignore:setup.py install is deprecated setup.py egg_info --egg-base ../../build/serial_reciver build --build-base /home/ionia/Desktop/dubal_ws/build/serial_reciver/build install --record /home/ionia/Desktop/dubal_ws/build/serial_reciver/install.log --install-scripts $base/lib/serial_reciver --single-version-externally-managed install_data
