running egg_info
creating ../../build/dubal_eye_AND_web/dubal_eye_AND_web.egg-info
writing ../../build/dubal_eye_AND_web/dubal_eye_AND_web.egg-info/PKG-INFO
writing dependency_links to ../../build/dubal_eye_AND_web/dubal_eye_AND_web.egg-info/dependency_links.txt
writing entry points to ../../build/dubal_eye_AND_web/dubal_eye_AND_web.egg-info/entry_points.txt
writing requirements to ../../build/dubal_eye_AND_web/dubal_eye_AND_web.egg-info/requires.txt
writing top-level names to ../../build/dubal_eye_AND_web/dubal_eye_AND_web.egg-info/top_level.txt
writing manifest file '../../build/dubal_eye_AND_web/dubal_eye_AND_web.egg-info/SOURCES.txt'
reading manifest file '../../build/dubal_eye_AND_web/dubal_eye_AND_web.egg-info/SOURCES.txt'
writing manifest file '../../build/dubal_eye_AND_web/dubal_eye_AND_web.egg-info/SOURCES.txt'
running build
running build_py
creating /home/ryung/Desktop/dubal_ws/build/dubal_eye_AND_web/build
creating /home/ryung/Desktop/dubal_ws/build/dubal_eye_AND_web/build/lib
creating /home/ryung/Desktop/dubal_ws/build/dubal_eye_AND_web/build/lib/dubal_eye_AND_web
copying dubal_eye_AND_web/__init__.py -> /home/ryung/Desktop/dubal_ws/build/dubal_eye_AND_web/build/lib/dubal_eye_AND_web
copying dubal_eye_AND_web/main.py -> /home/ryung/Desktop/dubal_ws/build/dubal_eye_AND_web/build/lib/dubal_eye_AND_web
running install
running install_lib
creating /home/ryung/Desktop/dubal_ws/install/dubal_eye_AND_web/lib/python3.8/site-packages/dubal_eye_AND_web
copying /home/ryung/Desktop/dubal_ws/build/dubal_eye_AND_web/build/lib/dubal_eye_AND_web/__init__.py -> /home/ryung/Desktop/dubal_ws/install/dubal_eye_AND_web/lib/python3.8/site-packages/dubal_eye_AND_web
copying /home/ryung/Desktop/dubal_ws/build/dubal_eye_AND_web/build/lib/dubal_eye_AND_web/main.py -> /home/ryung/Desktop/dubal_ws/install/dubal_eye_AND_web/lib/python3.8/site-packages/dubal_eye_AND_web
byte-compiling /home/ryung/Desktop/dubal_ws/install/dubal_eye_AND_web/lib/python3.8/site-packages/dubal_eye_AND_web/__init__.py to __init__.cpython-38.pyc
byte-compiling /home/ryung/Desktop/dubal_ws/install/dubal_eye_AND_web/lib/python3.8/site-packages/dubal_eye_AND_web/main.py to main.cpython-38.pyc
running install_data
creating /home/ryung/Desktop/dubal_ws/install/dubal_eye_AND_web/share/ament_index
creating /home/ryung/Desktop/dubal_ws/install/dubal_eye_AND_web/share/ament_index/resource_index
creating /home/ryung/Desktop/dubal_ws/install/dubal_eye_AND_web/share/ament_index/resource_index/packages
copying resource/dubal_eye_AND_web -> /home/ryung/Desktop/dubal_ws/install/dubal_eye_AND_web/share/ament_index/resource_index/packages
copying package.xml -> /home/ryung/Desktop/dubal_ws/install/dubal_eye_AND_web/share/dubal_eye_AND_web
running install_egg_info
Copying ../../build/dubal_eye_AND_web/dubal_eye_AND_web.egg-info to /home/ryung/Desktop/dubal_ws/install/dubal_eye_AND_web/lib/python3.8/site-packages/dubal_eye_AND_web-0.0.0-py3.8.egg-info
running install_scripts
Installing sensor_subscriber script to /home/ryung/Desktop/dubal_ws/install/dubal_eye_AND_web/lib/dubal_eye_AND_web
writing list of installed files to '/home/ryung/Desktop/dubal_ws/build/dubal_eye_AND_web/install.log'
